[ 2016-08-14T09:31:21+08:00 ] 127.0.0.1 /index.php/Home/Index/style/base.css
ERR: 非法操作:style

[ 2016-08-14T09:31:21+08:00 ] 127.0.0.1 /index.php/Home/Index/js/jquery-1.8.3.min.js
ERR: 非法操作:js

[ 2016-08-14T09:31:21+08:00 ] 127.0.0.1 /index.php/Home/Index/style/header.css
ERR: 非法操作:style

[ 2016-08-14T09:31:21+08:00 ] 127.0.0.1 /index.php/Home/Index/style/footer.css
ERR: 非法操作:style

[ 2016-08-14T09:31:21+08:00 ] 127.0.0.1 /index.php/Home/Index/style/global.css
ERR: 非法操作:style

[ 2016-08-14T09:31:21+08:00 ] 127.0.0.1 /index.php/Home/Index/style/index.css
ERR: 非法操作:style

[ 2016-08-14T09:31:21+08:00 ] 127.0.0.1 /index.php/Home/Index/style/bottomnav.css
ERR: 非法操作:style

[ 2016-08-14T09:31:21+08:00 ] 127.0.0.1 /index.php/Home/Index/js/header.js
ERR: 非法操作:js

[ 2016-08-14T09:31:21+08:00 ] 127.0.0.1 /index.php/Home/Index/js/index.js
ERR: 非法操作:js

[ 2016-08-14T09:35:53+08:00 ] 127.0.0.1 /index.php/Home/Index/style/global.css
ERR: 非法操作:style

[ 2016-08-14T09:35:53+08:00 ] 127.0.0.1 /index.php/Home/Index/style/footer.css
ERR: 非法操作:style

[ 2016-08-14T09:35:53+08:00 ] 127.0.0.1 /index.php/Home/Index/js/header.js
ERR: 非法操作:js

[ 2016-08-14T09:35:53+08:00 ] 127.0.0.1 /index.php/Home/Index/js/jquery-1.8.3.min.js
ERR: 非法操作:js

[ 2016-08-14T09:35:53+08:00 ] 127.0.0.1 /index.php/Home/Index/style/bottomnav.css
ERR: 非法操作:style

[ 2016-08-14T09:35:53+08:00 ] 127.0.0.1 /index.php/Home/Index/style/index.css
ERR: 非法操作:style

[ 2016-08-14T09:35:53+08:00 ] 127.0.0.1 /index.php/Home/Index/js/index.js
ERR: 非法操作:js

[ 2016-08-14T09:35:53+08:00 ] 127.0.0.1 /index.php/Home/Index/style/header.css
ERR: 非法操作:style

[ 2016-08-14T09:35:53+08:00 ] 127.0.0.1 /index.php/Home/Index/js/header.js
ERR: 非法操作:js

[ 2016-08-14T09:35:54+08:00 ] 127.0.0.1 /index.php/Home/Index/js/index.js
ERR: 非法操作:js

[ 2016-08-14T09:36:10+08:00 ] 127.0.0.1 /index.php/Home/Index/style/global.css
ERR: 非法操作:style

[ 2016-08-14T09:36:10+08:00 ] 127.0.0.1 /index.php/Home/Index/style/bottomnav.css
ERR: 非法操作:style

[ 2016-08-14T09:36:10+08:00 ] 127.0.0.1 /index.php/Home/Index/style/index.css
ERR: 非法操作:style

[ 2016-08-14T09:36:10+08:00 ] 127.0.0.1 /index.php/Home/Index/style/footer.css
ERR: 非法操作:style

[ 2016-08-14T09:36:10+08:00 ] 127.0.0.1 /index.php/Home/Index/js/jquery-1.8.3.min.js
ERR: 非法操作:js

[ 2016-08-14T09:36:10+08:00 ] 127.0.0.1 /index.php/Home/Index/js/index.js
ERR: 非法操作:js

[ 2016-08-14T09:36:10+08:00 ] 127.0.0.1 /index.php/Home/Index/js/header.js
ERR: 非法操作:js

[ 2016-08-14T09:36:10+08:00 ] 127.0.0.1 /index.php/Home/Index/style/header.css
ERR: 非法操作:style

[ 2016-08-14T09:36:11+08:00 ] 127.0.0.1 /index.php/Home/Index/js/header.js
ERR: 非法操作:js

[ 2016-08-14T09:36:11+08:00 ] 127.0.0.1 /index.php/Home/Index/js/index.js
ERR: 非法操作:js

[ 2016-08-14T09:46:21+08:00 ] 127.0.0.1 /index.php/Home/Index/base.css
ERR: 非法操作:base.css

[ 2016-08-14T09:46:21+08:00 ] 127.0.0.1 /index.php/Home/Index/index.css
ERR: 非法操作:index.css

[ 2016-08-14T09:46:21+08:00 ] 127.0.0.1 /index.php/Home/Index/bottomnav.css
ERR: 非法操作:bottomnav.css

[ 2016-08-14T09:46:21+08:00 ] 127.0.0.1 /index.php/Home/Index/global.css
ERR: 非法操作:global.css

[ 2016-08-14T09:46:21+08:00 ] 127.0.0.1 /index.php/Home/Index/header.js
ERR: 非法操作:header.js

[ 2016-08-14T09:46:21+08:00 ] 127.0.0.1 /index.php/Home/Index/footer.css
ERR: 非法操作:footer.css

[ 2016-08-14T09:46:21+08:00 ] 127.0.0.1 /index.php/Home/Index/header.css
ERR: 非法操作:header.css

[ 2016-08-14T09:46:21+08:00 ] 127.0.0.1 /index.php/Home/Index/index.js
ERR: 非法操作:index.js

[ 2016-08-14T09:46:21+08:00 ] 127.0.0.1 /index.php/Home/Index/jquery-1.8.3.min.js
ERR: 非法操作:jquery-1.8.3.min.js

[ 2016-08-14T09:46:21+08:00 ] 127.0.0.1 /index.php/Home/Index/header.js
ERR: 非法操作:header.js

[ 2016-08-14T09:46:21+08:00 ] 127.0.0.1 /index.php/Home/Index/index.js
ERR: 非法操作:index.js

[ 2016-08-14T09:46:28+08:00 ] 127.0.0.1 /index.php/Home/Index/global.css
ERR: 非法操作:global.css

[ 2016-08-14T09:46:28+08:00 ] 127.0.0.1 /index.php/Home/Index/index.css
ERR: 非法操作:index.css

[ 2016-08-14T09:46:28+08:00 ] 127.0.0.1 /index.php/Home/Index/base.css
ERR: 非法操作:base.css

[ 2016-08-14T09:46:28+08:00 ] 127.0.0.1 /index.php/Home/Index/footer.css
ERR: 非法操作:footer.css

[ 2016-08-14T09:46:28+08:00 ] 127.0.0.1 /index.php/Home/Index/header.css
ERR: 非法操作:header.css

[ 2016-08-14T09:46:28+08:00 ] 127.0.0.1 /index.php/Home/Index/jquery-1.8.3.min.js
ERR: 非法操作:jquery-1.8.3.min.js

[ 2016-08-14T09:46:28+08:00 ] 127.0.0.1 /index.php/Home/Index/bottomnav.css
ERR: 非法操作:bottomnav.css

[ 2016-08-14T09:46:28+08:00 ] 127.0.0.1 /index.php/Home/Index/header.js
ERR: 非法操作:header.js

[ 2016-08-14T09:46:28+08:00 ] 127.0.0.1 /index.php/Home/Index/index.js
ERR: 非法操作:index.js

[ 2016-08-14T09:46:35+08:00 ] 127.0.0.1 /index.php/Home/Index/base.css
ERR: 非法操作:base.css

[ 2016-08-14T09:46:35+08:00 ] 127.0.0.1 /index.php/Home/Index/global.css
ERR: 非法操作:global.css

[ 2016-08-14T09:46:35+08:00 ] 127.0.0.1 /index.php/Home/Index/footer.css
ERR: 非法操作:footer.css

[ 2016-08-14T09:46:35+08:00 ] 127.0.0.1 /index.php/Home/Index/jquery-1.8.3.min.js
ERR: 非法操作:jquery-1.8.3.min.js

[ 2016-08-14T09:46:35+08:00 ] 127.0.0.1 /index.php/Home/Index/index.js
ERR: 非法操作:index.js

[ 2016-08-14T09:46:35+08:00 ] 127.0.0.1 /index.php/Home/Index/header.js
ERR: 非法操作:header.js

[ 2016-08-14T09:46:36+08:00 ] 127.0.0.1 /index.php/Home/Index/header.css
ERR: 非法操作:header.css

[ 2016-08-14T09:46:36+08:00 ] 127.0.0.1 /index.php/Home/Index/bottomnav.css
ERR: 非法操作:bottomnav.css

[ 2016-08-14T09:46:36+08:00 ] 127.0.0.1 /index.php/Home/Index/index.css
ERR: 非法操作:index.css

[ 2016-08-14T09:46:37+08:00 ] 127.0.0.1 /index.php/Home/Index/header.js
ERR: 非法操作:header.js

[ 2016-08-14T09:46:37+08:00 ] 127.0.0.1 /index.php/Home/Index/index.js
ERR: 非法操作:index.js

[ 2016-08-14T09:49:04+08:00 ] 127.0.0.1 /index.php/Home/Index/index
INFO: [ app_init ] --START--
INFO: Run Behavior\BuildLiteBehavior [ RunTime:0.000038s ]
INFO: [ app_init ] --END-- [ RunTime:0.001101s ]
INFO: [ app_begin ] --START--
INFO: Run Behavior\ReadHtmlCacheBehavior [ RunTime:0.001262s ]
INFO: [ app_begin ] --END-- [ RunTime:0.001394s ]
INFO: [ view_parse ] --START--
INFO: [ template_filter ] --START--
INFO: Run Behavior\ContentReplaceBehavior [ RunTime:0.000572s ]
INFO: [ template_filter ] --END-- [ RunTime:0.000750s ]
INFO: Run Behavior\ParseTemplateBehavior [ RunTime:0.067225s ]
INFO: [ view_parse ] --END-- [ RunTime:0.067464s ]
INFO: [ view_filter ] --START--
INFO: Run Behavior\WriteHtmlCacheBehavior [ RunTime:0.001121s ]
INFO: [ view_filter ] --END-- [ RunTime:0.001320s ]
INFO: [ app_end ] --START--
INFO: Run Behavior\ShowPageTraceBehavior [ RunTime:0.001718s ]
INFO: [ app_end ] --END-- [ RunTime:0.001946s ]

[ 2016-08-14T10:13:43+08:00 ] 127.0.0.1 /index.php/Home/Index/index
INFO: [ app_init ] --START--
INFO: Run Behavior\BuildLiteBehavior [ RunTime:0.000038s ]
INFO: [ app_init ] --END-- [ RunTime:0.001223s ]
INFO: [ app_begin ] --START--
INFO: Run Behavior\ReadHtmlCacheBehavior [ RunTime:0.001726s ]
INFO: [ app_begin ] --END-- [ RunTime:0.001922s ]
INFO: [ view_parse ] --START--
INFO: [ template_filter ] --START--
INFO: Run Behavior\ContentReplaceBehavior [ RunTime:0.000378s ]
INFO: [ template_filter ] --END-- [ RunTime:0.000509s ]
INFO: Run Behavior\ParseTemplateBehavior [ RunTime:0.075931s ]
INFO: [ view_parse ] --END-- [ RunTime:0.076143s ]
INFO: [ view_filter ] --START--
INFO: Run Behavior\WriteHtmlCacheBehavior [ RunTime:0.000788s ]
INFO: [ view_filter ] --END-- [ RunTime:0.000882s ]
INFO: [ app_end ] --START--
INFO: Run Behavior\ShowPageTraceBehavior [ RunTime:0.001448s ]
INFO: [ app_end ] --END-- [ RunTime:0.001607s ]

[ 2016-08-14T10:29:11+08:00 ] 127.0.0.1 /index.php/Home/Goods/showlist
INFO: [ app_init ] --START--
INFO: Run Behavior\BuildLiteBehavior [ RunTime:0.000041s ]
INFO: [ app_init ] --END-- [ RunTime:0.001990s ]
INFO: [ app_begin ] --START--
INFO: Run Behavior\ReadHtmlCacheBehavior [ RunTime:0.001516s ]
INFO: [ app_begin ] --END-- [ RunTime:0.001684s ]
INFO: [ view_parse ] --START--
INFO: [ template_filter ] --START--
INFO: Run Behavior\ContentReplaceBehavior [ RunTime:0.000379s ]
INFO: [ template_filter ] --END-- [ RunTime:0.000556s ]
INFO: Run Behavior\ParseTemplateBehavior [ RunTime:0.043458s ]
INFO: [ view_parse ] --END-- [ RunTime:0.043677s ]
INFO: [ view_filter ] --START--
INFO: Run Behavior\WriteHtmlCacheBehavior [ RunTime:0.000941s ]
INFO: [ view_filter ] --END-- [ RunTime:0.001071s ]
INFO: [ app_end ] --START--
INFO: Run Behavior\ShowPageTraceBehavior [ RunTime:0.011138s ]
INFO: [ app_end ] --END-- [ RunTime:0.011318s ]

[ 2016-08-14T10:29:23+08:00 ] 127.0.0.1 /index.php/Home/Goods/detail
INFO: [ app_init ] --START--
INFO: Run Behavior\BuildLiteBehavior [ RunTime:0.000027s ]
INFO: [ app_init ] --END-- [ RunTime:0.000746s ]
INFO: [ app_begin ] --START--
INFO: Run Behavior\ReadHtmlCacheBehavior [ RunTime:0.001088s ]
INFO: [ app_begin ] --END-- [ RunTime:0.001268s ]
INFO: [ view_parse ] --START--
INFO: [ template_filter ] --START--
INFO: Run Behavior\ContentReplaceBehavior [ RunTime:0.000354s ]
INFO: [ template_filter ] --END-- [ RunTime:0.000483s ]
INFO: Run Behavior\ParseTemplateBehavior [ RunTime:0.040017s ]
INFO: [ view_parse ] --END-- [ RunTime:0.040162s ]
INFO: [ view_filter ] --START--
INFO: Run Behavior\WriteHtmlCacheBehavior [ RunTime:0.000614s ]
INFO: [ view_filter ] --END-- [ RunTime:0.000705s ]
INFO: [ app_end ] --START--
INFO: Run Behavior\ShowPageTraceBehavior [ RunTime:0.001683s ]
INFO: [ app_end ] --END-- [ RunTime:0.001906s ]

[ 2016-08-14T10:35:56+08:00 ] 127.0.0.1 /index.php/Home/User/login
INFO: [ app_init ] --START--
INFO: Run Behavior\BuildLiteBehavior [ RunTime:0.000057s ]
INFO: [ app_init ] --END-- [ RunTime:0.001691s ]
INFO: [ app_begin ] --START--
INFO: Run Behavior\ReadHtmlCacheBehavior [ RunTime:0.002880s ]
INFO: [ app_begin ] --END-- [ RunTime:0.004941s ]
INFO: [ view_parse ] --START--
INFO: [ template_filter ] --START--
INFO: Run Behavior\ContentReplaceBehavior [ RunTime:0.000134s ]
INFO: [ template_filter ] --END-- [ RunTime:0.000325s ]
INFO: Run Behavior\ParseTemplateBehavior [ RunTime:0.024284s ]
INFO: [ view_parse ] --END-- [ RunTime:0.024480s ]
INFO: [ view_filter ] --START--
INFO: Run Behavior\WriteHtmlCacheBehavior [ RunTime:0.001060s ]
INFO: [ view_filter ] --END-- [ RunTime:0.001211s ]
INFO: [ app_end ] --START--
INFO: Run Behavior\ShowPageTraceBehavior [ RunTime:0.004191s ]
INFO: [ app_end ] --END-- [ RunTime:0.004359s ]

[ 2016-08-14T10:36:14+08:00 ] 127.0.0.1 /index.php/Home/User/register
INFO: [ app_init ] --START--
INFO: Run Behavior\BuildLiteBehavior [ RunTime:0.000027s ]
INFO: [ app_init ] --END-- [ RunTime:0.000783s ]
INFO: [ app_begin ] --START--
INFO: Run Behavior\ReadHtmlCacheBehavior [ RunTime:0.001465s ]
INFO: [ app_begin ] --END-- [ RunTime:0.001618s ]
INFO: [ view_parse ] --START--
INFO: [ template_filter ] --START--
INFO: Run Behavior\ContentReplaceBehavior [ RunTime:0.000216s ]
INFO: [ template_filter ] --END-- [ RunTime:0.000804s ]
INFO: Run Behavior\ParseTemplateBehavior [ RunTime:0.024933s ]
INFO: [ view_parse ] --END-- [ RunTime:0.025126s ]
INFO: [ view_filter ] --START--
INFO: Run Behavior\WriteHtmlCacheBehavior [ RunTime:0.001083s ]
INFO: [ view_filter ] --END-- [ RunTime:0.001246s ]
INFO: [ app_end ] --START--
INFO: Run Behavior\ShowPageTraceBehavior [ RunTime:0.001240s ]
INFO: [ app_end ] --END-- [ RunTime:0.001373s ]

[ 2016-08-14T11:43:49+08:00 ] 127.0.0.1 /index.php/Home/User/login.html
INFO: [ app_init ] --START--
INFO: Run Behavior\BuildLiteBehavior [ RunTime:0.000027s ]
INFO: [ app_init ] --END-- [ RunTime:0.000852s ]
INFO: [ app_begin ] --START--
INFO: Run Behavior\ReadHtmlCacheBehavior [ RunTime:0.001850s ]
INFO: [ app_begin ] --END-- [ RunTime:0.002113s ]
INFO: [ view_parse ] --START--
INFO: [ template_filter ] --START--
INFO: Run Behavior\ContentReplaceBehavior [ RunTime:0.000167s ]
INFO: [ template_filter ] --END-- [ RunTime:0.000437s ]
INFO: Run Behavior\ParseTemplateBehavior [ RunTime:0.019514s ]
INFO: [ view_parse ] --END-- [ RunTime:0.019724s ]
INFO: [ view_filter ] --START--
INFO: Run Behavior\WriteHtmlCacheBehavior [ RunTime:0.001187s ]
INFO: [ view_filter ] --END-- [ RunTime:0.001352s ]
INFO: [ app_end ] --START--
INFO: Run Behavior\ShowPageTraceBehavior [ RunTime:0.001600s ]
INFO: [ app_end ] --END-- [ RunTime:0.001750s ]

[ 2016-08-14T11:44:51+08:00 ] 127.0.0.1 /index.php/Home/User/login.abc
INFO: [ app_init ] --START--
INFO: Run Behavior\BuildLiteBehavior [ RunTime:0.000031s ]
INFO: [ app_init ] --END-- [ RunTime:0.006660s ]
INFO: [ app_begin ] --START--
INFO: Run Behavior\ReadHtmlCacheBehavior [ RunTime:0.011608s ]
INFO: [ app_begin ] --END-- [ RunTime:0.011806s ]
ERR: 非法操作:login.abc

[ 2016-08-14T11:44:55+08:00 ] 127.0.0.1 /index.php/Home/User/login.html
INFO: [ app_init ] --START--
INFO: Run Behavior\BuildLiteBehavior [ RunTime:0.000047s ]
INFO: [ app_init ] --END-- [ RunTime:0.005606s ]
INFO: [ app_begin ] --START--
INFO: Run Behavior\ReadHtmlCacheBehavior [ RunTime:0.002188s ]
INFO: [ app_begin ] --END-- [ RunTime:0.002510s ]
INFO: [ view_parse ] --START--
INFO: [ template_filter ] --START--
INFO: Run Behavior\ContentReplaceBehavior [ RunTime:0.000157s ]
INFO: [ template_filter ] --END-- [ RunTime:0.000422s ]
INFO: Run Behavior\ParseTemplateBehavior [ RunTime:0.024361s ]
INFO: [ view_parse ] --END-- [ RunTime:0.024555s ]
INFO: [ view_filter ] --START--
INFO: Run Behavior\WriteHtmlCacheBehavior [ RunTime:0.002605s ]
INFO: [ view_filter ] --END-- [ RunTime:0.002775s ]
INFO: [ app_end ] --START--
INFO: Run Behavior\ShowPageTraceBehavior [ RunTime:0.002458s ]
INFO: [ app_end ] --END-- [ RunTime:0.002678s ]

[ 2016-08-14T14:43:49+08:00 ] 127.0.0.1 /
INFO: [ app_init ] --START--
INFO: Run Behavior\BuildLiteBehavior [ RunTime:0.000044s ]
INFO: [ app_init ] --END-- [ RunTime:0.001982s ]
INFO: [ app_begin ] --START--
INFO: Run Behavior\ReadHtmlCacheBehavior [ RunTime:0.001398s ]
INFO: [ app_begin ] --END-- [ RunTime:0.001535s ]
INFO: [ view_parse ] --START--
INFO: [ template_filter ] --START--
INFO: Run Behavior\ContentReplaceBehavior [ RunTime:0.000613s ]
INFO: [ template_filter ] --END-- [ RunTime:0.000793s ]
INFO: Run Behavior\ParseTemplateBehavior [ RunTime:0.071265s ]
INFO: [ view_parse ] --END-- [ RunTime:0.071450s ]
INFO: [ view_filter ] --START--
INFO: Run Behavior\WriteHtmlCacheBehavior [ RunTime:0.000890s ]
INFO: [ view_filter ] --END-- [ RunTime:0.001017s ]
INFO: [ app_end ] --START--
INFO: Run Behavior\ShowPageTraceBehavior [ RunTime:0.001270s ]
INFO: [ app_end ] --END-- [ RunTime:0.001392s ]

