[ 2016-08-20T09:13:26+08:00 ] 127.0.0.1 /index.php/Admin/Index/index.html
INFO: [ view_parse ] --START--
INFO: [ template_filter ] --START--
INFO: Run Behavior\ContentReplaceBehavior [ RunTime:0.000094s ]
INFO: [ template_filter ] --END-- [ RunTime:0.000260s ]
INFO: Run Behavior\ParseTemplateBehavior [ RunTime:0.017523s ]
INFO: [ view_parse ] --END-- [ RunTime:0.019027s ]
INFO: [ view_filter ] --START--
INFO: Run Behavior\WriteHtmlCacheBehavior [ RunTime:0.001184s ]
INFO: [ view_filter ] --END-- [ RunTime:0.001380s ]
INFO: [ app_end ] --START--
INFO: Run Behavior\ShowPageTraceBehavior [ RunTime:0.001700s ]
INFO: [ app_end ] --END-- [ RunTime:0.001888s ]

[ 2016-08-20T09:13:26+08:00 ] 127.0.0.1 /index.php/Admin/Index/head.html
INFO: [ view_parse ] --START--
INFO: [ template_filter ] --START--
INFO: Run Behavior\ContentReplaceBehavior [ RunTime:0.000172s ]
INFO: [ template_filter ] --END-- [ RunTime:0.000372s ]
INFO: Run Behavior\ParseTemplateBehavior [ RunTime:0.034713s ]
INFO: [ view_parse ] --END-- [ RunTime:0.035670s ]
INFO: [ view_filter ] --START--
INFO: Run Behavior\WriteHtmlCacheBehavior [ RunTime:0.000751s ]
INFO: [ view_filter ] --END-- [ RunTime:0.000896s ]
INFO: [ app_end ] --START--
INFO: Run Behavior\ShowPageTraceBehavior [ RunTime:0.001348s ]
INFO: [ app_end ] --END-- [ RunTime:0.001498s ]

[ 2016-08-20T09:13:26+08:00 ] 127.0.0.1 /index.php/Admin/Index/center.html
INFO: [ view_parse ] --START--
INFO: [ template_filter ] --START--
INFO: Run Behavior\ContentReplaceBehavior [ RunTime:0.000117s ]
INFO: [ template_filter ] --END-- [ RunTime:0.000327s ]
INFO: Run Behavior\ParseTemplateBehavior [ RunTime:0.030658s ]
INFO: [ view_parse ] --END-- [ RunTime:0.032473s ]
INFO: [ view_filter ] --START--
INFO: Run Behavior\WriteHtmlCacheBehavior [ RunTime:0.001070s ]
INFO: [ view_filter ] --END-- [ RunTime:0.001220s ]
INFO: [ app_end ] --START--
INFO: Run Behavior\ShowPageTraceBehavior [ RunTime:0.001739s ]
INFO: [ app_end ] --END-- [ RunTime:0.001934s ]

[ 2016-08-20T09:13:26+08:00 ] 127.0.0.1 /index.php/Admin/Index/down.html
INFO: [ view_parse ] --START--
INFO: [ template_filter ] --START--
INFO: Run Behavior\ContentReplaceBehavior [ RunTime:0.000115s ]
INFO: [ template_filter ] --END-- [ RunTime:0.000300s ]
INFO: Run Behavior\ParseTemplateBehavior [ RunTime:0.016930s ]
INFO: [ view_parse ] --END-- [ RunTime:0.018216s ]
INFO: [ view_filter ] --START--
INFO: Run Behavior\WriteHtmlCacheBehavior [ RunTime:0.004054s ]
INFO: [ view_filter ] --END-- [ RunTime:0.004250s ]
INFO: [ app_end ] --START--
INFO: Run Behavior\ShowPageTraceBehavior [ RunTime:0.003782s ]
INFO: [ app_end ] --END-- [ RunTime:0.003970s ]

[ 2016-08-20T09:15:08+08:00 ] 127.0.0.1 /index.php/Admin/Index/index.html
INFO: [ view_parse ] --START--
INFO: [ template_filter ] --START--
INFO: Run Behavior\ContentReplaceBehavior [ RunTime:0.000107s ]
INFO: [ template_filter ] --END-- [ RunTime:0.000310s ]
INFO: Run Behavior\ParseTemplateBehavior [ RunTime:0.017445s ]
INFO: [ view_parse ] --END-- [ RunTime:0.018802s ]
INFO: [ view_filter ] --START--
INFO: Run Behavior\WriteHtmlCacheBehavior [ RunTime:0.001186s ]
INFO: [ view_filter ] --END-- [ RunTime:0.001396s ]
INFO: [ app_end ] --START--
INFO: Run Behavior\ShowPageTraceBehavior [ RunTime:0.002108s ]
INFO: [ app_end ] --END-- [ RunTime:0.002339s ]

[ 2016-08-20T09:15:08+08:00 ] 127.0.0.1 /index.php/Admin/Index/head.html
INFO: [ view_parse ] --START--
INFO: [ template_filter ] --START--
INFO: Run Behavior\ContentReplaceBehavior [ RunTime:0.000201s ]
INFO: [ template_filter ] --END-- [ RunTime:0.000394s ]
INFO: Run Behavior\ParseTemplateBehavior [ RunTime:0.033880s ]
INFO: [ view_parse ] --END-- [ RunTime:0.036714s ]
INFO: [ view_filter ] --START--
INFO: Run Behavior\WriteHtmlCacheBehavior [ RunTime:0.002361s ]
INFO: [ view_filter ] --END-- [ RunTime:0.002743s ]
INFO: [ app_end ] --START--
INFO: Run Behavior\ShowPageTraceBehavior [ RunTime:0.001767s ]
INFO: [ app_end ] --END-- [ RunTime:0.002045s ]

[ 2016-08-20T09:15:08+08:00 ] 127.0.0.1 /index.php/Admin/Index/center.html
INFO: [ view_parse ] --START--
INFO: [ template_filter ] --START--
INFO: Run Behavior\ContentReplaceBehavior [ RunTime:0.000130s ]
INFO: [ template_filter ] --END-- [ RunTime:0.000367s ]
INFO: Run Behavior\ParseTemplateBehavior [ RunTime:0.018008s ]
INFO: [ view_parse ] --END-- [ RunTime:0.019291s ]
INFO: [ view_filter ] --START--
INFO: Run Behavior\WriteHtmlCacheBehavior [ RunTime:0.000969s ]
INFO: [ view_filter ] --END-- [ RunTime:0.001135s ]
INFO: [ app_end ] --START--
INFO: Run Behavior\ShowPageTraceBehavior [ RunTime:0.006671s ]
INFO: [ app_end ] --END-- [ RunTime:0.008096s ]

[ 2016-08-20T09:15:08+08:00 ] 127.0.0.1 /index.php/Admin/Index/down.html
INFO: [ view_parse ] --START--
INFO: [ template_filter ] --START--
INFO: Run Behavior\ContentReplaceBehavior [ RunTime:0.000151s ]
INFO: [ template_filter ] --END-- [ RunTime:0.000348s ]
INFO: Run Behavior\ParseTemplateBehavior [ RunTime:0.024237s ]
INFO: [ view_parse ] --END-- [ RunTime:0.025845s ]
INFO: [ view_filter ] --START--
INFO: Run Behavior\WriteHtmlCacheBehavior [ RunTime:0.000851s ]
INFO: [ view_filter ] --END-- [ RunTime:0.001005s ]
INFO: [ app_end ] --START--
INFO: Run Behavior\ShowPageTraceBehavior [ RunTime:0.002927s ]
INFO: [ app_end ] --END-- [ RunTime:0.003114s ]

[ 2016-08-20T09:45:11+08:00 ] 127.0.0.1 /index.php/Admin/Index/index.html
INFO: [ view_parse ] --START--
INFO: [ template_filter ] --START--
INFO: Run Behavior\ContentReplaceBehavior [ RunTime:0.000121s ]
INFO: [ template_filter ] --END-- [ RunTime:0.000350s ]
INFO: Run Behavior\ParseTemplateBehavior [ RunTime:0.016544s ]
INFO: [ view_parse ] --END-- [ RunTime:0.017683s ]
INFO: [ view_filter ] --START--
INFO: Run Behavior\WriteHtmlCacheBehavior [ RunTime:0.001120s ]
INFO: [ view_filter ] --END-- [ RunTime:0.001298s ]
NOTIC: [2] Cannot modify header information - headers already sent by (output started at E:\web\php48\shop\Tools\AdminController.class.php:11) E:\web\php48\ThinkPHP\Library\Think\View.class.php 第 91 行.
NOTIC: [2] Cannot modify header information - headers already sent by (output started at E:\web\php48\shop\Tools\AdminController.class.php:11) E:\web\php48\ThinkPHP\Library\Think\View.class.php 第 92 行.
NOTIC: [2] Cannot modify header information - headers already sent by (output started at E:\web\php48\shop\Tools\AdminController.class.php:11) E:\web\php48\ThinkPHP\Library\Think\View.class.php 第 93 行.
INFO: [ app_end ] --START--
INFO: Run Behavior\ShowPageTraceBehavior [ RunTime:0.001497s ]
INFO: [ app_end ] --END-- [ RunTime:0.001683s ]

[ 2016-08-20T09:45:47+08:00 ] 127.0.0.1 /index.php/Admin/Index/index.html
INFO: [ view_parse ] --START--
INFO: [ template_filter ] --START--
INFO: Run Behavior\ContentReplaceBehavior [ RunTime:0.000132s ]
INFO: [ template_filter ] --END-- [ RunTime:0.000373s ]
INFO: Run Behavior\ParseTemplateBehavior [ RunTime:0.016066s ]
INFO: [ view_parse ] --END-- [ RunTime:0.017180s ]
INFO: [ view_filter ] --START--
INFO: Run Behavior\WriteHtmlCacheBehavior [ RunTime:0.000794s ]
INFO: [ view_filter ] --END-- [ RunTime:0.000947s ]
INFO: [ app_end ] --START--
INFO: Run Behavior\ShowPageTraceBehavior [ RunTime:0.001328s ]
INFO: [ app_end ] --END-- [ RunTime:0.001485s ]

[ 2016-08-20T09:45:48+08:00 ] 127.0.0.1 /index.php/Admin/Index/head.html
INFO: [ view_parse ] --START--
INFO: [ template_filter ] --START--
INFO: Run Behavior\ContentReplaceBehavior [ RunTime:0.000175s ]
INFO: [ template_filter ] --END-- [ RunTime:0.000363s ]
INFO: Run Behavior\ParseTemplateBehavior [ RunTime:0.022763s ]
INFO: [ view_parse ] --END-- [ RunTime:0.023704s ]
INFO: [ view_filter ] --START--
INFO: Run Behavior\WriteHtmlCacheBehavior [ RunTime:0.001248s ]
INFO: [ view_filter ] --END-- [ RunTime:0.001410s ]
INFO: [ app_end ] --START--
INFO: Run Behavior\ShowPageTraceBehavior [ RunTime:0.001608s ]
INFO: [ app_end ] --END-- [ RunTime:0.001807s ]

[ 2016-08-20T09:45:48+08:00 ] 127.0.0.1 /index.php/Admin/Index/down.html
INFO: [ view_parse ] --START--
INFO: [ template_filter ] --START--
INFO: Run Behavior\ContentReplaceBehavior [ RunTime:0.000119s ]
INFO: [ template_filter ] --END-- [ RunTime:0.000299s ]
INFO: Run Behavior\ParseTemplateBehavior [ RunTime:0.039577s ]
INFO: [ view_parse ] --END-- [ RunTime:0.042046s ]
INFO: [ view_filter ] --START--
INFO: Run Behavior\WriteHtmlCacheBehavior [ RunTime:0.001154s ]
INFO: [ view_filter ] --END-- [ RunTime:0.001326s ]
INFO: [ app_end ] --START--
INFO: Run Behavior\ShowPageTraceBehavior [ RunTime:0.002078s ]
INFO: [ app_end ] --END-- [ RunTime:0.002232s ]

[ 2016-08-20T09:45:48+08:00 ] 127.0.0.1 /index.php/Admin/Index/center.html
INFO: [ view_parse ] --START--
INFO: [ template_filter ] --START--
INFO: Run Behavior\ContentReplaceBehavior [ RunTime:0.000116s ]
INFO: [ template_filter ] --END-- [ RunTime:0.000412s ]
INFO: Run Behavior\ParseTemplateBehavior [ RunTime:0.017434s ]
INFO: [ view_parse ] --END-- [ RunTime:0.022733s ]
INFO: [ view_filter ] --START--
INFO: Run Behavior\WriteHtmlCacheBehavior [ RunTime:0.010626s ]
INFO: [ view_filter ] --END-- [ RunTime:0.010830s ]
INFO: [ app_end ] --START--
INFO: Run Behavior\ShowPageTraceBehavior [ RunTime:0.002440s ]
INFO: [ app_end ] --END-- [ RunTime:0.002631s ]

[ 2016-08-20T10:21:39+08:00 ] 127.0.0.1 /index.php/Admin/Index/index.html
INFO: [ view_parse ] --START--
INFO: [ template_filter ] --START--
INFO: Run Behavior\ContentReplaceBehavior [ RunTime:0.000408s ]
INFO: [ template_filter ] --END-- [ RunTime:0.000650s ]
INFO: Run Behavior\ParseTemplateBehavior [ RunTime:0.017664s ]
INFO: [ view_parse ] --END-- [ RunTime:0.018776s ]
INFO: [ view_filter ] --START--
INFO: Run Behavior\WriteHtmlCacheBehavior [ RunTime:0.000985s ]
INFO: [ view_filter ] --END-- [ RunTime:0.001139s ]
INFO: [ app_end ] --START--
INFO: Run Behavior\ShowPageTraceBehavior [ RunTime:0.001616s ]
INFO: [ app_end ] --END-- [ RunTime:0.001791s ]

[ 2016-08-20T10:21:39+08:00 ] 127.0.0.1 /index.php/Admin/Index/head.html
INFO: [ view_parse ] --START--
INFO: [ template_filter ] --START--
INFO: Run Behavior\ContentReplaceBehavior [ RunTime:0.000184s ]
INFO: [ template_filter ] --END-- [ RunTime:0.000392s ]
INFO: Run Behavior\ParseTemplateBehavior [ RunTime:0.022021s ]
INFO: [ view_parse ] --END-- [ RunTime:0.023299s ]
INFO: [ view_filter ] --START--
INFO: Run Behavior\WriteHtmlCacheBehavior [ RunTime:0.000790s ]
INFO: [ view_filter ] --END-- [ RunTime:0.000933s ]
INFO: [ app_end ] --START--
INFO: Run Behavior\ShowPageTraceBehavior [ RunTime:0.002215s ]
INFO: [ app_end ] --END-- [ RunTime:0.002446s ]

[ 2016-08-20T10:21:39+08:00 ] 127.0.0.1 /index.php/Admin/Index/down.html
INFO: [ view_parse ] --START--
INFO: [ template_filter ] --START--
INFO: Run Behavior\ContentReplaceBehavior [ RunTime:0.000486s ]
INFO: [ template_filter ] --END-- [ RunTime:0.000764s ]
INFO: Run Behavior\ParseTemplateBehavior [ RunTime:0.020672s ]
INFO: [ view_parse ] --END-- [ RunTime:0.022153s ]
INFO: [ view_filter ] --START--
INFO: Run Behavior\WriteHtmlCacheBehavior [ RunTime:0.001810s ]
INFO: [ view_filter ] --END-- [ RunTime:0.002013s ]
INFO: [ app_end ] --START--
INFO: Run Behavior\ShowPageTraceBehavior [ RunTime:0.002434s ]
INFO: [ app_end ] --END-- [ RunTime:0.002721s ]

[ 2016-08-20T10:21:39+08:00 ] 127.0.0.1 /index.php/Admin/Index/center.html
INFO: [ view_parse ] --START--
INFO: [ template_filter ] --START--
INFO: Run Behavior\ContentReplaceBehavior [ RunTime:0.000115s ]
INFO: [ template_filter ] --END-- [ RunTime:0.000305s ]
INFO: Run Behavior\ParseTemplateBehavior [ RunTime:0.016064s ]
INFO: [ view_parse ] --END-- [ RunTime:0.017460s ]
INFO: [ view_filter ] --START--
INFO: Run Behavior\WriteHtmlCacheBehavior [ RunTime:0.001562s ]
INFO: [ view_filter ] --END-- [ RunTime:0.001735s ]
INFO: [ app_end ] --START--
INFO: Run Behavior\ShowPageTraceBehavior [ RunTime:0.002217s ]
INFO: [ app_end ] --END-- [ RunTime:0.002397s ]

[ 2016-08-20T10:24:07+08:00 ] 127.0.0.1 /index.php/Admin/Index/index.html
INFO: [ view_parse ] --START--
INFO: [ template_filter ] --START--
INFO: Run Behavior\ContentReplaceBehavior [ RunTime:0.000244s ]
INFO: [ template_filter ] --END-- [ RunTime:0.001072s ]
INFO: Run Behavior\ParseTemplateBehavior [ RunTime:0.017962s ]
INFO: [ view_parse ] --END-- [ RunTime:0.024200s ]
INFO: [ view_filter ] --START--
INFO: Run Behavior\WriteHtmlCacheBehavior [ RunTime:0.001560s ]
INFO: [ view_filter ] --END-- [ RunTime:0.001764s ]
INFO: [ app_end ] --START--
INFO: Run Behavior\ShowPageTraceBehavior [ RunTime:0.002245s ]
INFO: [ app_end ] --END-- [ RunTime:0.002422s ]

[ 2016-08-20T10:24:08+08:00 ] 127.0.0.1 /index.php/Admin/Index/head.html
INFO: [ view_parse ] --START--
INFO: [ template_filter ] --START--
INFO: Run Behavior\ContentReplaceBehavior [ RunTime:0.000181s ]
INFO: [ template_filter ] --END-- [ RunTime:0.000528s ]
INFO: Run Behavior\ParseTemplateBehavior [ RunTime:0.023929s ]
INFO: [ view_parse ] --END-- [ RunTime:0.025017s ]
INFO: [ view_filter ] --START--
INFO: Run Behavior\WriteHtmlCacheBehavior [ RunTime:0.002561s ]
INFO: [ view_filter ] --END-- [ RunTime:0.002784s ]
INFO: [ app_end ] --START--
INFO: Run Behavior\ShowPageTraceBehavior [ RunTime:0.001948s ]
INFO: [ app_end ] --END-- [ RunTime:0.002155s ]

[ 2016-08-20T10:24:08+08:00 ] 127.0.0.1 /index.php/Admin/Index/center.html
INFO: [ view_parse ] --START--
INFO: [ template_filter ] --START--
INFO: Run Behavior\ContentReplaceBehavior [ RunTime:0.000124s ]
INFO: [ template_filter ] --END-- [ RunTime:0.000328s ]
INFO: Run Behavior\ParseTemplateBehavior [ RunTime:0.018307s ]
INFO: [ view_parse ] --END-- [ RunTime:0.019482s ]
INFO: [ view_filter ] --START--
INFO: Run Behavior\WriteHtmlCacheBehavior [ RunTime:0.001290s ]
INFO: [ view_filter ] --END-- [ RunTime:0.001461s ]
INFO: [ app_end ] --START--
INFO: Run Behavior\ShowPageTraceBehavior [ RunTime:0.001737s ]
INFO: [ app_end ] --END-- [ RunTime:0.001913s ]

[ 2016-08-20T10:24:08+08:00 ] 127.0.0.1 /index.php/Admin/Index/down.html
INFO: [ view_parse ] --START--
INFO: [ template_filter ] --START--
INFO: Run Behavior\ContentReplaceBehavior [ RunTime:0.000113s ]
INFO: [ template_filter ] --END-- [ RunTime:0.000290s ]
INFO: Run Behavior\ParseTemplateBehavior [ RunTime:0.035800s ]
INFO: [ view_parse ] --END-- [ RunTime:0.036939s ]
INFO: [ view_filter ] --START--
INFO: Run Behavior\WriteHtmlCacheBehavior [ RunTime:0.001148s ]
INFO: [ view_filter ] --END-- [ RunTime:0.018933s ]
INFO: [ app_end ] --START--
INFO: Run Behavior\ShowPageTraceBehavior [ RunTime:0.001759s ]
INFO: [ app_end ] --END-- [ RunTime:0.001975s ]

[ 2016-08-20T10:27:04+08:00 ] 127.0.0.1 /index.php/Admin/Index/index.html
INFO: [ view_parse ] --START--
INFO: [ template_filter ] --START--
INFO: Run Behavior\ContentReplaceBehavior [ RunTime:0.000120s ]
INFO: [ template_filter ] --END-- [ RunTime:0.000316s ]
INFO: Run Behavior\ParseTemplateBehavior [ RunTime:0.020400s ]
INFO: [ view_parse ] --END-- [ RunTime:0.021946s ]
INFO: [ view_filter ] --START--
INFO: Run Behavior\WriteHtmlCacheBehavior [ RunTime:0.001226s ]
INFO: [ view_filter ] --END-- [ RunTime:0.001423s ]
INFO: [ app_end ] --START--
INFO: Run Behavior\ShowPageTraceBehavior [ RunTime:0.001875s ]
INFO: [ app_end ] --END-- [ RunTime:0.002057s ]

[ 2016-08-20T10:27:04+08:00 ] 127.0.0.1 /index.php/Admin/Index/center.html
INFO: [ view_parse ] --START--
INFO: [ template_filter ] --START--
INFO: Run Behavior\ContentReplaceBehavior [ RunTime:0.000153s ]
INFO: [ template_filter ] --END-- [ RunTime:0.000333s ]
INFO: Run Behavior\ParseTemplateBehavior [ RunTime:0.016551s ]
INFO: [ view_parse ] --END-- [ RunTime:0.017836s ]
INFO: [ view_filter ] --START--
INFO: Run Behavior\WriteHtmlCacheBehavior [ RunTime:0.001055s ]
INFO: [ view_filter ] --END-- [ RunTime:0.001217s ]
INFO: [ app_end ] --START--
INFO: Run Behavior\ShowPageTraceBehavior [ RunTime:0.008476s ]
INFO: [ app_end ] --END-- [ RunTime:0.008689s ]

[ 2016-08-20T10:27:04+08:00 ] 127.0.0.1 /index.php/Admin/Index/down.html
INFO: [ view_parse ] --START--
INFO: [ template_filter ] --START--
INFO: Run Behavior\ContentReplaceBehavior [ RunTime:0.000174s ]
INFO: [ template_filter ] --END-- [ RunTime:0.000385s ]
INFO: Run Behavior\ParseTemplateBehavior [ RunTime:0.017693s ]
INFO: [ view_parse ] --END-- [ RunTime:0.019075s ]
INFO: [ view_filter ] --START--
INFO: Run Behavior\WriteHtmlCacheBehavior [ RunTime:0.000976s ]
INFO: [ view_filter ] --END-- [ RunTime:0.001123s ]
INFO: [ app_end ] --START--
INFO: Run Behavior\ShowPageTraceBehavior [ RunTime:0.001699s ]
INFO: [ app_end ] --END-- [ RunTime:0.001855s ]

[ 2016-08-20T10:27:04+08:00 ] 127.0.0.1 /index.php/Admin/Index/head.html
INFO: [ view_parse ] --START--
INFO: [ template_filter ] --START--
INFO: Run Behavior\ContentReplaceBehavior [ RunTime:0.000222s ]
INFO: [ template_filter ] --END-- [ RunTime:0.000496s ]
INFO: Run Behavior\ParseTemplateBehavior [ RunTime:0.020951s ]
INFO: [ view_parse ] --END-- [ RunTime:0.022094s ]
INFO: [ view_filter ] --START--
INFO: Run Behavior\WriteHtmlCacheBehavior [ RunTime:0.000770s ]
INFO: [ view_filter ] --END-- [ RunTime:0.000922s ]
INFO: [ app_end ] --START--
INFO: Run Behavior\ShowPageTraceBehavior [ RunTime:0.001382s ]
INFO: [ app_end ] --END-- [ RunTime:0.001742s ]

[ 2016-08-20T10:44:57+08:00 ] 127.0.0.1 /index.php/Admin/Index/index.html
INFO: [ view_parse ] --START--
INFO: [ template_filter ] --START--
INFO: Run Behavior\ContentReplaceBehavior [ RunTime:0.000117s ]
INFO: [ template_filter ] --END-- [ RunTime:0.000357s ]
INFO: Run Behavior\ParseTemplateBehavior [ RunTime:0.024958s ]
INFO: [ view_parse ] --END-- [ RunTime:0.027986s ]
INFO: [ view_filter ] --START--
INFO: Run Behavior\WriteHtmlCacheBehavior [ RunTime:0.000903s ]
INFO: [ view_filter ] --END-- [ RunTime:0.001064s ]
INFO: [ app_end ] --START--
INFO: Run Behavior\ShowPageTraceBehavior [ RunTime:0.001566s ]
INFO: [ app_end ] --END-- [ RunTime:0.001775s ]

[ 2016-08-20T10:44:58+08:00 ] 127.0.0.1 /index.php/Admin/Index/head.html
INFO: [ view_parse ] --START--
INFO: [ template_filter ] --START--
INFO: Run Behavior\ContentReplaceBehavior [ RunTime:0.000175s ]
INFO: [ template_filter ] --END-- [ RunTime:0.000353s ]
INFO: Run Behavior\ParseTemplateBehavior [ RunTime:0.032621s ]
INFO: [ view_parse ] --END-- [ RunTime:0.034017s ]
INFO: [ view_filter ] --START--
INFO: Run Behavior\WriteHtmlCacheBehavior [ RunTime:0.000762s ]
INFO: [ view_filter ] --END-- [ RunTime:0.000918s ]
INFO: [ app_end ] --START--
INFO: Run Behavior\ShowPageTraceBehavior [ RunTime:0.002143s ]
INFO: [ app_end ] --END-- [ RunTime:0.002431s ]

[ 2016-08-20T10:44:58+08:00 ] 127.0.0.1 /index.php/Admin/Index/center.html
INFO: [ view_parse ] --START--
INFO: [ template_filter ] --START--
INFO: Run Behavior\ContentReplaceBehavior [ RunTime:0.000113s ]
INFO: [ template_filter ] --END-- [ RunTime:0.000302s ]
INFO: Run Behavior\ParseTemplateBehavior [ RunTime:0.022918s ]
INFO: [ view_parse ] --END-- [ RunTime:0.034686s ]
INFO: [ view_filter ] --START--
INFO: Run Behavior\WriteHtmlCacheBehavior [ RunTime:0.002282s ]
INFO: [ view_filter ] --END-- [ RunTime:0.002448s ]
INFO: [ app_end ] --START--
INFO: Run Behavior\ShowPageTraceBehavior [ RunTime:0.002515s ]
INFO: [ app_end ] --END-- [ RunTime:0.002712s ]

[ 2016-08-20T10:44:58+08:00 ] 127.0.0.1 /index.php/Admin/Index/down.html
INFO: [ view_parse ] --START--
INFO: [ template_filter ] --START--
INFO: Run Behavior\ContentReplaceBehavior [ RunTime:0.000107s ]
INFO: [ template_filter ] --END-- [ RunTime:0.000280s ]
INFO: Run Behavior\ParseTemplateBehavior [ RunTime:0.023128s ]
INFO: [ view_parse ] --END-- [ RunTime:0.024595s ]
INFO: [ view_filter ] --START--
INFO: Run Behavior\WriteHtmlCacheBehavior [ RunTime:0.001390s ]
INFO: [ view_filter ] --END-- [ RunTime:0.001605s ]
INFO: [ app_end ] --START--
INFO: Run Behavior\ShowPageTraceBehavior [ RunTime:0.002050s ]
INFO: [ app_end ] --END-- [ RunTime:0.002331s ]

[ 2016-08-20T10:47:49+08:00 ] 127.0.0.1 /index.php/Admin/Index/index.html
INFO: [ view_parse ] --START--
INFO: [ template_filter ] --START--
INFO: Run Behavior\ContentReplaceBehavior [ RunTime:0.000110s ]
INFO: [ template_filter ] --END-- [ RunTime:0.000297s ]
INFO: Run Behavior\ParseTemplateBehavior [ RunTime:0.016834s ]
INFO: [ view_parse ] --END-- [ RunTime:0.017867s ]
INFO: [ view_filter ] --START--
INFO: Run Behavior\WriteHtmlCacheBehavior [ RunTime:0.001454s ]
INFO: [ view_filter ] --END-- [ RunTime:0.001663s ]
INFO: [ app_end ] --START--
INFO: Run Behavior\ShowPageTraceBehavior [ RunTime:0.001802s ]
INFO: [ app_end ] --END-- [ RunTime:0.001990s ]

[ 2016-08-20T10:47:50+08:00 ] 127.0.0.1 /index.php/Admin/Index/head.html
INFO: [ view_parse ] --START--
INFO: [ template_filter ] --START--
INFO: Run Behavior\ContentReplaceBehavior [ RunTime:0.000199s ]
INFO: [ template_filter ] --END-- [ RunTime:0.000404s ]
INFO: Run Behavior\ParseTemplateBehavior [ RunTime:0.047112s ]
INFO: [ view_parse ] --END-- [ RunTime:0.048305s ]
INFO: [ view_filter ] --START--
INFO: Run Behavior\WriteHtmlCacheBehavior [ RunTime:0.000854s ]
INFO: [ view_filter ] --END-- [ RunTime:0.001011s ]
INFO: [ app_end ] --START--
INFO: Run Behavior\ShowPageTraceBehavior [ RunTime:0.001440s ]
INFO: [ app_end ] --END-- [ RunTime:0.001602s ]

[ 2016-08-20T10:47:50+08:00 ] 127.0.0.1 /index.php/Admin/Index/center.html
INFO: [ view_parse ] --START--
INFO: [ template_filter ] --START--
INFO: Run Behavior\ContentReplaceBehavior [ RunTime:0.000116s ]
INFO: [ template_filter ] --END-- [ RunTime:0.000311s ]
INFO: Run Behavior\ParseTemplateBehavior [ RunTime:0.017636s ]
INFO: [ view_parse ] --END-- [ RunTime:0.018996s ]
INFO: [ view_filter ] --START--
INFO: Run Behavior\WriteHtmlCacheBehavior [ RunTime:0.000979s ]
INFO: [ view_filter ] --END-- [ RunTime:0.001131s ]
INFO: [ app_end ] --START--
INFO: Run Behavior\ShowPageTraceBehavior [ RunTime:0.001660s ]
INFO: [ app_end ] --END-- [ RunTime:0.001831s ]

[ 2016-08-20T10:47:50+08:00 ] 127.0.0.1 /index.php/Admin/Index/down.html
INFO: [ view_parse ] --START--
INFO: [ template_filter ] --START--
INFO: Run Behavior\ContentReplaceBehavior [ RunTime:0.000122s ]
INFO: [ template_filter ] --END-- [ RunTime:0.000316s ]
INFO: Run Behavior\ParseTemplateBehavior [ RunTime:0.017535s ]
INFO: [ view_parse ] --END-- [ RunTime:0.018911s ]
INFO: [ view_filter ] --START--
INFO: Run Behavior\WriteHtmlCacheBehavior [ RunTime:0.000893s ]
INFO: [ view_filter ] --END-- [ RunTime:0.001044s ]
INFO: [ app_end ] --START--
INFO: Run Behavior\ShowPageTraceBehavior [ RunTime:0.001744s ]
INFO: [ app_end ] --END-- [ RunTime:0.001915s ]

[ 2016-08-20T10:49:01+08:00 ] 127.0.0.1 /index.php/Admin/Index/index.html
INFO: [ view_parse ] --START--
INFO: [ template_filter ] --START--
INFO: Run Behavior\ContentReplaceBehavior [ RunTime:0.000107s ]
INFO: [ template_filter ] --END-- [ RunTime:0.000296s ]
INFO: Run Behavior\ParseTemplateBehavior [ RunTime:0.015501s ]
INFO: [ view_parse ] --END-- [ RunTime:0.016622s ]
INFO: [ view_filter ] --START--
INFO: Run Behavior\WriteHtmlCacheBehavior [ RunTime:0.001060s ]
INFO: [ view_filter ] --END-- [ RunTime:0.001253s ]
INFO: [ app_end ] --START--
INFO: Run Behavior\ShowPageTraceBehavior [ RunTime:0.001420s ]
INFO: [ app_end ] --END-- [ RunTime:0.001581s ]

[ 2016-08-20T10:49:01+08:00 ] 127.0.0.1 /index.php/Admin/Index/down.html
INFO: [ view_parse ] --START--
INFO: [ template_filter ] --START--
INFO: Run Behavior\ContentReplaceBehavior [ RunTime:0.000133s ]
INFO: [ template_filter ] --END-- [ RunTime:0.000349s ]
INFO: Run Behavior\ParseTemplateBehavior [ RunTime:0.017573s ]
INFO: [ view_parse ] --END-- [ RunTime:0.018797s ]
INFO: [ view_filter ] --START--
INFO: Run Behavior\WriteHtmlCacheBehavior [ RunTime:0.001072s ]
INFO: [ view_filter ] --END-- [ RunTime:0.001255s ]
INFO: [ app_end ] --START--
INFO: Run Behavior\ShowPageTraceBehavior [ RunTime:0.001736s ]
INFO: [ app_end ] --END-- [ RunTime:0.001908s ]

[ 2016-08-20T10:49:01+08:00 ] 127.0.0.1 /index.php/Admin/Index/head.html
INFO: [ view_parse ] --START--
INFO: [ template_filter ] --START--
INFO: Run Behavior\ContentReplaceBehavior [ RunTime:0.000304s ]
INFO: [ template_filter ] --END-- [ RunTime:0.000478s ]
INFO: Run Behavior\ParseTemplateBehavior [ RunTime:0.038925s ]
INFO: [ view_parse ] --END-- [ RunTime:0.049159s ]
INFO: [ view_filter ] --START--
INFO: Run Behavior\WriteHtmlCacheBehavior [ RunTime:0.001434s ]
INFO: [ view_filter ] --END-- [ RunTime:0.001680s ]
INFO: [ app_end ] --START--
INFO: Run Behavior\ShowPageTraceBehavior [ RunTime:0.001905s ]
INFO: [ app_end ] --END-- [ RunTime:0.002149s ]

[ 2016-08-20T10:49:02+08:00 ] 127.0.0.1 /index.php/Admin/Index/center.html
INFO: [ view_parse ] --START--
INFO: [ template_filter ] --START--
INFO: Run Behavior\ContentReplaceBehavior [ RunTime:0.000133s ]
INFO: [ template_filter ] --END-- [ RunTime:0.000361s ]
INFO: Run Behavior\ParseTemplateBehavior [ RunTime:0.022428s ]
INFO: [ view_parse ] --END-- [ RunTime:0.023543s ]
INFO: [ view_filter ] --START--
INFO: Run Behavior\WriteHtmlCacheBehavior [ RunTime:0.001110s ]
INFO: [ view_filter ] --END-- [ RunTime:0.001284s ]
INFO: [ app_end ] --START--
INFO: Run Behavior\ShowPageTraceBehavior [ RunTime:0.003627s ]
INFO: [ app_end ] --END-- [ RunTime:0.003863s ]

[ 2016-08-20T11:38:07+08:00 ] 127.0.0.1 /index.php/Admin/Index/index.html
INFO: [ view_parse ] --START--
INFO: [ template_filter ] --START--
INFO: Run Behavior\ContentReplaceBehavior [ RunTime:0.000116s ]
INFO: [ template_filter ] --END-- [ RunTime:0.000296s ]
INFO: Run Behavior\ParseTemplateBehavior [ RunTime:0.017058s ]
INFO: [ view_parse ] --END-- [ RunTime:0.019318s ]
INFO: [ view_filter ] --START--
INFO: Run Behavior\WriteHtmlCacheBehavior [ RunTime:0.001007s ]
INFO: [ view_filter ] --END-- [ RunTime:0.001182s ]
INFO: [ app_end ] --START--
INFO: Run Behavior\ShowPageTraceBehavior [ RunTime:0.001603s ]
INFO: [ app_end ] --END-- [ RunTime:0.001768s ]

[ 2016-08-20T11:38:07+08:00 ] 127.0.0.1 /index.php/Admin/Index/head.html
INFO: [ view_parse ] --START--
INFO: [ template_filter ] --START--
INFO: Run Behavior\ContentReplaceBehavior [ RunTime:0.000178s ]
INFO: [ template_filter ] --END-- [ RunTime:0.000356s ]
INFO: Run Behavior\ParseTemplateBehavior [ RunTime:0.021259s ]
INFO: [ view_parse ] --END-- [ RunTime:0.022419s ]
INFO: [ view_filter ] --START--
INFO: Run Behavior\WriteHtmlCacheBehavior [ RunTime:0.000735s ]
INFO: [ view_filter ] --END-- [ RunTime:0.000878s ]
INFO: [ app_end ] --START--
INFO: Run Behavior\ShowPageTraceBehavior [ RunTime:0.001328s ]
INFO: [ app_end ] --END-- [ RunTime:0.001479s ]

[ 2016-08-20T11:38:07+08:00 ] 127.0.0.1 /index.php/Admin/Index/center.html
INFO: [ view_parse ] --START--
INFO: [ template_filter ] --START--
INFO: Run Behavior\ContentReplaceBehavior [ RunTime:0.000145s ]
INFO: [ template_filter ] --END-- [ RunTime:0.000327s ]
INFO: Run Behavior\ParseTemplateBehavior [ RunTime:0.017312s ]
INFO: [ view_parse ] --END-- [ RunTime:0.018667s ]
INFO: [ view_filter ] --START--
INFO: Run Behavior\WriteHtmlCacheBehavior [ RunTime:0.001209s ]
INFO: [ view_filter ] --END-- [ RunTime:0.001375s ]
INFO: [ app_end ] --START--
INFO: Run Behavior\ShowPageTraceBehavior [ RunTime:0.001875s ]
INFO: [ app_end ] --END-- [ RunTime:0.002039s ]

[ 2016-08-20T11:38:07+08:00 ] 127.0.0.1 /index.php/Admin/Index/down.html
INFO: [ view_parse ] --START--
INFO: [ template_filter ] --START--
INFO: Run Behavior\ContentReplaceBehavior [ RunTime:0.000116s ]
INFO: [ template_filter ] --END-- [ RunTime:0.000290s ]
INFO: Run Behavior\ParseTemplateBehavior [ RunTime:0.015705s ]
INFO: [ view_parse ] --END-- [ RunTime:0.017865s ]
INFO: [ view_filter ] --START--
INFO: Run Behavior\WriteHtmlCacheBehavior [ RunTime:0.001009s ]
INFO: [ view_filter ] --END-- [ RunTime:0.001139s ]
INFO: [ app_end ] --START--
INFO: Run Behavior\ShowPageTraceBehavior [ RunTime:0.001595s ]
INFO: [ app_end ] --END-- [ RunTime:0.001747s ]

[ 2016-08-20T11:39:04+08:00 ] 127.0.0.1 /index.php/Admin/Index/index.html
INFO: [ view_parse ] --START--
INFO: [ template_filter ] --START--
INFO: Run Behavior\ContentReplaceBehavior [ RunTime:0.000112s ]
INFO: [ template_filter ] --END-- [ RunTime:0.000296s ]
INFO: Run Behavior\ParseTemplateBehavior [ RunTime:0.016188s ]
INFO: [ view_parse ] --END-- [ RunTime:0.022038s ]
INFO: [ view_filter ] --START--
INFO: Run Behavior\WriteHtmlCacheBehavior [ RunTime:0.000858s ]
INFO: [ view_filter ] --END-- [ RunTime:0.001094s ]
INFO: [ app_end ] --START--
INFO: Run Behavior\ShowPageTraceBehavior [ RunTime:0.003854s ]
INFO: [ app_end ] --END-- [ RunTime:0.004023s ]

[ 2016-08-20T11:39:05+08:00 ] 127.0.0.1 /index.php/Admin/Index/center.html
INFO: [ view_parse ] --START--
INFO: [ template_filter ] --START--
INFO: Run Behavior\ContentReplaceBehavior [ RunTime:0.000137s ]
INFO: [ template_filter ] --END-- [ RunTime:0.000376s ]
INFO: Run Behavior\ParseTemplateBehavior [ RunTime:0.019649s ]
INFO: [ view_parse ] --END-- [ RunTime:0.020798s ]
INFO: [ view_filter ] --START--
INFO: Run Behavior\WriteHtmlCacheBehavior [ RunTime:0.001019s ]
INFO: [ view_filter ] --END-- [ RunTime:0.001165s ]
INFO: [ app_end ] --START--
INFO: Run Behavior\ShowPageTraceBehavior [ RunTime:0.001540s ]
INFO: [ app_end ] --END-- [ RunTime:0.001699s ]

[ 2016-08-20T11:39:05+08:00 ] 127.0.0.1 /index.php/Admin/Index/head.html
INFO: [ view_parse ] --START--
INFO: [ template_filter ] --START--
INFO: Run Behavior\ContentReplaceBehavior [ RunTime:0.000175s ]
INFO: [ template_filter ] --END-- [ RunTime:0.000359s ]
INFO: Run Behavior\ParseTemplateBehavior [ RunTime:0.022910s ]
INFO: [ view_parse ] --END-- [ RunTime:0.024011s ]
INFO: [ view_filter ] --START--
INFO: Run Behavior\WriteHtmlCacheBehavior [ RunTime:0.000830s ]
INFO: [ view_filter ] --END-- [ RunTime:0.001014s ]
INFO: [ app_end ] --START--
INFO: Run Behavior\ShowPageTraceBehavior [ RunTime:0.001469s ]
INFO: [ app_end ] --END-- [ RunTime:0.001641s ]

[ 2016-08-20T11:39:05+08:00 ] 127.0.0.1 /index.php/Admin/Index/down.html
INFO: [ view_parse ] --START--
INFO: [ template_filter ] --START--
INFO: Run Behavior\ContentReplaceBehavior [ RunTime:0.000114s ]
INFO: [ template_filter ] --END-- [ RunTime:0.000291s ]
INFO: Run Behavior\ParseTemplateBehavior [ RunTime:0.019647s ]
INFO: [ view_parse ] --END-- [ RunTime:0.020719s ]
INFO: [ view_filter ] --START--
INFO: Run Behavior\WriteHtmlCacheBehavior [ RunTime:0.006515s ]
INFO: [ view_filter ] --END-- [ RunTime:0.006690s ]
INFO: [ app_end ] --START--
INFO: Run Behavior\ShowPageTraceBehavior [ RunTime:0.001504s ]
INFO: [ app_end ] --END-- [ RunTime:0.001662s ]

[ 2016-08-20T11:54:16+08:00 ] 127.0.0.1 /index.php/Admin/Attribute/showlist/type_id/2.html
ERR: 无法加载控制器:Attribute

[ 2016-08-20T16:01:00+08:00 ] 127.0.0.1 /index.php/Admin/Attribute/getInfoByType?type_id=1
INFO: [ app_begin ] --START--
INFO: Run Behavior\ReadHtmlCacheBehavior [ RunTime:0.001182s ]
INFO: [ app_begin ] --END-- [ RunTime:0.002088s ]
SQL: SHOW COLUMNS FROM `sp_manager` [ RunTime:0.0111s ]
SQL: SELECT r.role_auth_ac FROM sp_manager m left join sp_role r on m.role_id=r.role_id  WHERE ( m.mg_id='1' ) LIMIT 1   [ RunTime:0.0012s ]
SQL: SHOW COLUMNS FROM `sp_attribute` [ RunTime:0.0127s ]
ERR: SQLSTATE[23000]: Integrity constraint violation: 1052 Column 'type_id' in where clause is ambiguous

[ 2016-08-20T16:01:05+08:00 ] 127.0.0.1 /index.php/Admin/Index/index.html
INFO: [ view_parse ] --START--
INFO: [ template_filter ] --START--
INFO: Run Behavior\ContentReplaceBehavior [ RunTime:0.000115s ]
INFO: [ template_filter ] --END-- [ RunTime:0.000297s ]
INFO: Run Behavior\ParseTemplateBehavior [ RunTime:0.015664s ]
INFO: [ view_parse ] --END-- [ RunTime:0.016778s ]
INFO: [ view_filter ] --START--
INFO: Run Behavior\WriteHtmlCacheBehavior [ RunTime:0.000833s ]
INFO: [ view_filter ] --END-- [ RunTime:0.000967s ]
INFO: [ app_end ] --START--
INFO: Run Behavior\ShowPageTraceBehavior [ RunTime:0.001294s ]
INFO: [ app_end ] --END-- [ RunTime:0.001412s ]

[ 2016-08-20T16:01:05+08:00 ] 127.0.0.1 /index.php/Admin/Index/center.html
INFO: [ view_parse ] --START--
INFO: [ template_filter ] --START--
INFO: Run Behavior\ContentReplaceBehavior [ RunTime:0.000197s ]
INFO: [ template_filter ] --END-- [ RunTime:0.000553s ]
INFO: Run Behavior\ParseTemplateBehavior [ RunTime:0.041818s ]
INFO: [ view_parse ] --END-- [ RunTime:0.042991s ]
INFO: [ view_filter ] --START--
INFO: Run Behavior\WriteHtmlCacheBehavior [ RunTime:0.000731s ]
INFO: [ view_filter ] --END-- [ RunTime:0.001156s ]
INFO: [ app_end ] --START--
INFO: Run Behavior\ShowPageTraceBehavior [ RunTime:0.001517s ]
INFO: [ app_end ] --END-- [ RunTime:0.001681s ]

[ 2016-08-20T16:01:05+08:00 ] 127.0.0.1 /index.php/Admin/Index/head.html
INFO: [ view_parse ] --START--
INFO: [ template_filter ] --START--
INFO: Run Behavior\ContentReplaceBehavior [ RunTime:0.000181s ]
INFO: [ template_filter ] --END-- [ RunTime:0.000366s ]
INFO: Run Behavior\ParseTemplateBehavior [ RunTime:0.022932s ]
INFO: [ view_parse ] --END-- [ RunTime:0.026305s ]
INFO: [ view_filter ] --START--
INFO: Run Behavior\WriteHtmlCacheBehavior [ RunTime:0.001015s ]
INFO: [ view_filter ] --END-- [ RunTime:0.001154s ]
INFO: [ app_end ] --START--
INFO: Run Behavior\ShowPageTraceBehavior [ RunTime:0.001514s ]
INFO: [ app_end ] --END-- [ RunTime:0.001695s ]

[ 2016-08-20T16:01:05+08:00 ] 127.0.0.1 /index.php/Admin/Index/down.html
INFO: [ view_parse ] --START--
INFO: [ template_filter ] --START--
INFO: Run Behavior\ContentReplaceBehavior [ RunTime:0.000099s ]
INFO: [ template_filter ] --END-- [ RunTime:0.000262s ]
INFO: Run Behavior\ParseTemplateBehavior [ RunTime:0.030612s ]
INFO: [ view_parse ] --END-- [ RunTime:0.031785s ]
INFO: [ view_filter ] --START--
INFO: Run Behavior\WriteHtmlCacheBehavior [ RunTime:0.000787s ]
INFO: [ view_filter ] --END-- [ RunTime:0.000919s ]
INFO: [ app_end ] --START--
INFO: Run Behavior\ShowPageTraceBehavior [ RunTime:0.001381s ]
INFO: [ app_end ] --END-- [ RunTime:0.001521s ]

[ 2016-08-20T16:01:11+08:00 ] 127.0.0.1 /index.php/Admin/Attribute/getInfoByType?type_id=1
INFO: [ app_begin ] --START--
INFO: Run Behavior\ReadHtmlCacheBehavior [ RunTime:0.001724s ]
INFO: [ app_begin ] --END-- [ RunTime:0.003020s ]
SQL: SHOW COLUMNS FROM `sp_manager` [ RunTime:0.0118s ]
SQL: SELECT r.role_auth_ac FROM sp_manager m left join sp_role r on m.role_id=r.role_id  WHERE ( m.mg_id='1' ) LIMIT 1   [ RunTime:0.0008s ]
SQL: SHOW COLUMNS FROM `sp_attribute` [ RunTime:0.0106s ]
ERR: SQLSTATE[23000]: Integrity constraint violation: 1052 Column 'type_id' in where clause is ambiguous

[ 2016-08-20T16:01:30+08:00 ] 127.0.0.1 /index.php/Admin/Attribute/getInfoByType?type_id=1
INFO: [ app_begin ] --START--
INFO: Run Behavior\ReadHtmlCacheBehavior [ RunTime:0.001640s ]
INFO: [ app_begin ] --END-- [ RunTime:0.002925s ]
SQL: SHOW COLUMNS FROM `sp_manager` [ RunTime:0.0114s ]
SQL: SELECT r.role_auth_ac FROM sp_manager m left join sp_role r on m.role_id=r.role_id  WHERE ( m.mg_id='1' ) LIMIT 1   [ RunTime:0.0007s ]
SQL: SHOW COLUMNS FROM `sp_attribute` [ RunTime:0.0109s ]
ERR: SQLSTATE[23000]: Integrity constraint violation: 1052 Column 'type_id' in where clause is ambiguous

[ 2016-08-20T16:02:22+08:00 ] 127.0.0.1 /index.php/Admin/Attribute/getInfoByType?type_id=1
INFO: [ app_begin ] --START--
INFO: Run Behavior\ReadHtmlCacheBehavior [ RunTime:0.005130s ]
INFO: [ app_begin ] --END-- [ RunTime:0.006011s ]
SQL: SHOW COLUMNS FROM `sp_manager` [ RunTime:0.0068s ]
SQL: SELECT r.role_auth_ac FROM sp_manager m left join sp_role r on m.role_id=r.role_id  WHERE ( m.mg_id='1' ) LIMIT 1   [ RunTime:0.0005s ]
SQL: SHOW COLUMNS FROM `sp_attribute` [ RunTime:0.0085s ]
SQL: SELECT a.*,t.type_name FROM sp_attribute a INNER JOIN sp_type t on a.type_id=t.type_id  WHERE a.type_id = '1'  [ RunTime:0.0011s ]
INFO: [ app_end ] --START--
INFO: Run Behavior\ShowPageTraceBehavior [ RunTime:0.001724s ]
INFO: [ app_end ] --END-- [ RunTime:0.001950s ]

[ 2016-08-20T16:02:27+08:00 ] 127.0.0.1 /index.php/Admin/Attribute/getInfoByType?type_id=4
INFO: [ app_begin ] --START--
INFO: Run Behavior\ReadHtmlCacheBehavior [ RunTime:0.000968s ]
INFO: [ app_begin ] --END-- [ RunTime:0.001794s ]
SQL: SHOW COLUMNS FROM `sp_manager` [ RunTime:0.0103s ]
SQL: SELECT r.role_auth_ac FROM sp_manager m left join sp_role r on m.role_id=r.role_id  WHERE ( m.mg_id='1' ) LIMIT 1   [ RunTime:0.0038s ]
SQL: SHOW COLUMNS FROM `sp_attribute` [ RunTime:0.0132s ]
SQL: SELECT a.*,t.type_name FROM sp_attribute a INNER JOIN sp_type t on a.type_id=t.type_id  WHERE a.type_id = '4'  [ RunTime:0.0011s ]
INFO: [ app_end ] --START--
INFO: Run Behavior\ShowPageTraceBehavior [ RunTime:0.002786s ]
INFO: [ app_end ] --END-- [ RunTime:0.002954s ]

[ 2016-08-20T16:02:30+08:00 ] 127.0.0.1 /index.php/Admin/Attribute/getInfoByType?type_id=1
INFO: [ app_begin ] --START--
INFO: Run Behavior\ReadHtmlCacheBehavior [ RunTime:0.001758s ]
INFO: [ app_begin ] --END-- [ RunTime:0.002781s ]
SQL: SHOW COLUMNS FROM `sp_manager` [ RunTime:0.0087s ]
SQL: SELECT r.role_auth_ac FROM sp_manager m left join sp_role r on m.role_id=r.role_id  WHERE ( m.mg_id='1' ) LIMIT 1   [ RunTime:0.0010s ]
SQL: SHOW COLUMNS FROM `sp_attribute` [ RunTime:0.0100s ]
SQL: SELECT a.*,t.type_name FROM sp_attribute a INNER JOIN sp_type t on a.type_id=t.type_id  WHERE a.type_id = '1'  [ RunTime:0.0008s ]
INFO: [ app_end ] --START--
INFO: Run Behavior\ShowPageTraceBehavior [ RunTime:0.001457s ]
INFO: [ app_end ] --END-- [ RunTime:0.001615s ]

[ 2016-08-20T16:02:31+08:00 ] 127.0.0.1 /index.php/Admin/Attribute/getInfoByType?type_id=4
INFO: [ app_begin ] --START--
INFO: Run Behavior\ReadHtmlCacheBehavior [ RunTime:0.000942s ]
INFO: [ app_begin ] --END-- [ RunTime:0.001637s ]
SQL: SHOW COLUMNS FROM `sp_manager` [ RunTime:0.0090s ]
SQL: SELECT r.role_auth_ac FROM sp_manager m left join sp_role r on m.role_id=r.role_id  WHERE ( m.mg_id='1' ) LIMIT 1   [ RunTime:0.0006s ]
SQL: SHOW COLUMNS FROM `sp_attribute` [ RunTime:0.0104s ]
SQL: SELECT a.*,t.type_name FROM sp_attribute a INNER JOIN sp_type t on a.type_id=t.type_id  WHERE a.type_id = '4'  [ RunTime:0.0010s ]
INFO: [ app_end ] --START--
INFO: Run Behavior\ShowPageTraceBehavior [ RunTime:0.001710s ]
INFO: [ app_end ] --END-- [ RunTime:0.001909s ]

[ 2016-08-20T16:03:08+08:00 ] 127.0.0.1 /index.php/Admin/Attribute/getInfoByType?type_id=1
INFO: [ app_begin ] --START--
INFO: Run Behavior\ReadHtmlCacheBehavior [ RunTime:0.003288s ]
INFO: [ app_begin ] --END-- [ RunTime:0.012208s ]
SQL: SHOW COLUMNS FROM `sp_manager` [ RunTime:0.0086s ]
SQL: SELECT r.role_auth_ac FROM sp_manager m left join sp_role r on m.role_id=r.role_id  WHERE ( m.mg_id='1' ) LIMIT 1   [ RunTime:0.0005s ]
SQL: SHOW COLUMNS FROM `sp_attribute` [ RunTime:0.0070s ]
SQL: SELECT a.*,t.type_name FROM sp_attribute a INNER JOIN sp_type t on a.type_id=t.type_id  WHERE a.type_id = '1'  [ RunTime:0.0006s ]
INFO: [ app_end ] --START--
INFO: Run Behavior\ShowPageTraceBehavior [ RunTime:0.001690s ]
INFO: [ app_end ] --END-- [ RunTime:0.001842s ]

[ 2016-08-20T16:03:10+08:00 ] 127.0.0.1 /index.php/Admin/Attribute/getInfoByType?type_id=4
INFO: [ app_begin ] --START--
INFO: Run Behavior\ReadHtmlCacheBehavior [ RunTime:0.001200s ]
INFO: [ app_begin ] --END-- [ RunTime:0.002006s ]
SQL: SHOW COLUMNS FROM `sp_manager` [ RunTime:0.0097s ]
SQL: SELECT r.role_auth_ac FROM sp_manager m left join sp_role r on m.role_id=r.role_id  WHERE ( m.mg_id='1' ) LIMIT 1   [ RunTime:0.0007s ]
SQL: SHOW COLUMNS FROM `sp_attribute` [ RunTime:0.0071s ]
SQL: SELECT a.*,t.type_name FROM sp_attribute a INNER JOIN sp_type t on a.type_id=t.type_id  WHERE a.type_id = '4'  [ RunTime:0.0007s ]
INFO: [ app_end ] --START--
INFO: Run Behavior\ShowPageTraceBehavior [ RunTime:0.001560s ]
INFO: [ app_end ] --END-- [ RunTime:0.001733s ]

[ 2016-08-20T16:06:49+08:00 ] 127.0.0.1 /index.php/Admin/Attribute/getInfoByType?type_id=1
INFO: [ app_begin ] --START--
INFO: Run Behavior\ReadHtmlCacheBehavior [ RunTime:0.001993s ]
INFO: [ app_begin ] --END-- [ RunTime:0.004325s ]
SQL: SHOW COLUMNS FROM `sp_manager` [ RunTime:0.0079s ]
SQL: SELECT r.role_auth_ac FROM sp_manager m left join sp_role r on m.role_id=r.role_id  WHERE ( m.mg_id='1' ) LIMIT 1   [ RunTime:0.0005s ]
SQL: SHOW COLUMNS FROM `sp_attribute` [ RunTime:0.0071s ]
SQL: SELECT a.*,t.type_name FROM sp_attribute a INNER JOIN sp_type t on a.type_id=t.type_id  WHERE a.type_id = '1'  [ RunTime:0.0007s ]
INFO: [ app_end ] --START--
INFO: Run Behavior\ShowPageTraceBehavior [ RunTime:0.001589s ]
INFO: [ app_end ] --END-- [ RunTime:0.001715s ]

[ 2016-08-20T16:11:45+08:00 ] 127.0.0.1 /index.php/Admin/Attribute/getInfoByType?type_id=4
INFO: [ app_begin ] --START--
INFO: Run Behavior\ReadHtmlCacheBehavior [ RunTime:0.001541s ]
INFO: [ app_begin ] --END-- [ RunTime:0.003473s ]
SQL: SHOW COLUMNS FROM `sp_manager` [ RunTime:0.0099s ]
SQL: SELECT r.role_auth_ac FROM sp_manager m left join sp_role r on m.role_id=r.role_id  WHERE ( m.mg_id='1' ) LIMIT 1   [ RunTime:0.0005s ]
SQL: SHOW COLUMNS FROM `sp_attribute` [ RunTime:0.0108s ]
SQL: SELECT a.*,t.type_name FROM sp_attribute a INNER JOIN sp_type t on a.type_id=t.type_id  WHERE a.type_id = '4'  [ RunTime:0.0009s ]
INFO: [ app_end ] --START--
INFO: Run Behavior\ShowPageTraceBehavior [ RunTime:0.001383s ]
INFO: [ app_end ] --END-- [ RunTime:0.001511s ]

[ 2016-08-20T16:19:24+08:00 ] 127.0.0.1 /index.php/Admin/Attribute/getInfoByType?type_id=4
INFO: [ app_begin ] --START--
INFO: Run Behavior\ReadHtmlCacheBehavior [ RunTime:0.001637s ]
INFO: [ app_begin ] --END-- [ RunTime:0.002460s ]
SQL: SHOW COLUMNS FROM `sp_manager` [ RunTime:0.0084s ]
SQL: SELECT r.role_auth_ac FROM sp_manager m left join sp_role r on m.role_id=r.role_id  WHERE ( m.mg_id='1' ) LIMIT 1   [ RunTime:0.0007s ]
SQL: SHOW COLUMNS FROM `sp_attribute` [ RunTime:0.0129s ]
SQL: SELECT a.*,t.type_name FROM sp_attribute a INNER JOIN sp_type t on a.type_id=t.type_id  WHERE a.type_id = '4'  [ RunTime:0.0010s ]
INFO: [ app_end ] --START--
INFO: Run Behavior\ShowPageTraceBehavior [ RunTime:0.001723s ]
INFO: [ app_end ] --END-- [ RunTime:0.001890s ]

[ 2016-08-20T16:19:31+08:00 ] 127.0.0.1 /index.php/Admin/Attribute/getInfoByType?type_id=1
INFO: [ app_begin ] --START--
INFO: Run Behavior\ReadHtmlCacheBehavior [ RunTime:0.001335s ]
INFO: [ app_begin ] --END-- [ RunTime:0.002333s ]
SQL: SHOW COLUMNS FROM `sp_manager` [ RunTime:0.0102s ]
SQL: SELECT r.role_auth_ac FROM sp_manager m left join sp_role r on m.role_id=r.role_id  WHERE ( m.mg_id='1' ) LIMIT 1   [ RunTime:0.0008s ]
SQL: SHOW COLUMNS FROM `sp_attribute` [ RunTime:0.0109s ]
SQL: SELECT a.*,t.type_name FROM sp_attribute a INNER JOIN sp_type t on a.type_id=t.type_id  WHERE a.type_id = '1'  [ RunTime:0.0012s ]
INFO: [ app_end ] --START--
INFO: Run Behavior\ShowPageTraceBehavior [ RunTime:0.001592s ]
INFO: [ app_end ] --END-- [ RunTime:0.001792s ]

[ 2016-08-20T16:19:36+08:00 ] 127.0.0.1 /index.php/Admin/Attribute/getInfoByType?type_id=4
INFO: [ app_begin ] --START--
INFO: Run Behavior\ReadHtmlCacheBehavior [ RunTime:0.001596s ]
INFO: [ app_begin ] --END-- [ RunTime:0.002697s ]
SQL: SHOW COLUMNS FROM `sp_manager` [ RunTime:0.0078s ]
SQL: SELECT r.role_auth_ac FROM sp_manager m left join sp_role r on m.role_id=r.role_id  WHERE ( m.mg_id='1' ) LIMIT 1   [ RunTime:0.0005s ]
SQL: SHOW COLUMNS FROM `sp_attribute` [ RunTime:0.0123s ]
SQL: SELECT a.*,t.type_name FROM sp_attribute a INNER JOIN sp_type t on a.type_id=t.type_id  WHERE a.type_id = '4'  [ RunTime:0.0010s ]
INFO: [ app_end ] --START--
INFO: Run Behavior\ShowPageTraceBehavior [ RunTime:0.001685s ]
INFO: [ app_end ] --END-- [ RunTime:0.001844s ]

[ 2016-08-20T16:19:39+08:00 ] 127.0.0.1 /index.php/Admin/Attribute/getInfoByType?type_id=1
INFO: [ app_begin ] --START--
INFO: Run Behavior\ReadHtmlCacheBehavior [ RunTime:0.001088s ]
INFO: [ app_begin ] --END-- [ RunTime:0.002065s ]
SQL: SHOW COLUMNS FROM `sp_manager` [ RunTime:0.0115s ]
SQL: SELECT r.role_auth_ac FROM sp_manager m left join sp_role r on m.role_id=r.role_id  WHERE ( m.mg_id='1' ) LIMIT 1   [ RunTime:0.0008s ]
SQL: SHOW COLUMNS FROM `sp_attribute` [ RunTime:0.0078s ]
SQL: SELECT a.*,t.type_name FROM sp_attribute a INNER JOIN sp_type t on a.type_id=t.type_id  WHERE a.type_id = '1'  [ RunTime:0.0010s ]
INFO: [ app_end ] --START--
INFO: Run Behavior\ShowPageTraceBehavior [ RunTime:0.002815s ]
INFO: [ app_end ] --END-- [ RunTime:0.002944s ]

[ 2016-08-20T16:20:08+08:00 ] 127.0.0.1 /index.php/Admin/Attribute/getInfoByType?type_id=4
INFO: [ app_begin ] --START--
INFO: Run Behavior\ReadHtmlCacheBehavior [ RunTime:0.001614s ]
INFO: [ app_begin ] --END-- [ RunTime:0.002505s ]
SQL: SHOW COLUMNS FROM `sp_manager` [ RunTime:0.0119s ]
SQL: SELECT r.role_auth_ac FROM sp_manager m left join sp_role r on m.role_id=r.role_id  WHERE ( m.mg_id='1' ) LIMIT 1   [ RunTime:0.0008s ]
SQL: SHOW COLUMNS FROM `sp_attribute` [ RunTime:0.0112s ]
SQL: SELECT a.*,t.type_name FROM sp_attribute a INNER JOIN sp_type t on a.type_id=t.type_id  WHERE a.type_id = '4'  [ RunTime:0.0008s ]
INFO: [ app_end ] --START--
INFO: Run Behavior\ShowPageTraceBehavior [ RunTime:0.001508s ]
INFO: [ app_end ] --END-- [ RunTime:0.001652s ]

[ 2016-08-20T16:21:55+08:00 ] 127.0.0.1 /index.php/Admin/Attribute/getInfoByType?type_id=4
INFO: [ app_begin ] --START--
INFO: Run Behavior\ReadHtmlCacheBehavior [ RunTime:0.001760s ]
INFO: [ app_begin ] --END-- [ RunTime:0.003156s ]
SQL: SHOW COLUMNS FROM `sp_manager` [ RunTime:0.0101s ]
SQL: SELECT r.role_auth_ac FROM sp_manager m left join sp_role r on m.role_id=r.role_id  WHERE ( m.mg_id='1' ) LIMIT 1   [ RunTime:0.0006s ]
SQL: SHOW COLUMNS FROM `sp_attribute` [ RunTime:0.0108s ]
SQL: SELECT a.*,t.type_name FROM sp_attribute a INNER JOIN sp_type t on a.type_id=t.type_id  WHERE a.type_id = '4'  [ RunTime:0.0008s ]
INFO: [ app_end ] --START--
INFO: Run Behavior\ShowPageTraceBehavior [ RunTime:0.001823s ]
INFO: [ app_end ] --END-- [ RunTime:0.001976s ]

[ 2016-08-20T16:21:57+08:00 ] 127.0.0.1 /index.php/Admin/Attribute/getInfoByType?type_id=0
INFO: [ app_begin ] --START--
INFO: Run Behavior\ReadHtmlCacheBehavior [ RunTime:0.001307s ]
INFO: [ app_begin ] --END-- [ RunTime:0.002294s ]
SQL: SHOW COLUMNS FROM `sp_manager` [ RunTime:0.0086s ]
SQL: SELECT r.role_auth_ac FROM sp_manager m left join sp_role r on m.role_id=r.role_id  WHERE ( m.mg_id='1' ) LIMIT 1   [ RunTime:0.0005s ]
SQL: SHOW COLUMNS FROM `sp_attribute` [ RunTime:0.0068s ]
SQL: SELECT a.*,t.type_name FROM sp_attribute a INNER JOIN sp_type t on a.type_id=t.type_id  WHERE a.type_id = '0'  [ RunTime:0.0005s ]
INFO: [ app_end ] --START--
INFO: Run Behavior\ShowPageTraceBehavior [ RunTime:0.001058s ]
INFO: [ app_end ] --END-- [ RunTime:0.001154s ]

[ 2016-08-20T16:22:28+08:00 ] 127.0.0.1 /index.php/Admin/Attribute/getInfoByType?type_id=4
INFO: [ app_begin ] --START--
INFO: Run Behavior\ReadHtmlCacheBehavior [ RunTime:0.000945s ]
INFO: [ app_begin ] --END-- [ RunTime:0.001719s ]
SQL: SHOW COLUMNS FROM `sp_manager` [ RunTime:0.0119s ]
SQL: SELECT r.role_auth_ac FROM sp_manager m left join sp_role r on m.role_id=r.role_id  WHERE ( m.mg_id='1' ) LIMIT 1   [ RunTime:0.0005s ]
SQL: SHOW COLUMNS FROM `sp_attribute` [ RunTime:0.0130s ]
SQL: SELECT a.*,t.type_name FROM sp_attribute a INNER JOIN sp_type t on a.type_id=t.type_id  WHERE a.type_id = '4'  [ RunTime:0.0009s ]
INFO: [ app_end ] --START--
INFO: Run Behavior\ShowPageTraceBehavior [ RunTime:0.001487s ]
INFO: [ app_end ] --END-- [ RunTime:0.001663s ]

[ 2016-08-20T16:22:31+08:00 ] 127.0.0.1 /index.php/Admin/Attribute/getInfoByType?type_id=0
INFO: [ app_begin ] --START--
INFO: Run Behavior\ReadHtmlCacheBehavior [ RunTime:0.001951s ]
INFO: [ app_begin ] --END-- [ RunTime:0.003260s ]
SQL: SHOW COLUMNS FROM `sp_manager` [ RunTime:0.0073s ]
SQL: SELECT r.role_auth_ac FROM sp_manager m left join sp_role r on m.role_id=r.role_id  WHERE ( m.mg_id='1' ) LIMIT 1   [ RunTime:0.0005s ]
SQL: SHOW COLUMNS FROM `sp_attribute` [ RunTime:0.0068s ]
SQL: SELECT a.*,t.type_name FROM sp_attribute a INNER JOIN sp_type t on a.type_id=t.type_id  WHERE a.type_id = '0'  [ RunTime:0.0005s ]
INFO: [ app_end ] --START--
INFO: Run Behavior\ShowPageTraceBehavior [ RunTime:0.001062s ]
INFO: [ app_end ] --END-- [ RunTime:0.001155s ]

[ 2016-08-20T16:23:49+08:00 ] 127.0.0.1 /index.php/Admin/Attribute/getInfoByType?type_id=4
INFO: [ app_begin ] --START--
INFO: Run Behavior\ReadHtmlCacheBehavior [ RunTime:0.001450s ]
INFO: [ app_begin ] --END-- [ RunTime:0.002600s ]
SQL: SHOW COLUMNS FROM `sp_manager` [ RunTime:0.0127s ]
SQL: SELECT r.role_auth_ac FROM sp_manager m left join sp_role r on m.role_id=r.role_id  WHERE ( m.mg_id='1' ) LIMIT 1   [ RunTime:0.0024s ]
SQL: SHOW COLUMNS FROM `sp_attribute` [ RunTime:0.0121s ]
SQL: SELECT a.*,t.type_name FROM sp_attribute a INNER JOIN sp_type t on a.type_id=t.type_id  WHERE a.type_id = '4'  [ RunTime:0.0008s ]
INFO: [ app_end ] --START--
INFO: Run Behavior\ShowPageTraceBehavior [ RunTime:0.001510s ]
INFO: [ app_end ] --END-- [ RunTime:0.001658s ]

[ 2016-08-20T16:23:51+08:00 ] 127.0.0.1 /index.php/Admin/Attribute/getInfoByType?type_id=0
INFO: [ app_begin ] --START--
INFO: Run Behavior\ReadHtmlCacheBehavior [ RunTime:0.001416s ]
INFO: [ app_begin ] --END-- [ RunTime:0.002381s ]
SQL: SHOW COLUMNS FROM `sp_manager` [ RunTime:0.0107s ]
SQL: SELECT r.role_auth_ac FROM sp_manager m left join sp_role r on m.role_id=r.role_id  WHERE ( m.mg_id='1' ) LIMIT 1   [ RunTime:0.0012s ]
SQL: SHOW COLUMNS FROM `sp_attribute` [ RunTime:0.0126s ]
SQL: SELECT a.*,t.type_name FROM sp_attribute a INNER JOIN sp_type t on a.type_id=t.type_id   [ RunTime:0.0010s ]
INFO: [ app_end ] --START--
INFO: Run Behavior\ShowPageTraceBehavior [ RunTime:0.002287s ]
INFO: [ app_end ] --END-- [ RunTime:0.002479s ]

[ 2016-08-20T16:23:55+08:00 ] 127.0.0.1 /index.php/Admin/Attribute/getInfoByType?type_id=1
INFO: [ app_begin ] --START--
INFO: Run Behavior\ReadHtmlCacheBehavior [ RunTime:0.000958s ]
INFO: [ app_begin ] --END-- [ RunTime:0.001852s ]
SQL: SHOW COLUMNS FROM `sp_manager` [ RunTime:0.0095s ]
SQL: SELECT r.role_auth_ac FROM sp_manager m left join sp_role r on m.role_id=r.role_id  WHERE ( m.mg_id='1' ) LIMIT 1   [ RunTime:0.0005s ]
SQL: SHOW COLUMNS FROM `sp_attribute` [ RunTime:0.0077s ]
SQL: SELECT a.*,t.type_name FROM sp_attribute a INNER JOIN sp_type t on a.type_id=t.type_id  WHERE a.type_id = '1'  [ RunTime:0.0008s ]
INFO: [ app_end ] --START--
INFO: Run Behavior\ShowPageTraceBehavior [ RunTime:0.001353s ]
INFO: [ app_end ] --END-- [ RunTime:0.001521s ]

[ 2016-08-20T16:23:57+08:00 ] 127.0.0.1 /index.php/Admin/Attribute/getInfoByType?type_id=4
INFO: [ app_begin ] --START--
INFO: Run Behavior\ReadHtmlCacheBehavior [ RunTime:0.001558s ]
INFO: [ app_begin ] --END-- [ RunTime:0.002523s ]
SQL: SHOW COLUMNS FROM `sp_manager` [ RunTime:0.0115s ]
SQL: SELECT r.role_auth_ac FROM sp_manager m left join sp_role r on m.role_id=r.role_id  WHERE ( m.mg_id='1' ) LIMIT 1   [ RunTime:0.0007s ]
SQL: SHOW COLUMNS FROM `sp_attribute` [ RunTime:0.0099s ]
SQL: SELECT a.*,t.type_name FROM sp_attribute a INNER JOIN sp_type t on a.type_id=t.type_id  WHERE a.type_id = '4'  [ RunTime:0.0006s ]
INFO: [ app_end ] --START--
INFO: Run Behavior\ShowPageTraceBehavior [ RunTime:0.001059s ]
INFO: [ app_end ] --END-- [ RunTime:0.001156s ]

[ 2016-08-20T16:23:59+08:00 ] 127.0.0.1 /index.php/Admin/Attribute/getInfoByType?type_id=0
INFO: [ app_begin ] --START--
INFO: Run Behavior\ReadHtmlCacheBehavior [ RunTime:0.001441s ]
INFO: [ app_begin ] --END-- [ RunTime:0.002562s ]
SQL: SHOW COLUMNS FROM `sp_manager` [ RunTime:0.0070s ]
SQL: SELECT r.role_auth_ac FROM sp_manager m left join sp_role r on m.role_id=r.role_id  WHERE ( m.mg_id='1' ) LIMIT 1   [ RunTime:0.0006s ]
SQL: SHOW COLUMNS FROM `sp_attribute` [ RunTime:0.0116s ]
SQL: SELECT a.*,t.type_name FROM sp_attribute a INNER JOIN sp_type t on a.type_id=t.type_id   [ RunTime:0.0023s ]
INFO: [ app_end ] --START--
INFO: Run Behavior\ShowPageTraceBehavior [ RunTime:0.010205s ]
INFO: [ app_end ] --END-- [ RunTime:0.010416s ]

[ 2016-08-20T16:27:07+08:00 ] 127.0.0.1 /index.php/Admin/Attribute/getInfoByType?type_id=4
INFO: [ app_begin ] --START--
INFO: Run Behavior\ReadHtmlCacheBehavior [ RunTime:0.007719s ]
INFO: [ app_begin ] --END-- [ RunTime:0.008910s ]
SQL: SHOW COLUMNS FROM `sp_manager` [ RunTime:0.0077s ]
SQL: SELECT r.role_auth_ac FROM sp_manager m left join sp_role r on m.role_id=r.role_id  WHERE ( m.mg_id='1' ) LIMIT 1   [ RunTime:0.0004s ]
SQL: SHOW COLUMNS FROM `sp_attribute` [ RunTime:0.0067s ]
SQL: SELECT a.*,t.type_name FROM sp_attribute a INNER JOIN sp_type t on a.type_id=t.type_id  WHERE a.type_id = '4'  [ RunTime:0.0006s ]
INFO: [ app_end ] --START--
INFO: Run Behavior\ShowPageTraceBehavior [ RunTime:0.001044s ]
INFO: [ app_end ] --END-- [ RunTime:0.001140s ]

[ 2016-08-20T16:27:10+08:00 ] 127.0.0.1 /index.php/Admin/Attribute/getInfoByType?type_id=1
INFO: [ app_begin ] --START--
INFO: Run Behavior\ReadHtmlCacheBehavior [ RunTime:0.001152s ]
INFO: [ app_begin ] --END-- [ RunTime:0.001970s ]
SQL: SHOW COLUMNS FROM `sp_manager` [ RunTime:0.0108s ]
SQL: SELECT r.role_auth_ac FROM sp_manager m left join sp_role r on m.role_id=r.role_id  WHERE ( m.mg_id='1' ) LIMIT 1   [ RunTime:0.0007s ]
SQL: SHOW COLUMNS FROM `sp_attribute` [ RunTime:0.0098s ]
SQL: SELECT a.*,t.type_name FROM sp_attribute a INNER JOIN sp_type t on a.type_id=t.type_id  WHERE a.type_id = '1'  [ RunTime:0.0006s ]
INFO: [ app_end ] --START--
INFO: Run Behavior\ShowPageTraceBehavior [ RunTime:0.001070s ]
INFO: [ app_end ] --END-- [ RunTime:0.001179s ]

[ 2016-08-20T17:07:10+08:00 ] 127.0.0.1 /index.php/Admin/Goods/getAttrInfoByType?type_id=4
INFO: [ app_begin ] --START--
INFO: Run Behavior\ReadHtmlCacheBehavior [ RunTime:0.001647s ]
INFO: [ app_begin ] --END-- [ RunTime:0.002795s ]
SQL: SHOW COLUMNS FROM `sp_manager` [ RunTime:0.0083s ]
SQL: SELECT r.role_auth_ac FROM sp_manager m left join sp_role r on m.role_id=r.role_id  WHERE ( m.mg_id='1' ) LIMIT 1   [ RunTime:0.0006s ]
SQL: SHOW COLUMNS FROM `sp_attribute` [ RunTime:0.0083s ]
SQL: SELECT `attr_id`,`attr_name`,`attr_sel`,`attr_vals` FROM `sp_attribute` WHERE `type_id` = 4  [ RunTime:0.0008s ]
INFO: [ app_end ] --START--
INFO: Run Behavior\ShowPageTraceBehavior [ RunTime:0.001464s ]
INFO: [ app_end ] --END-- [ RunTime:0.001656s ]

[ 2016-08-20T17:08:09+08:00 ] 127.0.0.1 /index.php/Admin/Goods/getAttrInfoByType?type_id=1
INFO: [ app_begin ] --START--
INFO: Run Behavior\ReadHtmlCacheBehavior [ RunTime:0.000898s ]
INFO: [ app_begin ] --END-- [ RunTime:0.001574s ]
SQL: SHOW COLUMNS FROM `sp_manager` [ RunTime:0.0098s ]
SQL: SELECT r.role_auth_ac FROM sp_manager m left join sp_role r on m.role_id=r.role_id  WHERE ( m.mg_id='1' ) LIMIT 1   [ RunTime:0.0006s ]
SQL: SHOW COLUMNS FROM `sp_attribute` [ RunTime:0.0105s ]
SQL: SELECT `attr_id`,`attr_name`,`attr_sel`,`attr_vals` FROM `sp_attribute` WHERE `type_id` = 1  [ RunTime:0.0008s ]
INFO: [ app_end ] --START--
INFO: Run Behavior\ShowPageTraceBehavior [ RunTime:0.001449s ]
INFO: [ app_end ] --END-- [ RunTime:0.001603s ]

[ 2016-08-20T17:12:21+08:00 ] 127.0.0.1 /index.php/Admin/Goods/getAttrInfoByType?type_id=1
INFO: [ app_begin ] --START--
INFO: Run Behavior\ReadHtmlCacheBehavior [ RunTime:0.002092s ]
INFO: [ app_begin ] --END-- [ RunTime:0.007412s ]
SQL: SHOW COLUMNS FROM `sp_manager` [ RunTime:0.0110s ]
SQL: SELECT r.role_auth_ac FROM sp_manager m left join sp_role r on m.role_id=r.role_id  WHERE ( m.mg_id='1' ) LIMIT 1   [ RunTime:0.0020s ]
SQL: SHOW COLUMNS FROM `sp_attribute` [ RunTime:0.0118s ]
SQL: SELECT `attr_id`,`attr_name`,`attr_sel`,`attr_vals` FROM `sp_attribute` WHERE `type_id` = 1  [ RunTime:0.0011s ]
INFO: [ app_end ] --START--
INFO: Run Behavior\ShowPageTraceBehavior [ RunTime:0.001676s ]
INFO: [ app_end ] --END-- [ RunTime:0.001836s ]

[ 2016-08-20T17:12:30+08:00 ] 127.0.0.1 /index.php/Admin/Goods/getAttrInfoByType?type_id=4
INFO: [ app_begin ] --START--
INFO: Run Behavior\ReadHtmlCacheBehavior [ RunTime:0.001085s ]
INFO: [ app_begin ] --END-- [ RunTime:0.001946s ]
SQL: SHOW COLUMNS FROM `sp_manager` [ RunTime:0.0156s ]
SQL: SELECT r.role_auth_ac FROM sp_manager m left join sp_role r on m.role_id=r.role_id  WHERE ( m.mg_id='1' ) LIMIT 1   [ RunTime:0.0025s ]
SQL: SHOW COLUMNS FROM `sp_attribute` [ RunTime:0.0126s ]
SQL: SELECT `attr_id`,`attr_name`,`attr_sel`,`attr_vals` FROM `sp_attribute` WHERE `type_id` = 4  [ RunTime:0.0007s ]
INFO: [ app_end ] --START--
INFO: Run Behavior\ShowPageTraceBehavior [ RunTime:0.001055s ]
INFO: [ app_end ] --END-- [ RunTime:0.001155s ]

[ 2016-08-20T17:13:14+08:00 ] 127.0.0.1 /index.php/Admin/Goods/getAttrInfoByType?type_id=1
INFO: [ app_begin ] --START--
INFO: Run Behavior\ReadHtmlCacheBehavior [ RunTime:0.001555s ]
INFO: [ app_begin ] --END-- [ RunTime:0.002663s ]
SQL: SHOW COLUMNS FROM `sp_manager` [ RunTime:0.0080s ]
SQL: SELECT r.role_auth_ac FROM sp_manager m left join sp_role r on m.role_id=r.role_id  WHERE ( m.mg_id='1' ) LIMIT 1   [ RunTime:0.0006s ]
SQL: SHOW COLUMNS FROM `sp_attribute` [ RunTime:0.0091s ]
SQL: SELECT `attr_id`,`attr_name`,`attr_sel`,`attr_vals` FROM `sp_attribute` WHERE `type_id` = 1  [ RunTime:0.0007s ]
INFO: [ app_end ] --START--
INFO: Run Behavior\ShowPageTraceBehavior [ RunTime:0.001312s ]
INFO: [ app_end ] --END-- [ RunTime:0.001423s ]

[ 2016-08-20T17:13:16+08:00 ] 127.0.0.1 /index.php/Admin/Goods/getAttrInfoByType?type_id=4
INFO: [ app_begin ] --START--
INFO: Run Behavior\ReadHtmlCacheBehavior [ RunTime:0.001554s ]
INFO: [ app_begin ] --END-- [ RunTime:0.002577s ]
SQL: SHOW COLUMNS FROM `sp_manager` [ RunTime:0.0134s ]
SQL: SELECT r.role_auth_ac FROM sp_manager m left join sp_role r on m.role_id=r.role_id  WHERE ( m.mg_id='1' ) LIMIT 1   [ RunTime:0.0017s ]
SQL: SHOW COLUMNS FROM `sp_attribute` [ RunTime:0.0117s ]
SQL: SELECT `attr_id`,`attr_name`,`attr_sel`,`attr_vals` FROM `sp_attribute` WHERE `type_id` = 4  [ RunTime:0.0011s ]
INFO: [ app_end ] --START--
INFO: Run Behavior\ShowPageTraceBehavior [ RunTime:0.001867s ]
INFO: [ app_end ] --END-- [ RunTime:0.002037s ]

[ 2016-08-20T17:15:54+08:00 ] 127.0.0.1 /index.php/Admin/Goods/getAttrInfoByType?type_id=1
INFO: [ app_begin ] --START--
INFO: Run Behavior\ReadHtmlCacheBehavior [ RunTime:0.000903s ]
INFO: [ app_begin ] --END-- [ RunTime:0.001572s ]
SQL: SHOW COLUMNS FROM `sp_manager` [ RunTime:0.0070s ]
SQL: SELECT r.role_auth_ac FROM sp_manager m left join sp_role r on m.role_id=r.role_id  WHERE ( m.mg_id='1' ) LIMIT 1   [ RunTime:0.0006s ]
SQL: SHOW COLUMNS FROM `sp_attribute` [ RunTime:0.0075s ]
SQL: SELECT `attr_id`,`attr_name`,`attr_sel`,`attr_vals` FROM `sp_attribute` WHERE `type_id` = 1  [ RunTime:0.0006s ]
INFO: [ app_end ] --START--
INFO: Run Behavior\ShowPageTraceBehavior [ RunTime:0.001094s ]
INFO: [ app_end ] --END-- [ RunTime:0.001193s ]

[ 2016-08-20T17:15:56+08:00 ] 127.0.0.1 /index.php/Admin/Goods/getAttrInfoByType?type_id=4
INFO: [ app_begin ] --START--
INFO: Run Behavior\ReadHtmlCacheBehavior [ RunTime:0.001082s ]
INFO: [ app_begin ] --END-- [ RunTime:0.001998s ]
SQL: SHOW COLUMNS FROM `sp_manager` [ RunTime:0.0102s ]
SQL: SELECT r.role_auth_ac FROM sp_manager m left join sp_role r on m.role_id=r.role_id  WHERE ( m.mg_id='1' ) LIMIT 1   [ RunTime:0.0006s ]
SQL: SHOW COLUMNS FROM `sp_attribute` [ RunTime:0.0072s ]
SQL: SELECT `attr_id`,`attr_name`,`attr_sel`,`attr_vals` FROM `sp_attribute` WHERE `type_id` = 4  [ RunTime:0.0007s ]
INFO: [ app_end ] --START--
INFO: Run Behavior\ShowPageTraceBehavior [ RunTime:0.001848s ]
INFO: [ app_end ] --END-- [ RunTime:0.002007s ]

[ 2016-08-20T17:15:58+08:00 ] 127.0.0.1 /index.php/Admin/Goods/getAttrInfoByType?type_id=1
INFO: [ app_begin ] --START--
INFO: Run Behavior\ReadHtmlCacheBehavior [ RunTime:0.000950s ]
INFO: [ app_begin ] --END-- [ RunTime:0.001824s ]
SQL: SHOW COLUMNS FROM `sp_manager` [ RunTime:0.0110s ]
SQL: SELECT r.role_auth_ac FROM sp_manager m left join sp_role r on m.role_id=r.role_id  WHERE ( m.mg_id='1' ) LIMIT 1   [ RunTime:0.0008s ]
SQL: SHOW COLUMNS FROM `sp_attribute` [ RunTime:0.0112s ]
SQL: SELECT `attr_id`,`attr_name`,`attr_sel`,`attr_vals` FROM `sp_attribute` WHERE `type_id` = 1  [ RunTime:0.0006s ]
INFO: [ app_end ] --START--
INFO: Run Behavior\ShowPageTraceBehavior [ RunTime:0.001751s ]
INFO: [ app_end ] --END-- [ RunTime:0.001957s ]

[ 2016-08-20T17:16:00+08:00 ] 127.0.0.1 /index.php/Admin/Goods/getAttrInfoByType?type_id=4
INFO: [ app_begin ] --START--
INFO: Run Behavior\ReadHtmlCacheBehavior [ RunTime:0.001375s ]
INFO: [ app_begin ] --END-- [ RunTime:0.002544s ]
SQL: SHOW COLUMNS FROM `sp_manager` [ RunTime:0.0109s ]
SQL: SELECT r.role_auth_ac FROM sp_manager m left join sp_role r on m.role_id=r.role_id  WHERE ( m.mg_id='1' ) LIMIT 1   [ RunTime:0.0007s ]
SQL: SHOW COLUMNS FROM `sp_attribute` [ RunTime:0.0088s ]
SQL: SELECT `attr_id`,`attr_name`,`attr_sel`,`attr_vals` FROM `sp_attribute` WHERE `type_id` = 4  [ RunTime:0.0005s ]
INFO: [ app_end ] --START--
INFO: Run Behavior\ShowPageTraceBehavior [ RunTime:0.001096s ]
INFO: [ app_end ] --END-- [ RunTime:0.001197s ]

[ 2016-08-20T17:16:06+08:00 ] 127.0.0.1 /index.php/Admin/Goods/getAttrInfoByType?type_id=1
INFO: [ app_begin ] --START--
INFO: Run Behavior\ReadHtmlCacheBehavior [ RunTime:0.000957s ]
INFO: [ app_begin ] --END-- [ RunTime:0.001679s ]
SQL: SHOW COLUMNS FROM `sp_manager` [ RunTime:0.0104s ]
SQL: SELECT r.role_auth_ac FROM sp_manager m left join sp_role r on m.role_id=r.role_id  WHERE ( m.mg_id='1' ) LIMIT 1   [ RunTime:0.0007s ]
SQL: SHOW COLUMNS FROM `sp_attribute` [ RunTime:0.0103s ]
SQL: SELECT `attr_id`,`attr_name`,`attr_sel`,`attr_vals` FROM `sp_attribute` WHERE `type_id` = 1  [ RunTime:0.0005s ]
INFO: [ app_end ] --START--
INFO: Run Behavior\ShowPageTraceBehavior [ RunTime:0.001128s ]
INFO: [ app_end ] --END-- [ RunTime:0.001230s ]

[ 2016-08-20T17:17:00+08:00 ] 127.0.0.1 /index.php/Admin/Goods/getAttrInfoByType?type_id=1
INFO: [ app_begin ] --START--
INFO: Run Behavior\ReadHtmlCacheBehavior [ RunTime:0.001384s ]
INFO: [ app_begin ] --END-- [ RunTime:0.002363s ]
SQL: SHOW COLUMNS FROM `sp_manager` [ RunTime:0.0072s ]
SQL: SELECT r.role_auth_ac FROM sp_manager m left join sp_role r on m.role_id=r.role_id  WHERE ( m.mg_id='1' ) LIMIT 1   [ RunTime:0.0006s ]
SQL: SHOW COLUMNS FROM `sp_attribute` [ RunTime:0.0073s ]
SQL: SELECT `attr_id`,`attr_name`,`attr_sel`,`attr_vals` FROM `sp_attribute` WHERE `type_id` = 1  [ RunTime:0.0006s ]
INFO: [ app_end ] --START--
INFO: Run Behavior\ShowPageTraceBehavior [ RunTime:0.001800s ]
INFO: [ app_end ] --END-- [ RunTime:0.001981s ]

[ 2016-08-20T17:17:01+08:00 ] 127.0.0.1 /index.php/Admin/Goods/getAttrInfoByType?type_id=4
INFO: [ app_begin ] --START--
INFO: Run Behavior\ReadHtmlCacheBehavior [ RunTime:0.002712s ]
INFO: [ app_begin ] --END-- [ RunTime:0.004079s ]
SQL: SHOW COLUMNS FROM `sp_manager` [ RunTime:0.0097s ]
SQL: SELECT r.role_auth_ac FROM sp_manager m left join sp_role r on m.role_id=r.role_id  WHERE ( m.mg_id='1' ) LIMIT 1   [ RunTime:0.0008s ]
SQL: SHOW COLUMNS FROM `sp_attribute` [ RunTime:0.0116s ]
SQL: SELECT `attr_id`,`attr_name`,`attr_sel`,`attr_vals` FROM `sp_attribute` WHERE `type_id` = 4  [ RunTime:0.0071s ]
INFO: [ app_end ] --START--
INFO: Run Behavior\ShowPageTraceBehavior [ RunTime:0.001669s ]
INFO: [ app_end ] --END-- [ RunTime:0.001897s ]

[ 2016-08-20T17:17:03+08:00 ] 127.0.0.1 /index.php/Admin/Goods/getAttrInfoByType?type_id=1
INFO: [ app_begin ] --START--
INFO: Run Behavior\ReadHtmlCacheBehavior [ RunTime:0.001488s ]
INFO: [ app_begin ] --END-- [ RunTime:0.002530s ]
SQL: SHOW COLUMNS FROM `sp_manager` [ RunTime:0.0122s ]
SQL: SELECT r.role_auth_ac FROM sp_manager m left join sp_role r on m.role_id=r.role_id  WHERE ( m.mg_id='1' ) LIMIT 1   [ RunTime:0.0009s ]
SQL: SHOW COLUMNS FROM `sp_attribute` [ RunTime:0.0113s ]
SQL: SELECT `attr_id`,`attr_name`,`attr_sel`,`attr_vals` FROM `sp_attribute` WHERE `type_id` = 1  [ RunTime:0.0007s ]
INFO: [ app_end ] --START--
INFO: Run Behavior\ShowPageTraceBehavior [ RunTime:0.001087s ]
INFO: [ app_end ] --END-- [ RunTime:0.001191s ]

[ 2016-08-20T17:17:30+08:00 ] 127.0.0.1 /index.php/Admin/Goods/getAttrInfoByType?type_id=1
INFO: [ app_begin ] --START--
INFO: Run Behavior\ReadHtmlCacheBehavior [ RunTime:0.001766s ]
INFO: [ app_begin ] --END-- [ RunTime:0.002955s ]
SQL: SHOW COLUMNS FROM `sp_manager` [ RunTime:0.0117s ]
SQL: SELECT r.role_auth_ac FROM sp_manager m left join sp_role r on m.role_id=r.role_id  WHERE ( m.mg_id='1' ) LIMIT 1   [ RunTime:0.0007s ]
SQL: SHOW COLUMNS FROM `sp_attribute` [ RunTime:0.0111s ]
SQL: SELECT `attr_id`,`attr_name`,`attr_sel`,`attr_vals` FROM `sp_attribute` WHERE `type_id` = 1  [ RunTime:0.0008s ]
INFO: [ app_end ] --START--
INFO: Run Behavior\ShowPageTraceBehavior [ RunTime:0.001591s ]
INFO: [ app_end ] --END-- [ RunTime:0.001749s ]

[ 2016-08-20T17:17:35+08:00 ] 127.0.0.1 /index.php/Admin/Goods/getAttrInfoByType?type_id=4
INFO: [ app_begin ] --START--
INFO: Run Behavior\ReadHtmlCacheBehavior [ RunTime:0.001471s ]
INFO: [ app_begin ] --END-- [ RunTime:0.002469s ]
SQL: SHOW COLUMNS FROM `sp_manager` [ RunTime:0.0132s ]
SQL: SELECT r.role_auth_ac FROM sp_manager m left join sp_role r on m.role_id=r.role_id  WHERE ( m.mg_id='1' ) LIMIT 1   [ RunTime:0.0008s ]
SQL: SHOW COLUMNS FROM `sp_attribute` [ RunTime:0.0101s ]
SQL: SELECT `attr_id`,`attr_name`,`attr_sel`,`attr_vals` FROM `sp_attribute` WHERE `type_id` = 4  [ RunTime:0.0014s ]
INFO: [ app_end ] --START--
INFO: Run Behavior\ShowPageTraceBehavior [ RunTime:0.001560s ]
INFO: [ app_end ] --END-- [ RunTime:0.001717s ]

[ 2016-08-20T17:17:44+08:00 ] 127.0.0.1 /index.php/Admin/Goods/getAttrInfoByType?type_id=1
INFO: [ app_begin ] --START--
INFO: Run Behavior\ReadHtmlCacheBehavior [ RunTime:0.001581s ]
INFO: [ app_begin ] --END-- [ RunTime:0.002612s ]
SQL: SHOW COLUMNS FROM `sp_manager` [ RunTime:0.0072s ]
SQL: SELECT r.role_auth_ac FROM sp_manager m left join sp_role r on m.role_id=r.role_id  WHERE ( m.mg_id='1' ) LIMIT 1   [ RunTime:0.0006s ]
SQL: SHOW COLUMNS FROM `sp_attribute` [ RunTime:0.0096s ]
SQL: SELECT `attr_id`,`attr_name`,`attr_sel`,`attr_vals` FROM `sp_attribute` WHERE `type_id` = 1  [ RunTime:0.0006s ]
INFO: [ app_end ] --START--
INFO: Run Behavior\ShowPageTraceBehavior [ RunTime:0.001064s ]
INFO: [ app_end ] --END-- [ RunTime:0.001168s ]

[ 2016-08-20T17:17:58+08:00 ] 127.0.0.1 /index.php/Admin/Attribute/getInfoByType?type_id=1
INFO: [ app_begin ] --START--
INFO: Run Behavior\ReadHtmlCacheBehavior [ RunTime:0.001537s ]
INFO: [ app_begin ] --END-- [ RunTime:0.002616s ]
SQL: SHOW COLUMNS FROM `sp_manager` [ RunTime:0.0069s ]
SQL: SELECT r.role_auth_ac FROM sp_manager m left join sp_role r on m.role_id=r.role_id  WHERE ( m.mg_id='1' ) LIMIT 1   [ RunTime:0.0005s ]
SQL: SHOW COLUMNS FROM `sp_attribute` [ RunTime:0.0102s ]
SQL: SELECT a.*,t.type_name FROM sp_attribute a INNER JOIN sp_type t on a.type_id=t.type_id  WHERE a.type_id = '1'  [ RunTime:0.0008s ]
INFO: [ app_end ] --START--
INFO: Run Behavior\ShowPageTraceBehavior [ RunTime:0.001546s ]
INFO: [ app_end ] --END-- [ RunTime:0.001839s ]

[ 2016-08-20T17:20:02+08:00 ] 127.0.0.1 /index.php/Admin/Goods/getAttrInfoByType?type_id=1
INFO: [ app_begin ] --START--
INFO: Run Behavior\ReadHtmlCacheBehavior [ RunTime:0.001726s ]
INFO: [ app_begin ] --END-- [ RunTime:0.002668s ]
SQL: SHOW COLUMNS FROM `sp_manager` [ RunTime:0.0116s ]
SQL: SELECT r.role_auth_ac FROM sp_manager m left join sp_role r on m.role_id=r.role_id  WHERE ( m.mg_id='1' ) LIMIT 1   [ RunTime:0.0008s ]
SQL: SHOW COLUMNS FROM `sp_attribute` [ RunTime:0.0122s ]
SQL: SELECT `attr_id`,`attr_name`,`attr_sel`,`attr_vals` FROM `sp_attribute` WHERE `type_id` = 1  [ RunTime:0.0009s ]
INFO: [ app_end ] --START--
INFO: Run Behavior\ShowPageTraceBehavior [ RunTime:0.003195s ]
INFO: [ app_end ] --END-- [ RunTime:0.003372s ]

[ 2016-08-20T17:24:21+08:00 ] 127.0.0.1 /index.php/Admin/Goods/getAttrInfoByType?type_id=1
INFO: [ app_begin ] --START--
INFO: Run Behavior\ReadHtmlCacheBehavior [ RunTime:0.001672s ]
INFO: [ app_begin ] --END-- [ RunTime:0.002647s ]
SQL: SHOW COLUMNS FROM `sp_manager` [ RunTime:0.0101s ]
SQL: SELECT r.role_auth_ac FROM sp_manager m left join sp_role r on m.role_id=r.role_id  WHERE ( m.mg_id='1' ) LIMIT 1   [ RunTime:0.0007s ]
SQL: SHOW COLUMNS FROM `sp_attribute` [ RunTime:0.0111s ]
SQL: SELECT `attr_id`,`attr_name`,`attr_sel`,`attr_vals` FROM `sp_attribute` WHERE `type_id` = 1  [ RunTime:0.0016s ]
INFO: [ app_end ] --START--
INFO: Run Behavior\ShowPageTraceBehavior [ RunTime:0.001218s ]
INFO: [ app_end ] --END-- [ RunTime:0.001327s ]

[ 2016-08-20T17:26:07+08:00 ] 127.0.0.1 /index.php/Admin/Goods/getAttrInfoByType?type_id=4
INFO: [ app_begin ] --START--
INFO: Run Behavior\ReadHtmlCacheBehavior [ RunTime:0.001786s ]
INFO: [ app_begin ] --END-- [ RunTime:0.002834s ]
SQL: SHOW COLUMNS FROM `sp_manager` [ RunTime:0.0086s ]
SQL: SELECT r.role_auth_ac FROM sp_manager m left join sp_role r on m.role_id=r.role_id  WHERE ( m.mg_id='1' ) LIMIT 1   [ RunTime:0.0005s ]
SQL: SHOW COLUMNS FROM `sp_attribute` [ RunTime:0.0079s ]
SQL: SELECT `attr_id`,`attr_name`,`attr_sel`,`attr_vals` FROM `sp_attribute` WHERE `type_id` = 4  [ RunTime:0.0005s ]
INFO: [ app_end ] --START--
INFO: Run Behavior\ShowPageTraceBehavior [ RunTime:0.001081s ]
INFO: [ app_end ] --END-- [ RunTime:0.001195s ]

[ 2016-08-20T17:26:09+08:00 ] 127.0.0.1 /index.php/Admin/Goods/getAttrInfoByType?type_id=1
INFO: [ app_begin ] --START--
INFO: Run Behavior\ReadHtmlCacheBehavior [ RunTime:0.000990s ]
INFO: [ app_begin ] --END-- [ RunTime:0.001720s ]
SQL: SHOW COLUMNS FROM `sp_manager` [ RunTime:0.0111s ]
SQL: SELECT r.role_auth_ac FROM sp_manager m left join sp_role r on m.role_id=r.role_id  WHERE ( m.mg_id='1' ) LIMIT 1   [ RunTime:0.0009s ]
SQL: SHOW COLUMNS FROM `sp_attribute` [ RunTime:0.0093s ]
SQL: SELECT `attr_id`,`attr_name`,`attr_sel`,`attr_vals` FROM `sp_attribute` WHERE `type_id` = 1  [ RunTime:0.0008s ]
INFO: [ app_end ] --START--
INFO: Run Behavior\ShowPageTraceBehavior [ RunTime:0.001407s ]
INFO: [ app_end ] --END-- [ RunTime:0.001544s ]

[ 2016-08-20T17:26:47+08:00 ] 127.0.0.1 /index.php/Admin/Goods/getAttrInfoByType?type_id=1
INFO: [ app_begin ] --START--
INFO: Run Behavior\ReadHtmlCacheBehavior [ RunTime:0.001483s ]
INFO: [ app_begin ] --END-- [ RunTime:0.002431s ]
SQL: SHOW COLUMNS FROM `sp_manager` [ RunTime:0.0110s ]
SQL: SELECT r.role_auth_ac FROM sp_manager m left join sp_role r on m.role_id=r.role_id  WHERE ( m.mg_id='1' ) LIMIT 1   [ RunTime:0.0007s ]
SQL: SHOW COLUMNS FROM `sp_attribute` [ RunTime:0.0084s ]
SQL: SELECT `attr_id`,`attr_name`,`attr_sel`,`attr_vals` FROM `sp_attribute` WHERE `type_id` = 1  [ RunTime:0.0007s ]
INFO: [ app_end ] --START--
INFO: Run Behavior\ShowPageTraceBehavior [ RunTime:0.001614s ]
INFO: [ app_end ] --END-- [ RunTime:0.001804s ]

[ 2016-08-20T17:30:37+08:00 ] 127.0.0.1 /index.php/Admin/Goods/getAttrInfoByType?type_id=1
INFO: [ app_begin ] --START--
INFO: Run Behavior\ReadHtmlCacheBehavior [ RunTime:0.001498s ]
INFO: [ app_begin ] --END-- [ RunTime:0.003009s ]
SQL: SHOW COLUMNS FROM `sp_manager` [ RunTime:0.0104s ]
SQL: SELECT r.role_auth_ac FROM sp_manager m left join sp_role r on m.role_id=r.role_id  WHERE ( m.mg_id='1' ) LIMIT 1   [ RunTime:0.0006s ]
SQL: SHOW COLUMNS FROM `sp_attribute` [ RunTime:0.0088s ]
SQL: SELECT `attr_id`,`attr_name`,`attr_sel`,`attr_vals` FROM `sp_attribute` WHERE `type_id` = 1  [ RunTime:0.0007s ]
INFO: [ app_end ] --START--
INFO: Run Behavior\ShowPageTraceBehavior [ RunTime:0.001859s ]
INFO: [ app_end ] --END-- [ RunTime:0.002093s ]

[ 2016-08-20T17:31:10+08:00 ] 127.0.0.1 /index.php/Admin/Goods/getAttrInfoByType?type_id=1
INFO: [ app_begin ] --START--
INFO: Run Behavior\ReadHtmlCacheBehavior [ RunTime:0.001527s ]
INFO: [ app_begin ] --END-- [ RunTime:0.002488s ]
SQL: SHOW COLUMNS FROM `sp_manager` [ RunTime:0.0090s ]
SQL: SELECT r.role_auth_ac FROM sp_manager m left join sp_role r on m.role_id=r.role_id  WHERE ( m.mg_id='1' ) LIMIT 1   [ RunTime:0.0006s ]
SQL: SHOW COLUMNS FROM `sp_attribute` [ RunTime:0.0095s ]
SQL: SELECT `attr_id`,`attr_name`,`attr_sel`,`attr_vals` FROM `sp_attribute` WHERE `type_id` = 1  [ RunTime:0.0006s ]
INFO: [ app_end ] --START--
INFO: Run Behavior\ShowPageTraceBehavior [ RunTime:0.001268s ]
INFO: [ app_end ] --END-- [ RunTime:0.001400s ]

[ 2016-08-20T17:35:40+08:00 ] 127.0.0.1 /index.php/Admin/Goods/getAttrInfoByType?type_id=1
INFO: [ app_begin ] --START--
INFO: Run Behavior\ReadHtmlCacheBehavior [ RunTime:0.001105s ]
INFO: [ app_begin ] --END-- [ RunTime:0.002191s ]
SQL: SHOW COLUMNS FROM `sp_manager` [ RunTime:0.0116s ]
SQL: SELECT r.role_auth_ac FROM sp_manager m left join sp_role r on m.role_id=r.role_id  WHERE ( m.mg_id='1' ) LIMIT 1   [ RunTime:0.0010s ]
SQL: SHOW COLUMNS FROM `sp_attribute` [ RunTime:0.0132s ]
SQL: SELECT `attr_id`,`attr_name`,`attr_sel`,`attr_vals` FROM `sp_attribute` WHERE `type_id` = 1  [ RunTime:0.0037s ]
INFO: [ app_end ] --START--
INFO: Run Behavior\ShowPageTraceBehavior [ RunTime:0.001246s ]
INFO: [ app_end ] --END-- [ RunTime:0.001358s ]

[ 2016-08-20T17:39:01+08:00 ] 127.0.0.1 /index.php/Admin/Goods/getAttrInfoByType?type_id=1
INFO: [ app_begin ] --START--
INFO: Run Behavior\ReadHtmlCacheBehavior [ RunTime:0.001624s ]
INFO: [ app_begin ] --END-- [ RunTime:0.002760s ]
SQL: SHOW COLUMNS FROM `sp_manager` [ RunTime:0.0098s ]
SQL: SELECT r.role_auth_ac FROM sp_manager m left join sp_role r on m.role_id=r.role_id  WHERE ( m.mg_id='1' ) LIMIT 1   [ RunTime:0.0008s ]
SQL: SHOW COLUMNS FROM `sp_attribute` [ RunTime:0.0108s ]
SQL: SELECT `attr_id`,`attr_name`,`attr_sel`,`attr_vals` FROM `sp_attribute` WHERE `type_id` = 1  [ RunTime:0.0008s ]
INFO: [ app_end ] --START--
INFO: Run Behavior\ShowPageTraceBehavior [ RunTime:0.001883s ]
INFO: [ app_end ] --END-- [ RunTime:0.002080s ]

[ 2016-08-20T17:39:28+08:00 ] 127.0.0.1 /index.php/Admin/Goods/getAttrInfoByType?type_id=1
INFO: [ app_begin ] --START--
INFO: Run Behavior\ReadHtmlCacheBehavior [ RunTime:0.001393s ]
INFO: [ app_begin ] --END-- [ RunTime:0.002396s ]
SQL: SHOW COLUMNS FROM `sp_manager` [ RunTime:0.0215s ]
SQL: SELECT r.role_auth_ac FROM sp_manager m left join sp_role r on m.role_id=r.role_id  WHERE ( m.mg_id='1' ) LIMIT 1   [ RunTime:0.0007s ]
SQL: SHOW COLUMNS FROM `sp_attribute` [ RunTime:0.0074s ]
SQL: SELECT `attr_id`,`attr_name`,`attr_sel`,`attr_vals` FROM `sp_attribute` WHERE `type_id` = 1  [ RunTime:0.0005s ]
INFO: [ app_end ] --START--
INFO: Run Behavior\ShowPageTraceBehavior [ RunTime:0.001068s ]
INFO: [ app_end ] --END-- [ RunTime:0.001169s ]

[ 2016-08-20T17:40:21+08:00 ] 127.0.0.1 /index.php/Admin/Goods/getAttrInfoByType?type_id=1
INFO: [ app_begin ] --START--
INFO: Run Behavior\ReadHtmlCacheBehavior [ RunTime:0.001577s ]
INFO: [ app_begin ] --END-- [ RunTime:0.002687s ]
SQL: SHOW COLUMNS FROM `sp_manager` [ RunTime:0.0074s ]
SQL: SELECT r.role_auth_ac FROM sp_manager m left join sp_role r on m.role_id=r.role_id  WHERE ( m.mg_id='1' ) LIMIT 1   [ RunTime:0.0010s ]
SQL: SHOW COLUMNS FROM `sp_attribute` [ RunTime:0.0090s ]
SQL: SELECT `attr_id`,`attr_name`,`attr_sel`,`attr_vals` FROM `sp_attribute` WHERE `type_id` = 1  [ RunTime:0.0010s ]
INFO: [ app_end ] --START--
INFO: Run Behavior\ShowPageTraceBehavior [ RunTime:0.001403s ]
INFO: [ app_end ] --END-- [ RunTime:0.001556s ]

