[ 2016-08-21T09:03:49+08:00 ] 192.168.28.52 /index.php/admin/
INFO: [ view_parse ] --START--
INFO: [ template_filter ] --START--
INFO: Run Behavior\ContentReplaceBehavior [ RunTime:0.000109s ]
INFO: [ template_filter ] --END-- [ RunTime:0.000300s ]
INFO: Run Behavior\ParseTemplateBehavior [ RunTime:0.032931s ]
INFO: [ view_parse ] --END-- [ RunTime:0.034821s ]
INFO: [ view_filter ] --START--
INFO: Run Behavior\WriteHtmlCacheBehavior [ RunTime:0.007060s ]
INFO: [ view_filter ] --END-- [ RunTime:0.007493s ]
NOTIC: [2] Cannot modify header information - headers already sent by (output started at E:\web\php48\shop\Tools\AdminController.class.php:29) E:\web\php48\ThinkPHP\Library\Think\View.class.php 第 91 行.
NOTIC: [2] Cannot modify header information - headers already sent by (output started at E:\web\php48\shop\Tools\AdminController.class.php:29) E:\web\php48\ThinkPHP\Library\Think\View.class.php 第 92 行.
NOTIC: [2] Cannot modify header information - headers already sent by (output started at E:\web\php48\shop\Tools\AdminController.class.php:29) E:\web\php48\ThinkPHP\Library\Think\View.class.php 第 93 行.
INFO: [ app_end ] --START--
INFO: Run Behavior\ShowPageTraceBehavior [ RunTime:0.003353s ]
INFO: [ app_end ] --END-- [ RunTime:0.003528s ]

[ 2016-08-21T09:04:23+08:00 ] 192.168.28.52 /index.php/Admin/Index/index.html
INFO: [ view_parse ] --START--
INFO: [ template_filter ] --START--
INFO: Run Behavior\ContentReplaceBehavior [ RunTime:0.000157s ]
INFO: [ template_filter ] --END-- [ RunTime:0.000436s ]
INFO: Run Behavior\ParseTemplateBehavior [ RunTime:0.017000s ]
INFO: [ view_parse ] --END-- [ RunTime:0.018208s ]
INFO: [ view_filter ] --START--
INFO: Run Behavior\WriteHtmlCacheBehavior [ RunTime:0.001244s ]
INFO: [ view_filter ] --END-- [ RunTime:0.001428s ]
INFO: [ app_end ] --START--
INFO: Run Behavior\ShowPageTraceBehavior [ RunTime:0.001819s ]
INFO: [ app_end ] --END-- [ RunTime:0.001987s ]

[ 2016-08-21T09:04:23+08:00 ] 192.168.28.52 /index.php/Admin/Index/head.html
INFO: [ view_parse ] --START--
INFO: [ template_filter ] --START--
INFO: Run Behavior\ContentReplaceBehavior [ RunTime:0.000179s ]
INFO: [ template_filter ] --END-- [ RunTime:0.000361s ]
INFO: Run Behavior\ParseTemplateBehavior [ RunTime:0.081410s ]
INFO: [ view_parse ] --END-- [ RunTime:0.082764s ]
INFO: [ view_filter ] --START--
INFO: Run Behavior\WriteHtmlCacheBehavior [ RunTime:0.001081s ]
INFO: [ view_filter ] --END-- [ RunTime:0.001228s ]
INFO: [ app_end ] --START--
INFO: Run Behavior\ShowPageTraceBehavior [ RunTime:0.001925s ]
INFO: [ app_end ] --END-- [ RunTime:0.002096s ]

[ 2016-08-21T09:04:23+08:00 ] 192.168.28.52 /index.php/Admin/Index/down.html
INFO: [ view_parse ] --START--
INFO: [ template_filter ] --START--
INFO: Run Behavior\ContentReplaceBehavior [ RunTime:0.000187s ]
INFO: [ template_filter ] --END-- [ RunTime:0.000392s ]
INFO: Run Behavior\ParseTemplateBehavior [ RunTime:0.048598s ]
INFO: [ view_parse ] --END-- [ RunTime:0.049845s ]
INFO: [ view_filter ] --START--
INFO: Run Behavior\WriteHtmlCacheBehavior [ RunTime:0.001561s ]
INFO: [ view_filter ] --END-- [ RunTime:0.001768s ]
INFO: [ app_end ] --START--
INFO: Run Behavior\ShowPageTraceBehavior [ RunTime:0.002345s ]
INFO: [ app_end ] --END-- [ RunTime:0.002526s ]

[ 2016-08-21T09:04:23+08:00 ] 192.168.28.52 /index.php/Admin/Index/center.html
INFO: [ view_parse ] --START--
INFO: [ template_filter ] --START--
INFO: Run Behavior\ContentReplaceBehavior [ RunTime:0.000083s ]
INFO: [ template_filter ] --END-- [ RunTime:0.000210s ]
INFO: Run Behavior\ParseTemplateBehavior [ RunTime:0.034666s ]
INFO: [ view_parse ] --END-- [ RunTime:0.035962s ]
INFO: [ view_filter ] --START--
INFO: Run Behavior\WriteHtmlCacheBehavior [ RunTime:0.000737s ]
INFO: [ view_filter ] --END-- [ RunTime:0.000832s ]
INFO: [ app_end ] --START--
INFO: Run Behavior\ShowPageTraceBehavior [ RunTime:0.001175s ]
INFO: [ app_end ] --END-- [ RunTime:0.001277s ]

[ 2016-08-21T09:04:26+08:00 ] 192.168.28.52 /index.php/Admin/Category/showlist
ERR: 无法加载控制器:Category

[ 2016-08-21T09:04:40+08:00 ] 192.168.28.52 /index.php/Admin/Goods/tianjia
ERR: SQLSTATE[HY000]: General error: 1366 Incorrect decimal value: '' for column 'goods_price' at row 1

[ 2016-08-21T09:04:56+08:00 ] 192.168.28.52 /index.php/Admin/Goods/getAttrInfoByType?type_id=1
INFO: [ app_begin ] --START--
INFO: Run Behavior\ReadHtmlCacheBehavior [ RunTime:0.001556s ]
INFO: [ app_begin ] --END-- [ RunTime:0.002357s ]
SQL: SHOW COLUMNS FROM `sp_manager` [ RunTime:0.0099s ]
SQL: SELECT r.role_auth_ac FROM sp_manager m left join sp_role r on m.role_id=r.role_id  WHERE ( m.mg_id='1' ) LIMIT 1   [ RunTime:0.0007s ]
SQL: SHOW COLUMNS FROM `sp_attribute` [ RunTime:0.0106s ]
SQL: SELECT `attr_id`,`attr_name`,`attr_sel`,`attr_vals` FROM `sp_attribute` WHERE `type_id` = 1  [ RunTime:0.0010s ]
INFO: [ app_end ] --START--
INFO: Run Behavior\ShowPageTraceBehavior [ RunTime:0.001485s ]
INFO: [ app_end ] --END-- [ RunTime:0.001611s ]

[ 2016-08-21T09:05:05+08:00 ] 192.168.28.52 /index.php/Admin/Goods/getAttrInfoByType?type_id=2
INFO: [ app_begin ] --START--
INFO: Run Behavior\ReadHtmlCacheBehavior [ RunTime:0.001303s ]
INFO: [ app_begin ] --END-- [ RunTime:0.002038s ]
SQL: SHOW COLUMNS FROM `sp_manager` [ RunTime:0.0067s ]
SQL: SELECT r.role_auth_ac FROM sp_manager m left join sp_role r on m.role_id=r.role_id  WHERE ( m.mg_id='1' ) LIMIT 1   [ RunTime:0.0005s ]
SQL: SHOW COLUMNS FROM `sp_attribute` [ RunTime:0.0084s ]
SQL: SELECT `attr_id`,`attr_name`,`attr_sel`,`attr_vals` FROM `sp_attribute` WHERE `type_id` = 2  [ RunTime:0.0008s ]
INFO: [ app_end ] --START--
INFO: Run Behavior\ShowPageTraceBehavior [ RunTime:0.002049s ]
INFO: [ app_end ] --END-- [ RunTime:0.002180s ]

[ 2016-08-21T09:05:07+08:00 ] 192.168.28.52 /index.php/Admin/Goods/getAttrInfoByType?type_id=3
INFO: [ app_begin ] --START--
INFO: Run Behavior\ReadHtmlCacheBehavior [ RunTime:0.001891s ]
INFO: [ app_begin ] --END-- [ RunTime:0.003004s ]
SQL: SHOW COLUMNS FROM `sp_manager` [ RunTime:0.0088s ]
SQL: SELECT r.role_auth_ac FROM sp_manager m left join sp_role r on m.role_id=r.role_id  WHERE ( m.mg_id='1' ) LIMIT 1   [ RunTime:0.0006s ]
SQL: SHOW COLUMNS FROM `sp_attribute` [ RunTime:0.0076s ]
SQL: SELECT `attr_id`,`attr_name`,`attr_sel`,`attr_vals` FROM `sp_attribute` WHERE `type_id` = 3  [ RunTime:0.0006s ]
INFO: [ app_end ] --START--
INFO: Run Behavior\ShowPageTraceBehavior [ RunTime:0.001679s ]
INFO: [ app_end ] --END-- [ RunTime:0.001785s ]

[ 2016-08-21T09:05:36+08:00 ] 192.168.28.52 /index.php/Admin/Goods/getAttrInfoByType?type_id=1
INFO: [ app_begin ] --START--
INFO: Run Behavior\ReadHtmlCacheBehavior [ RunTime:0.002728s ]
INFO: [ app_begin ] --END-- [ RunTime:0.003719s ]
SQL: SHOW COLUMNS FROM `sp_manager` [ RunTime:0.0113s ]
SQL: SELECT r.role_auth_ac FROM sp_manager m left join sp_role r on m.role_id=r.role_id  WHERE ( m.mg_id='1' ) LIMIT 1   [ RunTime:0.0006s ]
SQL: SHOW COLUMNS FROM `sp_attribute` [ RunTime:0.0103s ]
SQL: SELECT `attr_id`,`attr_name`,`attr_sel`,`attr_vals` FROM `sp_attribute` WHERE `type_id` = 1  [ RunTime:0.0006s ]
INFO: [ app_end ] --START--
INFO: Run Behavior\ShowPageTraceBehavior [ RunTime:0.001480s ]
INFO: [ app_end ] --END-- [ RunTime:0.001584s ]

[ 2016-08-21T09:09:57+08:00 ] 127.0.0.1 /index.php/Admin
INFO: [ view_parse ] --START--
INFO: [ template_filter ] --START--
INFO: Run Behavior\ContentReplaceBehavior [ RunTime:0.000111s ]
INFO: [ template_filter ] --END-- [ RunTime:0.000297s ]
INFO: Run Behavior\ParseTemplateBehavior [ RunTime:0.032950s ]
INFO: [ view_parse ] --END-- [ RunTime:0.034598s ]
INFO: [ view_filter ] --START--
INFO: Run Behavior\WriteHtmlCacheBehavior [ RunTime:0.001240s ]
INFO: [ view_filter ] --END-- [ RunTime:0.001371s ]
NOTIC: [2] Cannot modify header information - headers already sent by (output started at E:\web\php48\shop\Tools\AdminController.class.php:29) E:\web\php48\ThinkPHP\Library\Think\View.class.php 第 91 行.
NOTIC: [2] Cannot modify header information - headers already sent by (output started at E:\web\php48\shop\Tools\AdminController.class.php:29) E:\web\php48\ThinkPHP\Library\Think\View.class.php 第 92 行.
NOTIC: [2] Cannot modify header information - headers already sent by (output started at E:\web\php48\shop\Tools\AdminController.class.php:29) E:\web\php48\ThinkPHP\Library\Think\View.class.php 第 93 行.
INFO: [ app_end ] --START--
INFO: Run Behavior\ShowPageTraceBehavior [ RunTime:0.001363s ]
INFO: [ app_end ] --END-- [ RunTime:0.001461s ]

[ 2016-08-21T09:10:08+08:00 ] 127.0.0.1 /index.php/Admin/Index/index.html
INFO: [ view_parse ] --START--
INFO: [ template_filter ] --START--
INFO: Run Behavior\ContentReplaceBehavior [ RunTime:0.000157s ]
INFO: [ template_filter ] --END-- [ RunTime:0.000402s ]
INFO: Run Behavior\ParseTemplateBehavior [ RunTime:0.017879s ]
INFO: [ view_parse ] --END-- [ RunTime:0.019002s ]
INFO: [ view_filter ] --START--
INFO: Run Behavior\WriteHtmlCacheBehavior [ RunTime:0.000922s ]
INFO: [ view_filter ] --END-- [ RunTime:0.001034s ]
INFO: [ app_end ] --START--
INFO: Run Behavior\ShowPageTraceBehavior [ RunTime:0.002273s ]
INFO: [ app_end ] --END-- [ RunTime:0.002462s ]

[ 2016-08-21T09:10:08+08:00 ] 127.0.0.1 /index.php/Admin/Index/head.html
INFO: [ view_parse ] --START--
INFO: [ template_filter ] --START--
INFO: Run Behavior\ContentReplaceBehavior [ RunTime:0.000145s ]
INFO: [ template_filter ] --END-- [ RunTime:0.000320s ]
INFO: Run Behavior\ParseTemplateBehavior [ RunTime:0.018012s ]
INFO: [ view_parse ] --END-- [ RunTime:0.018932s ]
INFO: [ view_filter ] --START--
INFO: Run Behavior\WriteHtmlCacheBehavior [ RunTime:0.001686s ]
INFO: [ view_filter ] --END-- [ RunTime:0.001920s ]
INFO: [ app_end ] --START--
INFO: Run Behavior\ShowPageTraceBehavior [ RunTime:0.004337s ]
INFO: [ app_end ] --END-- [ RunTime:0.004543s ]

[ 2016-08-21T09:10:09+08:00 ] 127.0.0.1 /index.php/Admin/Index/down.html
INFO: [ view_parse ] --START--
INFO: [ template_filter ] --START--
INFO: Run Behavior\ContentReplaceBehavior [ RunTime:0.000169s ]
INFO: [ template_filter ] --END-- [ RunTime:0.000474s ]
INFO: Run Behavior\ParseTemplateBehavior [ RunTime:0.019629s ]
INFO: [ view_parse ] --END-- [ RunTime:0.020597s ]
INFO: [ view_filter ] --START--
INFO: Run Behavior\WriteHtmlCacheBehavior [ RunTime:0.001146s ]
INFO: [ view_filter ] --END-- [ RunTime:0.001301s ]
INFO: [ app_end ] --START--
INFO: Run Behavior\ShowPageTraceBehavior [ RunTime:0.001919s ]
INFO: [ app_end ] --END-- [ RunTime:0.002088s ]

[ 2016-08-21T09:10:09+08:00 ] 127.0.0.1 /index.php/Admin/Index/center.html
INFO: [ view_parse ] --START--
INFO: [ template_filter ] --START--
INFO: Run Behavior\ContentReplaceBehavior [ RunTime:0.000109s ]
INFO: [ template_filter ] --END-- [ RunTime:0.000349s ]
INFO: Run Behavior\ParseTemplateBehavior [ RunTime:0.021440s ]
INFO: [ view_parse ] --END-- [ RunTime:0.022652s ]
INFO: [ view_filter ] --START--
INFO: Run Behavior\WriteHtmlCacheBehavior [ RunTime:0.001425s ]
INFO: [ view_filter ] --END-- [ RunTime:0.001601s ]
INFO: [ app_end ] --START--
INFO: Run Behavior\ShowPageTraceBehavior [ RunTime:0.038743s ]
INFO: [ app_end ] --END-- [ RunTime:0.038922s ]

[ 2016-08-21T09:10:20+08:00 ] 127.0.0.1 /index.php/Admin/Goods/getAttrInfoByType?type_id=1
INFO: [ app_begin ] --START--
INFO: Run Behavior\ReadHtmlCacheBehavior [ RunTime:0.001451s ]
INFO: [ app_begin ] --END-- [ RunTime:0.002470s ]
SQL: SHOW COLUMNS FROM `sp_manager` [ RunTime:0.0077s ]
SQL: SELECT r.role_auth_ac FROM sp_manager m left join sp_role r on m.role_id=r.role_id  WHERE ( m.mg_id='1' ) LIMIT 1   [ RunTime:0.0006s ]
SQL: SHOW COLUMNS FROM `sp_attribute` [ RunTime:0.0071s ]
SQL: SELECT `attr_id`,`attr_name`,`attr_sel`,`attr_vals` FROM `sp_attribute` WHERE `type_id` = 1  [ RunTime:0.0006s ]
INFO: [ app_end ] --START--
INFO: Run Behavior\ShowPageTraceBehavior [ RunTime:0.001361s ]
INFO: [ app_end ] --END-- [ RunTime:0.001464s ]

[ 2016-08-21T09:10:23+08:00 ] 127.0.0.1 /index.php/Admin/Goods/getAttrInfoByType?type_id=4
INFO: [ app_begin ] --START--
INFO: Run Behavior\ReadHtmlCacheBehavior [ RunTime:0.001377s ]
INFO: [ app_begin ] --END-- [ RunTime:0.002743s ]
SQL: SHOW COLUMNS FROM `sp_manager` [ RunTime:0.0162s ]
SQL: SELECT r.role_auth_ac FROM sp_manager m left join sp_role r on m.role_id=r.role_id  WHERE ( m.mg_id='1' ) LIMIT 1   [ RunTime:0.0011s ]
SQL: SHOW COLUMNS FROM `sp_attribute` [ RunTime:0.0113s ]
SQL: SELECT `attr_id`,`attr_name`,`attr_sel`,`attr_vals` FROM `sp_attribute` WHERE `type_id` = 4  [ RunTime:0.0007s ]
INFO: [ app_end ] --START--
INFO: Run Behavior\ShowPageTraceBehavior [ RunTime:0.001964s ]
INFO: [ app_end ] --END-- [ RunTime:0.002148s ]

[ 2016-08-21T09:10:28+08:00 ] 127.0.0.1 /index.php/Admin/Goods/getAttrInfoByType?type_id=2
INFO: [ app_begin ] --START--
INFO: Run Behavior\ReadHtmlCacheBehavior [ RunTime:0.001377s ]
INFO: [ app_begin ] --END-- [ RunTime:0.002404s ]
SQL: SHOW COLUMNS FROM `sp_manager` [ RunTime:0.0078s ]
SQL: SELECT r.role_auth_ac FROM sp_manager m left join sp_role r on m.role_id=r.role_id  WHERE ( m.mg_id='1' ) LIMIT 1   [ RunTime:0.0005s ]
SQL: SHOW COLUMNS FROM `sp_attribute` [ RunTime:0.0084s ]
SQL: SELECT `attr_id`,`attr_name`,`attr_sel`,`attr_vals` FROM `sp_attribute` WHERE `type_id` = 2  [ RunTime:0.0006s ]
INFO: [ app_end ] --START--
INFO: Run Behavior\ShowPageTraceBehavior [ RunTime:0.001382s ]
INFO: [ app_end ] --END-- [ RunTime:0.001509s ]

[ 2016-08-21T09:10:29+08:00 ] 127.0.0.1 /index.php/Admin/Goods/getAttrInfoByType?type_id=3
INFO: [ app_begin ] --START--
INFO: Run Behavior\ReadHtmlCacheBehavior [ RunTime:0.001073s ]
INFO: [ app_begin ] --END-- [ RunTime:0.002001s ]
SQL: SHOW COLUMNS FROM `sp_manager` [ RunTime:0.0115s ]
SQL: SELECT r.role_auth_ac FROM sp_manager m left join sp_role r on m.role_id=r.role_id  WHERE ( m.mg_id='1' ) LIMIT 1   [ RunTime:0.0008s ]
SQL: SHOW COLUMNS FROM `sp_attribute` [ RunTime:0.0073s ]
SQL: SELECT `attr_id`,`attr_name`,`attr_sel`,`attr_vals` FROM `sp_attribute` WHERE `type_id` = 3  [ RunTime:0.0008s ]
INFO: [ app_end ] --START--
INFO: Run Behavior\ShowPageTraceBehavior [ RunTime:0.001780s ]
INFO: [ app_end ] --END-- [ RunTime:0.001922s ]

[ 2016-08-21T09:10:32+08:00 ] 127.0.0.1 /index.php/Admin/Goods/getAttrInfoByType?type_id=1
INFO: [ app_begin ] --START--
INFO: Run Behavior\ReadHtmlCacheBehavior [ RunTime:0.000898s ]
INFO: [ app_begin ] --END-- [ RunTime:0.001587s ]
SQL: SHOW COLUMNS FROM `sp_manager` [ RunTime:0.0105s ]
SQL: SELECT r.role_auth_ac FROM sp_manager m left join sp_role r on m.role_id=r.role_id  WHERE ( m.mg_id='1' ) LIMIT 1   [ RunTime:0.0006s ]
SQL: SHOW COLUMNS FROM `sp_attribute` [ RunTime:0.0097s ]
SQL: SELECT `attr_id`,`attr_name`,`attr_sel`,`attr_vals` FROM `sp_attribute` WHERE `type_id` = 1  [ RunTime:0.0020s ]
INFO: [ app_end ] --START--
INFO: Run Behavior\ShowPageTraceBehavior [ RunTime:0.001918s ]
INFO: [ app_end ] --END-- [ RunTime:0.002101s ]

[ 2016-08-21T09:14:48+08:00 ] 127.0.0.1 /index.php/Admin/Goods/getAttrInfoByType?type_id=1
INFO: [ app_begin ] --START--
INFO: Run Behavior\ReadHtmlCacheBehavior [ RunTime:0.001522s ]
INFO: [ app_begin ] --END-- [ RunTime:0.023150s ]
SQL: SHOW COLUMNS FROM `sp_manager` [ RunTime:0.0086s ]
SQL: SELECT r.role_auth_ac FROM sp_manager m left join sp_role r on m.role_id=r.role_id  WHERE ( m.mg_id='1' ) LIMIT 1   [ RunTime:0.0006s ]
SQL: SHOW COLUMNS FROM `sp_attribute` [ RunTime:0.0107s ]
SQL: SELECT `attr_id`,`attr_name`,`attr_sel`,`attr_vals` FROM `sp_attribute` WHERE `type_id` = 1  [ RunTime:0.0009s ]
INFO: [ app_end ] --START--
INFO: Run Behavior\ShowPageTraceBehavior [ RunTime:0.002048s ]
INFO: [ app_end ] --END-- [ RunTime:0.002210s ]

[ 2016-08-21T09:14:53+08:00 ] 192.168.28.52 /index.php/Admin/Order/showlist
ERR: 无法加载控制器:Order

[ 2016-08-21T09:14:56+08:00 ] 192.168.28.52 /index.php/Admin/Manager/showlist
ERR: 非法操作:showlist

[ 2016-08-21T09:15:18+08:00 ] 192.168.28.52 /index.php/Admin/Auth/upd.html
ERR: 非法操作:upd

[ 2016-08-21T09:17:17+08:00 ] 127.0.0.1 /index.php/Admin/Goods/getAttrInfoByType?type_id=1
INFO: [ app_begin ] --START--
INFO: Run Behavior\ReadHtmlCacheBehavior [ RunTime:0.001283s ]
INFO: [ app_begin ] --END-- [ RunTime:0.002647s ]
SQL: SHOW COLUMNS FROM `sp_manager` [ RunTime:0.0098s ]
SQL: SELECT r.role_auth_ac FROM sp_manager m left join sp_role r on m.role_id=r.role_id  WHERE ( m.mg_id='1' ) LIMIT 1   [ RunTime:0.0006s ]
SQL: SHOW COLUMNS FROM `sp_attribute` [ RunTime:0.0073s ]
SQL: SELECT `attr_id`,`attr_name`,`attr_sel`,`attr_vals` FROM `sp_attribute` WHERE `type_id` = 1  [ RunTime:0.0009s ]
INFO: [ app_end ] --START--
INFO: Run Behavior\ShowPageTraceBehavior [ RunTime:0.001952s ]
INFO: [ app_end ] --END-- [ RunTime:0.002098s ]

[ 2016-08-21T09:17:59+08:00 ] 127.0.0.1 /index.php/Admin/Goods/getAttrInfoByType?type_id=1
INFO: [ app_begin ] --START--
INFO: Run Behavior\ReadHtmlCacheBehavior [ RunTime:0.001761s ]
INFO: [ app_begin ] --END-- [ RunTime:0.002991s ]
SQL: SHOW COLUMNS FROM `sp_manager` [ RunTime:0.0113s ]
SQL: SELECT r.role_auth_ac FROM sp_manager m left join sp_role r on m.role_id=r.role_id  WHERE ( m.mg_id='1' ) LIMIT 1   [ RunTime:0.0008s ]
SQL: SHOW COLUMNS FROM `sp_attribute` [ RunTime:0.0105s ]
SQL: SELECT `attr_id`,`attr_name`,`attr_sel`,`attr_vals` FROM `sp_attribute` WHERE `type_id` = 1  [ RunTime:0.0022s ]
INFO: [ app_end ] --START--
INFO: Run Behavior\ShowPageTraceBehavior [ RunTime:0.002875s ]
INFO: [ app_end ] --END-- [ RunTime:0.003079s ]

[ 2016-08-21T09:19:33+08:00 ] 192.168.28.52 /index.php/Admin/Goods/getAttrInfoByType?type_id=1
INFO: [ app_begin ] --START--
INFO: Run Behavior\ReadHtmlCacheBehavior [ RunTime:0.001253s ]
INFO: [ app_begin ] --END-- [ RunTime:0.002621s ]
SQL: SHOW COLUMNS FROM `sp_manager` [ RunTime:0.0078s ]
SQL: SELECT r.role_auth_ac FROM sp_manager m left join sp_role r on m.role_id=r.role_id  WHERE ( m.mg_id='1' ) LIMIT 1   [ RunTime:0.0006s ]
SQL: SHOW COLUMNS FROM `sp_attribute` [ RunTime:0.0105s ]
SQL: SELECT `attr_id`,`attr_name`,`attr_sel`,`attr_vals` FROM `sp_attribute` WHERE `type_id` = 1  [ RunTime:0.0007s ]
INFO: [ app_end ] --START--
INFO: Run Behavior\ShowPageTraceBehavior [ RunTime:0.010410s ]
INFO: [ app_end ] --END-- [ RunTime:0.010561s ]

[ 2016-08-21T09:22:29+08:00 ] 127.0.0.1 /index.php/Admin/Goods/getAttrInfoByType?type_id=1
INFO: [ app_begin ] --START--
INFO: Run Behavior\ReadHtmlCacheBehavior [ RunTime:0.001408s ]
INFO: [ app_begin ] --END-- [ RunTime:0.002531s ]
SQL: SHOW COLUMNS FROM `sp_manager` [ RunTime:0.0073s ]
SQL: SELECT r.role_auth_ac FROM sp_manager m left join sp_role r on m.role_id=r.role_id  WHERE ( m.mg_id='1' ) LIMIT 1   [ RunTime:0.0006s ]
SQL: SHOW COLUMNS FROM `sp_attribute` [ RunTime:0.0103s ]
SQL: SELECT `attr_id`,`attr_name`,`attr_sel`,`attr_vals` FROM `sp_attribute` WHERE `type_id` = 1  [ RunTime:0.0009s ]
INFO: [ app_end ] --START--
INFO: Run Behavior\ShowPageTraceBehavior [ RunTime:0.001896s ]
INFO: [ app_end ] --END-- [ RunTime:0.002060s ]

[ 2016-08-21T09:35:48+08:00 ] 127.0.0.1 /index.php/Admin/Goods/getAttrInfoByType?type_id=1
INFO: [ app_begin ] --START--
INFO: Run Behavior\ReadHtmlCacheBehavior [ RunTime:0.000955s ]
INFO: [ app_begin ] --END-- [ RunTime:0.001957s ]
SQL: SHOW COLUMNS FROM `sp_manager` [ RunTime:0.0107s ]
SQL: SELECT r.role_auth_ac FROM sp_manager m left join sp_role r on m.role_id=r.role_id  WHERE ( m.mg_id='1' ) LIMIT 1   [ RunTime:0.0007s ]
SQL: SHOW COLUMNS FROM `sp_attribute` [ RunTime:0.0107s ]
SQL: SELECT `attr_id`,`attr_name`,`attr_sel`,`attr_vals` FROM `sp_attribute` WHERE `type_id` = 1  [ RunTime:0.0007s ]
INFO: [ app_end ] --START--
INFO: Run Behavior\ShowPageTraceBehavior [ RunTime:0.001732s ]
INFO: [ app_end ] --END-- [ RunTime:0.001878s ]

[ 2016-08-21T09:38:12+08:00 ] 127.0.0.1 /index.php/Admin/Goods/getAttrInfoByType?type_id=1
INFO: [ app_begin ] --START--
INFO: Run Behavior\ReadHtmlCacheBehavior [ RunTime:0.000909s ]
INFO: [ app_begin ] --END-- [ RunTime:0.001626s ]
SQL: SHOW COLUMNS FROM `sp_manager` [ RunTime:0.0071s ]
SQL: SELECT r.role_auth_ac FROM sp_manager m left join sp_role r on m.role_id=r.role_id  WHERE ( m.mg_id='1' ) LIMIT 1   [ RunTime:0.0007s ]
SQL: SHOW COLUMNS FROM `sp_attribute` [ RunTime:0.0068s ]
SQL: SELECT `attr_id`,`attr_name`,`attr_sel`,`attr_vals` FROM `sp_attribute` WHERE `type_id` = 1  [ RunTime:0.0007s ]
INFO: [ app_end ] --START--
INFO: Run Behavior\ShowPageTraceBehavior [ RunTime:0.001874s ]
INFO: [ app_end ] --END-- [ RunTime:0.002027s ]

[ 2016-08-21T09:41:19+08:00 ] 127.0.0.1 /index.php/Admin/Goods/getAttrInfoByType?type_id=1
INFO: [ app_begin ] --START--
INFO: Run Behavior\ReadHtmlCacheBehavior [ RunTime:0.001409s ]
INFO: [ app_begin ] --END-- [ RunTime:0.002233s ]
SQL: SHOW COLUMNS FROM `sp_manager` [ RunTime:0.0123s ]
SQL: SELECT r.role_auth_ac FROM sp_manager m left join sp_role r on m.role_id=r.role_id  WHERE ( m.mg_id='1' ) LIMIT 1   [ RunTime:0.0006s ]
SQL: SHOW COLUMNS FROM `sp_attribute` [ RunTime:0.0082s ]
SQL: SELECT `attr_id`,`attr_name`,`attr_sel`,`attr_vals` FROM `sp_attribute` WHERE `type_id` = 1  [ RunTime:0.0007s ]
INFO: [ app_end ] --START--
INFO: Run Behavior\ShowPageTraceBehavior [ RunTime:0.002220s ]
INFO: [ app_end ] --END-- [ RunTime:0.002406s ]

[ 2016-08-21T09:56:50+08:00 ] 127.0.0.1 /index.php/Admin/Goods/getAttrInfoByType2?type_id=4
INFO: [ app_begin ] --START--
INFO: Run Behavior\ReadHtmlCacheBehavior [ RunTime:0.001575s ]
INFO: [ app_begin ] --END-- [ RunTime:0.002704s ]
SQL: SHOW COLUMNS FROM `sp_manager` [ RunTime:0.0076s ]
SQL: SELECT r.role_auth_ac FROM sp_manager m left join sp_role r on m.role_id=r.role_id  WHERE ( m.mg_id='1' ) LIMIT 1   [ RunTime:0.0006s ]
SQL: SHOW COLUMNS FROM `sp_attribute` [ RunTime:0.0106s ]
SQL: SELECT `attr_id`,`attr_name`,`attr_sel`,`attr_vals` FROM `sp_attribute` WHERE `type_id` = 4  [ RunTime:0.0008s ]
INFO: [ app_end ] --START--
INFO: Run Behavior\ShowPageTraceBehavior [ RunTime:0.001849s ]
INFO: [ app_end ] --END-- [ RunTime:0.002051s ]

[ 2016-08-21T09:56:53+08:00 ] 127.0.0.1 /index.php/Admin/Goods/getAttrInfoByType2?type_id=1
INFO: [ app_begin ] --START--
INFO: Run Behavior\ReadHtmlCacheBehavior [ RunTime:0.001708s ]
INFO: [ app_begin ] --END-- [ RunTime:0.003147s ]
SQL: SHOW COLUMNS FROM `sp_manager` [ RunTime:0.0117s ]
SQL: SELECT r.role_auth_ac FROM sp_manager m left join sp_role r on m.role_id=r.role_id  WHERE ( m.mg_id='1' ) LIMIT 1   [ RunTime:0.0008s ]
SQL: SHOW COLUMNS FROM `sp_attribute` [ RunTime:0.0095s ]
SQL: SELECT `attr_id`,`attr_name`,`attr_sel`,`attr_vals` FROM `sp_attribute` WHERE `type_id` = 1  [ RunTime:0.0005s ]
INFO: [ app_end ] --START--
INFO: Run Behavior\ShowPageTraceBehavior [ RunTime:0.001394s ]
INFO: [ app_end ] --END-- [ RunTime:0.001521s ]

[ 2016-08-21T09:58:01+08:00 ] 127.0.0.1 /index.php/Admin/Goods/getAttrInfoByType2?type_id=1
INFO: [ app_begin ] --START--
INFO: Run Behavior\ReadHtmlCacheBehavior [ RunTime:0.001100s ]
INFO: [ app_begin ] --END-- [ RunTime:0.002065s ]
SQL: SHOW COLUMNS FROM `sp_manager` [ RunTime:0.0111s ]
SQL: SELECT r.role_auth_ac FROM sp_manager m left join sp_role r on m.role_id=r.role_id  WHERE ( m.mg_id='1' ) LIMIT 1   [ RunTime:0.0013s ]
SQL: SHOW COLUMNS FROM `sp_attribute` [ RunTime:0.0119s ]
SQL: SELECT `attr_id`,`attr_name`,`attr_sel`,`attr_vals` FROM `sp_attribute` WHERE `type_id` = 1  [ RunTime:0.0015s ]
INFO: [ app_end ] --START--
INFO: Run Behavior\ShowPageTraceBehavior [ RunTime:0.003226s ]
INFO: [ app_end ] --END-- [ RunTime:0.003409s ]

[ 2016-08-21T10:16:25+08:00 ] 127.0.0.1 /index.php/Admin/Goods/getAttrInfoByType2?type_id=1
INFO: [ app_begin ] --START--
INFO: Run Behavior\ReadHtmlCacheBehavior [ RunTime:0.001614s ]
INFO: [ app_begin ] --END-- [ RunTime:0.002830s ]
SQL: SHOW COLUMNS FROM `sp_manager` [ RunTime:0.0111s ]
SQL: SELECT r.role_auth_ac FROM sp_manager m left join sp_role r on m.role_id=r.role_id  WHERE ( m.mg_id='1' ) LIMIT 1   [ RunTime:0.0009s ]
SQL: SHOW COLUMNS FROM `sp_attribute` [ RunTime:0.0129s ]
SQL: SELECT `attr_id`,`attr_name`,`attr_sel`,`attr_vals` FROM `sp_attribute` WHERE `type_id` = 1  [ RunTime:0.0025s ]
INFO: [ app_end ] --START--
INFO: Run Behavior\ShowPageTraceBehavior [ RunTime:0.002293s ]
INFO: [ app_end ] --END-- [ RunTime:0.002499s ]

[ 2016-08-21T10:20:07+08:00 ] 127.0.0.1 /index.php/Admin/Goods/getAttrInfoByType2?type_id=4
INFO: [ app_begin ] --START--
INFO: Run Behavior\ReadHtmlCacheBehavior [ RunTime:0.001644s ]
INFO: [ app_begin ] --END-- [ RunTime:0.002868s ]
SQL: SHOW COLUMNS FROM `sp_manager` [ RunTime:0.0090s ]
SQL: SELECT r.role_auth_ac FROM sp_manager m left join sp_role r on m.role_id=r.role_id  WHERE ( m.mg_id='1' ) LIMIT 1   [ RunTime:0.0007s ]
SQL: SHOW COLUMNS FROM `sp_attribute` [ RunTime:0.0096s ]
SQL: SELECT `attr_id`,`attr_name`,`attr_sel`,`attr_vals` FROM `sp_attribute` WHERE `type_id` = 4  [ RunTime:0.0007s ]
INFO: [ app_end ] --START--
INFO: Run Behavior\ShowPageTraceBehavior [ RunTime:0.001869s ]
INFO: [ app_end ] --END-- [ RunTime:0.002077s ]

[ 2016-08-21T10:20:20+08:00 ] 127.0.0.1 /index.php/Admin/Goods/getAttrInfoByType2?type_id=1
INFO: [ app_begin ] --START--
INFO: Run Behavior\ReadHtmlCacheBehavior [ RunTime:0.001389s ]
INFO: [ app_begin ] --END-- [ RunTime:0.002456s ]
SQL: SHOW COLUMNS FROM `sp_manager` [ RunTime:0.0116s ]
SQL: SELECT r.role_auth_ac FROM sp_manager m left join sp_role r on m.role_id=r.role_id  WHERE ( m.mg_id='1' ) LIMIT 1   [ RunTime:0.0008s ]
SQL: SHOW COLUMNS FROM `sp_attribute` [ RunTime:0.0210s ]
SQL: SELECT `attr_id`,`attr_name`,`attr_sel`,`attr_vals` FROM `sp_attribute` WHERE `type_id` = 1  [ RunTime:0.0020s ]
INFO: [ app_end ] --START--
INFO: Run Behavior\ShowPageTraceBehavior [ RunTime:0.002446s ]
INFO: [ app_end ] --END-- [ RunTime:0.002650s ]

[ 2016-08-21T10:36:04+08:00 ] 127.0.0.1 /index.php/Admin/Goods/getAttrInfoByType2/type_id/1/goods_id/27
ERR: SQLSTATE[42S02]: Base table or view not found: 1146 Table 'shop48.sp_goodsattr' doesn't exist

[ 2016-08-21T10:51:09+08:00 ] 127.0.0.1 /index.php/Admin/Goods/getAttrInfoByType2?type_id=1
INFO: [ app_begin ] --START--
INFO: Run Behavior\ReadHtmlCacheBehavior [ RunTime:0.003869s ]
INFO: [ app_begin ] --END-- [ RunTime:0.005370s ]
SQL: SHOW COLUMNS FROM `sp_manager` [ RunTime:0.0140s ]
SQL: SELECT r.role_auth_ac FROM sp_manager m left join sp_role r on m.role_id=r.role_id  WHERE ( m.mg_id='1' ) LIMIT 1   [ RunTime:0.0007s ]
SQL: SHOW COLUMNS FROM `sp_attribute` [ RunTime:0.0120s ]
SQL: SELECT a.attr_id,group_concat(ga.attr_value) attr_values FROM sp_attribute a left join sp_goods_attr ga on a.attr_id=ga.attr_id  WHERE a.type_id = '1' AND ga.goods_id = '' GROUP BY a.attr_id  [ RunTime:0.0014s ]
SQL: SELECT `attr_id`,`attr_name`,`attr_sel`,`attr_vals` FROM `sp_attribute` WHERE `type_id` = 1  [ RunTime:0.0009s ]
INFO: [ app_end ] --START--
INFO: Run Behavior\ShowPageTraceBehavior [ RunTime:0.001348s ]
INFO: [ app_end ] --END-- [ RunTime:0.001463s ]

[ 2016-08-21T10:51:31+08:00 ] 127.0.0.1 /index.php/Admin/Goods/getAttrInfoByType2?type_id=1
INFO: [ app_begin ] --START--
INFO: Run Behavior\ReadHtmlCacheBehavior [ RunTime:0.001836s ]
INFO: [ app_begin ] --END-- [ RunTime:0.002966s ]
SQL: SHOW COLUMNS FROM `sp_manager` [ RunTime:0.0118s ]
SQL: SELECT r.role_auth_ac FROM sp_manager m left join sp_role r on m.role_id=r.role_id  WHERE ( m.mg_id='1' ) LIMIT 1   [ RunTime:0.0009s ]
SQL: SHOW COLUMNS FROM `sp_attribute` [ RunTime:0.0158s ]
SQL: SELECT a.attr_id,group_concat(ga.attr_value) attr_values FROM sp_attribute a left join sp_goods_attr ga on a.attr_id=ga.attr_id  WHERE a.type_id = '1' AND ga.goods_id = '' GROUP BY a.attr_id  [ RunTime:0.0023s ]
SQL: SELECT `attr_id`,`attr_name`,`attr_sel`,`attr_vals` FROM `sp_attribute` WHERE `type_id` = 1  [ RunTime:0.0013s ]
INFO: [ app_end ] --START--
INFO: Run Behavior\ShowPageTraceBehavior [ RunTime:0.002072s ]
INFO: [ app_end ] --END-- [ RunTime:0.002238s ]

[ 2016-08-21T10:52:10+08:00 ] 127.0.0.1 /index.php/Admin/Goods/getAttrInfoByType2?type_id=1&goods_id=27
INFO: [ app_begin ] --START--
INFO: Run Behavior\ReadHtmlCacheBehavior [ RunTime:0.002279s ]
INFO: [ app_begin ] --END-- [ RunTime:0.003938s ]
SQL: SHOW COLUMNS FROM `sp_manager` [ RunTime:0.0101s ]
SQL: SELECT r.role_auth_ac FROM sp_manager m left join sp_role r on m.role_id=r.role_id  WHERE ( m.mg_id='1' ) LIMIT 1   [ RunTime:0.0009s ]
SQL: SHOW COLUMNS FROM `sp_attribute` [ RunTime:0.0113s ]
SQL: SELECT a.attr_id,group_concat(ga.attr_value) attr_values FROM sp_attribute a left join sp_goods_attr ga on a.attr_id=ga.attr_id  WHERE a.type_id = '1' AND ga.goods_id = '27' GROUP BY a.attr_id  [ RunTime:0.0017s ]
SQL: SELECT `attr_id`,`attr_name`,`attr_sel`,`attr_vals` FROM `sp_attribute` WHERE `type_id` = 1  [ RunTime:0.0013s ]
INFO: [ app_end ] --START--
INFO: Run Behavior\ShowPageTraceBehavior [ RunTime:0.001931s ]
INFO: [ app_end ] --END-- [ RunTime:0.002095s ]

[ 2016-08-21T10:54:46+08:00 ] 127.0.0.1 /index.php/Admin/Goods/getAttrInfoByType2?type_id=1&goods_id=27
INFO: [ app_begin ] --START--
INFO: Run Behavior\ReadHtmlCacheBehavior [ RunTime:0.003786s ]
INFO: [ app_begin ] --END-- [ RunTime:0.005087s ]
SQL: SHOW COLUMNS FROM `sp_manager` [ RunTime:0.0118s ]
SQL: SELECT r.role_auth_ac FROM sp_manager m left join sp_role r on m.role_id=r.role_id  WHERE ( m.mg_id='1' ) LIMIT 1   [ RunTime:0.0010s ]
SQL: SHOW COLUMNS FROM `sp_attribute` [ RunTime:0.0116s ]
SQL: SELECT a.attr_id,group_concat(ga.attr_value) attr_values FROM sp_attribute a left join sp_goods_attr ga on a.attr_id=ga.attr_id  WHERE a.type_id = '1' AND ga.goods_id = '27' GROUP BY a.attr_id  [ RunTime:0.0033s ]
SQL: SELECT `attr_id`,`attr_name`,`attr_sel`,`attr_vals` FROM `sp_attribute` WHERE `type_id` = 1  [ RunTime:0.0009s ]
INFO: [ app_end ] --START--
INFO: Run Behavior\ShowPageTraceBehavior [ RunTime:0.002249s ]
INFO: [ app_end ] --END-- [ RunTime:0.002475s ]

[ 2016-08-21T10:55:39+08:00 ] 127.0.0.1 /index.php/Admin/Goods/getAttrInfoByType2?type_id=1&goods_id=27
INFO: [ app_begin ] --START--
INFO: Run Behavior\ReadHtmlCacheBehavior [ RunTime:0.002222s ]
INFO: [ app_begin ] --END-- [ RunTime:0.007551s ]
SQL: SHOW COLUMNS FROM `sp_manager` [ RunTime:0.0115s ]
SQL: SELECT r.role_auth_ac FROM sp_manager m left join sp_role r on m.role_id=r.role_id  WHERE ( m.mg_id='1' ) LIMIT 1   [ RunTime:0.0007s ]
SQL: SHOW COLUMNS FROM `sp_attribute` [ RunTime:0.0110s ]
SQL: SELECT a.attr_id,group_concat(ga.attr_value) attr_values FROM sp_attribute a left join sp_goods_attr ga on a.attr_id=ga.attr_id  WHERE a.type_id = '1' AND ga.goods_id = '27' GROUP BY a.attr_id  [ RunTime:0.0012s ]
SQL: SELECT `attr_id`,`attr_name`,`attr_sel`,`attr_vals` FROM `sp_attribute` WHERE `type_id` = 1  [ RunTime:0.0010s ]
INFO: [ app_end ] --START--
INFO: Run Behavior\ShowPageTraceBehavior [ RunTime:0.001777s ]
INFO: [ app_end ] --END-- [ RunTime:0.001937s ]

[ 2016-08-21T10:57:05+08:00 ] 127.0.0.1 /index.php/Admin/Goods/getAttrInfoByType2?type_id=1&goods_id=27
INFO: [ app_begin ] --START--
INFO: Run Behavior\ReadHtmlCacheBehavior [ RunTime:0.001737s ]
INFO: [ app_begin ] --END-- [ RunTime:0.002838s ]
SQL: SHOW COLUMNS FROM `sp_manager` [ RunTime:0.0129s ]
SQL: SELECT r.role_auth_ac FROM sp_manager m left join sp_role r on m.role_id=r.role_id  WHERE ( m.mg_id='1' ) LIMIT 1   [ RunTime:0.0009s ]
SQL: SHOW COLUMNS FROM `sp_attribute` [ RunTime:0.0118s ]
SQL: SELECT a.attr_id,group_concat(ga.attr_value) attr_values FROM sp_attribute a left join sp_goods_attr ga on a.attr_id=ga.attr_id  WHERE a.type_id = '1' AND ga.goods_id = '27' GROUP BY a.attr_id  [ RunTime:0.0047s ]
SQL: SELECT `attr_id`,`attr_name`,`attr_sel`,`attr_vals` FROM `sp_attribute` WHERE `type_id` = 1  [ RunTime:0.0012s ]
INFO: [ app_end ] --START--
INFO: Run Behavior\ShowPageTraceBehavior [ RunTime:0.001955s ]
INFO: [ app_end ] --END-- [ RunTime:0.002127s ]

[ 2016-08-21T11:17:12+08:00 ] 127.0.0.1 /index.php/Admin/Goods/getAttrInfoByType2?type_id=1&goods_id=27
INFO: [ app_begin ] --START--
INFO: Run Behavior\ReadHtmlCacheBehavior [ RunTime:0.001568s ]
INFO: [ app_begin ] --END-- [ RunTime:0.002619s ]
SQL: SHOW COLUMNS FROM `sp_manager` [ RunTime:0.0136s ]
SQL: SELECT r.role_auth_ac FROM sp_manager m left join sp_role r on m.role_id=r.role_id  WHERE ( m.mg_id='1' ) LIMIT 1   [ RunTime:0.0007s ]
SQL: SHOW COLUMNS FROM `sp_attribute` [ RunTime:0.0125s ]
SQL: SELECT a.attr_id,group_concat(ga.attr_value) attr_values FROM sp_attribute a left join sp_goods_attr ga on a.attr_id=ga.attr_id  WHERE a.type_id = '1' AND ga.goods_id = '27' GROUP BY a.attr_id  [ RunTime:0.0040s ]
SQL: SELECT `attr_id`,`attr_name`,`attr_sel`,`attr_vals` FROM `sp_attribute` WHERE `type_id` = 1  [ RunTime:0.0023s ]
INFO: [ app_end ] --START--
INFO: Run Behavior\ShowPageTraceBehavior [ RunTime:0.001809s ]
INFO: [ app_end ] --END-- [ RunTime:0.001967s ]

[ 2016-08-21T11:18:20+08:00 ] 127.0.0.1 /index.php/Admin/Goods/getAttrInfoByType2?type_id=1&goods_id=27
INFO: [ app_begin ] --START--
INFO: Run Behavior\ReadHtmlCacheBehavior [ RunTime:0.002370s ]
INFO: [ app_begin ] --END-- [ RunTime:0.003600s ]
SQL: SHOW COLUMNS FROM `sp_manager` [ RunTime:0.0110s ]
SQL: SELECT r.role_auth_ac FROM sp_manager m left join sp_role r on m.role_id=r.role_id  WHERE ( m.mg_id='1' ) LIMIT 1   [ RunTime:0.0028s ]
SQL: SHOW COLUMNS FROM `sp_attribute` [ RunTime:0.0132s ]
SQL: SELECT a.attr_id,group_concat(ga.attr_value) attr_values FROM sp_attribute a left join sp_goods_attr ga on a.attr_id=ga.attr_id  WHERE a.type_id = '1' AND ga.goods_id = '27' GROUP BY a.attr_id  [ RunTime:0.0036s ]
SQL: SELECT `attr_id`,`attr_name`,`attr_sel`,`attr_vals` FROM `sp_attribute` WHERE `type_id` = 1  [ RunTime:0.0009s ]
INFO: [ app_end ] --START--
INFO: Run Behavior\ShowPageTraceBehavior [ RunTime:0.002114s ]
INFO: [ app_end ] --END-- [ RunTime:0.002298s ]

[ 2016-08-21T11:18:48+08:00 ] 127.0.0.1 /index.php/Admin/Goods/getAttrInfoByType2?type_id=1&goods_id=27
INFO: [ app_begin ] --START--
INFO: Run Behavior\ReadHtmlCacheBehavior [ RunTime:0.001919s ]
INFO: [ app_begin ] --END-- [ RunTime:0.003026s ]
SQL: SHOW COLUMNS FROM `sp_manager` [ RunTime:0.0193s ]
SQL: SELECT r.role_auth_ac FROM sp_manager m left join sp_role r on m.role_id=r.role_id  WHERE ( m.mg_id='1' ) LIMIT 1   [ RunTime:0.0025s ]
SQL: SHOW COLUMNS FROM `sp_attribute` [ RunTime:0.0124s ]
SQL: SELECT a.attr_id,group_concat(ga.attr_value) attr_values FROM sp_attribute a left join sp_goods_attr ga on a.attr_id=ga.attr_id  WHERE a.type_id = '1' AND ga.goods_id = '27' GROUP BY a.attr_id  [ RunTime:0.0018s ]
SQL: SELECT `attr_id`,`attr_name`,`attr_sel`,`attr_vals` FROM `sp_attribute` WHERE `type_id` = 1  [ RunTime:0.0008s ]
INFO: [ app_end ] --START--
INFO: Run Behavior\ShowPageTraceBehavior [ RunTime:0.002219s ]
INFO: [ app_end ] --END-- [ RunTime:0.002449s ]

[ 2016-08-21T11:19:34+08:00 ] 127.0.0.1 /index.php/Admin/Goods/getAttrInfoByType2?type_id=1&goods_id=27
INFO: [ app_begin ] --START--
INFO: Run Behavior\ReadHtmlCacheBehavior [ RunTime:0.001713s ]
INFO: [ app_begin ] --END-- [ RunTime:0.002862s ]
SQL: SHOW COLUMNS FROM `sp_manager` [ RunTime:0.0169s ]
SQL: SELECT r.role_auth_ac FROM sp_manager m left join sp_role r on m.role_id=r.role_id  WHERE ( m.mg_id='1' ) LIMIT 1   [ RunTime:0.0009s ]
SQL: SHOW COLUMNS FROM `sp_attribute` [ RunTime:0.0107s ]
SQL: SELECT a.attr_id,group_concat(ga.attr_value) attr_values FROM sp_attribute a left join sp_goods_attr ga on a.attr_id=ga.attr_id  WHERE a.type_id = '1' AND ga.goods_id = '27' GROUP BY a.attr_id  [ RunTime:0.0016s ]
SQL: SELECT `attr_id`,`attr_name`,`attr_sel`,`attr_vals` FROM `sp_attribute` WHERE `type_id` = 1  [ RunTime:0.0015s ]
INFO: [ app_end ] --START--
INFO: Run Behavior\ShowPageTraceBehavior [ RunTime:0.001770s ]
INFO: [ app_end ] --END-- [ RunTime:0.001929s ]

[ 2016-08-21T11:20:31+08:00 ] 127.0.0.1 /index.php/Admin/Goods/getAttrInfoByType2?type_id=1&goods_id=27
INFO: [ app_begin ] --START--
INFO: Run Behavior\ReadHtmlCacheBehavior [ RunTime:0.002023s ]
INFO: [ app_begin ] --END-- [ RunTime:0.011603s ]
SQL: SHOW COLUMNS FROM `sp_manager` [ RunTime:0.0115s ]
SQL: SELECT r.role_auth_ac FROM sp_manager m left join sp_role r on m.role_id=r.role_id  WHERE ( m.mg_id='1' ) LIMIT 1   [ RunTime:0.0007s ]
SQL: SHOW COLUMNS FROM `sp_attribute` [ RunTime:0.0120s ]
SQL: SELECT a.attr_id,group_concat(ga.attr_value) attr_values FROM sp_attribute a left join sp_goods_attr ga on a.attr_id=ga.attr_id  WHERE a.type_id = '1' AND ga.goods_id = '27' GROUP BY a.attr_id  [ RunTime:0.0014s ]
SQL: SELECT `attr_id`,`attr_name`,`attr_sel`,`attr_vals` FROM `sp_attribute` WHERE `type_id` = 1  [ RunTime:0.0007s ]
INFO: [ app_end ] --START--
INFO: Run Behavior\ShowPageTraceBehavior [ RunTime:0.001633s ]
INFO: [ app_end ] --END-- [ RunTime:0.001789s ]

[ 2016-08-21T11:21:45+08:00 ] 127.0.0.1 /index.php/Admin/Goods/getAttrInfoByType2?type_id=1&goods_id=27
INFO: [ app_begin ] --START--
INFO: Run Behavior\ReadHtmlCacheBehavior [ RunTime:0.001367s ]
INFO: [ app_begin ] --END-- [ RunTime:0.002443s ]
SQL: SHOW COLUMNS FROM `sp_manager` [ RunTime:0.0125s ]
SQL: SELECT r.role_auth_ac FROM sp_manager m left join sp_role r on m.role_id=r.role_id  WHERE ( m.mg_id='1' ) LIMIT 1   [ RunTime:0.0024s ]
SQL: SHOW COLUMNS FROM `sp_attribute` [ RunTime:0.0126s ]
SQL: SELECT a.attr_id,group_concat(ga.attr_value) attr_values FROM sp_attribute a left join sp_goods_attr ga on a.attr_id=ga.attr_id  WHERE a.type_id = '1' AND ga.goods_id = '27' GROUP BY a.attr_id  [ RunTime:0.0021s ]
SQL: SELECT `attr_id`,`attr_name`,`attr_sel`,`attr_vals` FROM `sp_attribute` WHERE `type_id` = 1  [ RunTime:0.0015s ]
INFO: [ app_end ] --START--
INFO: Run Behavior\ShowPageTraceBehavior [ RunTime:0.002094s ]
INFO: [ app_end ] --END-- [ RunTime:0.002266s ]

[ 2016-08-21T11:23:34+08:00 ] 127.0.0.1 /index.php/Admin/Goods/getAttrInfoByType2?type_id=1&goods_id=27
INFO: [ app_begin ] --START--
INFO: Run Behavior\ReadHtmlCacheBehavior [ RunTime:0.001958s ]
INFO: [ app_begin ] --END-- [ RunTime:0.004542s ]
SQL: SHOW COLUMNS FROM `sp_manager` [ RunTime:0.0079s ]
SQL: SELECT r.role_auth_ac FROM sp_manager m left join sp_role r on m.role_id=r.role_id  WHERE ( m.mg_id='1' ) LIMIT 1   [ RunTime:0.0005s ]
SQL: SHOW COLUMNS FROM `sp_attribute` [ RunTime:0.0111s ]
SQL: SELECT a.attr_id,group_concat(ga.attr_value) attr_values FROM sp_attribute a left join sp_goods_attr ga on a.attr_id=ga.attr_id  WHERE a.type_id = '1' AND ga.goods_id = '27' GROUP BY a.attr_id  [ RunTime:0.0020s ]
SQL: SELECT `attr_id`,`attr_name`,`attr_sel`,`attr_vals` FROM `sp_attribute` WHERE `type_id` = 1  [ RunTime:0.0010s ]
INFO: [ app_end ] --START--
INFO: Run Behavior\ShowPageTraceBehavior [ RunTime:0.002485s ]
INFO: [ app_end ] --END-- [ RunTime:0.002677s ]

[ 2016-08-21T11:25:07+08:00 ] 127.0.0.1 /index.php/Admin/Goods/getAttrInfoByType2?type_id=1&goods_id=27
INFO: [ app_begin ] --START--
INFO: Run Behavior\ReadHtmlCacheBehavior [ RunTime:0.001578s ]
INFO: [ app_begin ] --END-- [ RunTime:0.002672s ]
SQL: SHOW COLUMNS FROM `sp_manager` [ RunTime:0.0105s ]
SQL: SELECT r.role_auth_ac FROM sp_manager m left join sp_role r on m.role_id=r.role_id  WHERE ( m.mg_id='1' ) LIMIT 1   [ RunTime:0.0010s ]
SQL: SHOW COLUMNS FROM `sp_attribute` [ RunTime:0.0123s ]
SQL: SELECT a.attr_id,group_concat(ga.attr_value) attr_values FROM sp_attribute a left join sp_goods_attr ga on a.attr_id=ga.attr_id  WHERE a.type_id = '1' AND ga.goods_id = '27' GROUP BY a.attr_id  [ RunTime:0.0020s ]
SQL: SELECT `attr_id`,`attr_name`,`attr_sel`,`attr_vals` FROM `sp_attribute` WHERE `type_id` = 1  [ RunTime:0.0009s ]
INFO: [ app_end ] --START--
INFO: Run Behavior\ShowPageTraceBehavior [ RunTime:0.002114s ]
INFO: [ app_end ] --END-- [ RunTime:0.002294s ]

[ 2016-08-21T11:26:02+08:00 ] 127.0.0.1 /index.php/Admin/Goods/getAttrInfoByType2?type_id=1&goods_id=27
INFO: [ app_begin ] --START--
INFO: Run Behavior\ReadHtmlCacheBehavior [ RunTime:0.001890s ]
INFO: [ app_begin ] --END-- [ RunTime:0.003114s ]
SQL: SHOW COLUMNS FROM `sp_manager` [ RunTime:0.0120s ]
SQL: SELECT r.role_auth_ac FROM sp_manager m left join sp_role r on m.role_id=r.role_id  WHERE ( m.mg_id='1' ) LIMIT 1   [ RunTime:0.0008s ]
SQL: SHOW COLUMNS FROM `sp_attribute` [ RunTime:0.0113s ]
SQL: SELECT a.attr_id,group_concat(ga.attr_value) attr_values FROM sp_attribute a left join sp_goods_attr ga on a.attr_id=ga.attr_id  WHERE a.type_id = '1' AND ga.goods_id = '27' GROUP BY a.attr_id  [ RunTime:0.0021s ]
SQL: SELECT `attr_id`,`attr_name`,`attr_sel`,`attr_vals` FROM `sp_attribute` WHERE `type_id` = 1  [ RunTime:0.0009s ]
INFO: [ app_end ] --START--
INFO: Run Behavior\ShowPageTraceBehavior [ RunTime:0.002149s ]
INFO: [ app_end ] --END-- [ RunTime:0.002330s ]

[ 2016-08-21T11:26:41+08:00 ] 127.0.0.1 /index.php/Admin/Goods/getAttrInfoByType2?type_id=1&goods_id=27
INFO: [ app_begin ] --START--
INFO: Run Behavior\ReadHtmlCacheBehavior [ RunTime:0.001761s ]
INFO: [ app_begin ] --END-- [ RunTime:0.003254s ]
SQL: SHOW COLUMNS FROM `sp_manager` [ RunTime:0.0133s ]
SQL: SELECT r.role_auth_ac FROM sp_manager m left join sp_role r on m.role_id=r.role_id  WHERE ( m.mg_id='1' ) LIMIT 1   [ RunTime:0.0008s ]
SQL: SHOW COLUMNS FROM `sp_attribute` [ RunTime:0.0127s ]
SQL: SELECT a.attr_id,group_concat(ga.attr_value) attr_values FROM sp_attribute a left join sp_goods_attr ga on a.attr_id=ga.attr_id  WHERE a.type_id = '1' AND ga.goods_id = '27' GROUP BY a.attr_id  [ RunTime:0.0021s ]
SQL: SELECT `attr_id`,`attr_name`,`attr_sel`,`attr_vals` FROM `sp_attribute` WHERE `type_id` = 1  [ RunTime:0.0035s ]
INFO: [ app_end ] --START--
INFO: Run Behavior\ShowPageTraceBehavior [ RunTime:0.001856s ]
INFO: [ app_end ] --END-- [ RunTime:0.002016s ]

[ 2016-08-21T11:26:51+08:00 ] 127.0.0.1 /index.php/Admin/Goods/getAttrInfoByType2?type_id=1&goods_id=27
INFO: [ app_begin ] --START--
INFO: Run Behavior\ReadHtmlCacheBehavior [ RunTime:0.001395s ]
INFO: [ app_begin ] --END-- [ RunTime:0.002395s ]
SQL: SHOW COLUMNS FROM `sp_manager` [ RunTime:0.0114s ]
SQL: SELECT r.role_auth_ac FROM sp_manager m left join sp_role r on m.role_id=r.role_id  WHERE ( m.mg_id='1' ) LIMIT 1   [ RunTime:0.0007s ]
SQL: SHOW COLUMNS FROM `sp_attribute` [ RunTime:0.0111s ]
SQL: SELECT a.attr_id,group_concat(ga.attr_value) attr_values FROM sp_attribute a left join sp_goods_attr ga on a.attr_id=ga.attr_id  WHERE a.type_id = '1' AND ga.goods_id = '27' GROUP BY a.attr_id  [ RunTime:0.0018s ]
SQL: SELECT `attr_id`,`attr_name`,`attr_sel`,`attr_vals` FROM `sp_attribute` WHERE `type_id` = 1  [ RunTime:0.0007s ]
INFO: [ app_end ] --START--
INFO: Run Behavior\ShowPageTraceBehavior [ RunTime:0.001914s ]
INFO: [ app_end ] --END-- [ RunTime:0.002076s ]

[ 2016-08-21T11:27:32+08:00 ] 127.0.0.1 /index.php/Admin/Goods/getAttrInfoByType2?type_id=1&goods_id=27
INFO: [ app_begin ] --START--
INFO: Run Behavior\ReadHtmlCacheBehavior [ RunTime:0.001533s ]
INFO: [ app_begin ] --END-- [ RunTime:0.002593s ]
SQL: SHOW COLUMNS FROM `sp_manager` [ RunTime:0.0146s ]
SQL: SELECT r.role_auth_ac FROM sp_manager m left join sp_role r on m.role_id=r.role_id  WHERE ( m.mg_id='1' ) LIMIT 1   [ RunTime:0.0007s ]
SQL: SHOW COLUMNS FROM `sp_attribute` [ RunTime:0.0134s ]
SQL: SELECT a.attr_id,group_concat(ga.attr_value) attr_values FROM sp_attribute a left join sp_goods_attr ga on a.attr_id=ga.attr_id  WHERE a.type_id = '1' AND ga.goods_id = '27' GROUP BY a.attr_id  [ RunTime:0.0017s ]
SQL: SELECT `attr_id`,`attr_name`,`attr_sel`,`attr_vals` FROM `sp_attribute` WHERE `type_id` = 1  [ RunTime:0.0008s ]
INFO: [ app_end ] --START--
INFO: Run Behavior\ShowPageTraceBehavior [ RunTime:0.001603s ]
INFO: [ app_end ] --END-- [ RunTime:0.001784s ]

[ 2016-08-21T11:27:58+08:00 ] 127.0.0.1 /index.php/Admin/Goods/getAttrInfoByType2?type_id=1&goods_id=27
INFO: [ app_begin ] --START--
INFO: Run Behavior\ReadHtmlCacheBehavior [ RunTime:0.001596s ]
INFO: [ app_begin ] --END-- [ RunTime:0.003124s ]
SQL: SHOW COLUMNS FROM `sp_manager` [ RunTime:0.0118s ]
SQL: SELECT r.role_auth_ac FROM sp_manager m left join sp_role r on m.role_id=r.role_id  WHERE ( m.mg_id='1' ) LIMIT 1   [ RunTime:0.0006s ]
SQL: SHOW COLUMNS FROM `sp_attribute` [ RunTime:0.0128s ]
SQL: SELECT a.attr_id,group_concat(ga.attr_value) attr_values FROM sp_attribute a left join sp_goods_attr ga on a.attr_id=ga.attr_id  WHERE a.type_id = '1' AND ga.goods_id = '27' GROUP BY a.attr_id  [ RunTime:0.0018s ]
SQL: SELECT `attr_id`,`attr_name`,`attr_sel`,`attr_vals` FROM `sp_attribute` WHERE `type_id` = 1  [ RunTime:0.0009s ]
INFO: [ app_end ] --START--
INFO: Run Behavior\ShowPageTraceBehavior [ RunTime:0.001539s ]
INFO: [ app_end ] --END-- [ RunTime:0.001754s ]

[ 2016-08-21T11:28:13+08:00 ] 127.0.0.1 /index.php/Admin/Goods/getAttrInfoByType2?type_id=4&goods_id=27
INFO: [ app_begin ] --START--
INFO: Run Behavior\ReadHtmlCacheBehavior [ RunTime:0.001233s ]
INFO: [ app_begin ] --END-- [ RunTime:0.002641s ]
SQL: SHOW COLUMNS FROM `sp_manager` [ RunTime:0.0127s ]
SQL: SELECT r.role_auth_ac FROM sp_manager m left join sp_role r on m.role_id=r.role_id  WHERE ( m.mg_id='1' ) LIMIT 1   [ RunTime:0.0008s ]
SQL: SHOW COLUMNS FROM `sp_attribute` [ RunTime:0.0114s ]
SQL: SELECT a.attr_id,group_concat(ga.attr_value) attr_values FROM sp_attribute a left join sp_goods_attr ga on a.attr_id=ga.attr_id  WHERE a.type_id = '4' AND ga.goods_id = '27' GROUP BY a.attr_id  [ RunTime:0.0010s ]
SQL: SELECT `attr_id`,`attr_name`,`attr_sel`,`attr_vals` FROM `sp_attribute` WHERE `type_id` = 4  [ RunTime:0.0007s ]
INFO: [ app_end ] --START--
INFO: Run Behavior\ShowPageTraceBehavior [ RunTime:0.001630s ]
INFO: [ app_end ] --END-- [ RunTime:0.001803s ]

[ 2016-08-21T11:28:18+08:00 ] 127.0.0.1 /index.php/Admin/Goods/getAttrInfoByType2?type_id=1&goods_id=27
INFO: [ app_begin ] --START--
INFO: Run Behavior\ReadHtmlCacheBehavior [ RunTime:0.006347s ]
INFO: [ app_begin ] --END-- [ RunTime:0.015567s ]
SQL: SHOW COLUMNS FROM `sp_manager` [ RunTime:0.0086s ]
SQL: SELECT r.role_auth_ac FROM sp_manager m left join sp_role r on m.role_id=r.role_id  WHERE ( m.mg_id='1' ) LIMIT 1   [ RunTime:0.0005s ]
SQL: SHOW COLUMNS FROM `sp_attribute` [ RunTime:0.0071s ]
SQL: SELECT a.attr_id,group_concat(ga.attr_value) attr_values FROM sp_attribute a left join sp_goods_attr ga on a.attr_id=ga.attr_id  WHERE a.type_id = '1' AND ga.goods_id = '27' GROUP BY a.attr_id  [ RunTime:0.0013s ]
SQL: SELECT `attr_id`,`attr_name`,`attr_sel`,`attr_vals` FROM `sp_attribute` WHERE `type_id` = 1  [ RunTime:0.0009s ]
INFO: [ app_end ] --START--
INFO: Run Behavior\ShowPageTraceBehavior [ RunTime:0.001627s ]
INFO: [ app_end ] --END-- [ RunTime:0.001904s ]

[ 2016-08-21T11:28:22+08:00 ] 127.0.0.1 /index.php/Admin/Goods/getAttrInfoByType2?type_id=4&goods_id=27
INFO: [ app_begin ] --START--
INFO: Run Behavior\ReadHtmlCacheBehavior [ RunTime:0.001628s ]
INFO: [ app_begin ] --END-- [ RunTime:0.003023s ]
SQL: SHOW COLUMNS FROM `sp_manager` [ RunTime:0.0097s ]
SQL: SELECT r.role_auth_ac FROM sp_manager m left join sp_role r on m.role_id=r.role_id  WHERE ( m.mg_id='1' ) LIMIT 1   [ RunTime:0.0006s ]
SQL: SHOW COLUMNS FROM `sp_attribute` [ RunTime:0.0076s ]
SQL: SELECT a.attr_id,group_concat(ga.attr_value) attr_values FROM sp_attribute a left join sp_goods_attr ga on a.attr_id=ga.attr_id  WHERE a.type_id = '4' AND ga.goods_id = '27' GROUP BY a.attr_id  [ RunTime:0.0007s ]
SQL: SELECT `attr_id`,`attr_name`,`attr_sel`,`attr_vals` FROM `sp_attribute` WHERE `type_id` = 4  [ RunTime:0.0004s ]
INFO: [ app_end ] --START--
INFO: Run Behavior\ShowPageTraceBehavior [ RunTime:0.001046s ]
INFO: [ app_end ] --END-- [ RunTime:0.001149s ]

[ 2016-08-21T11:28:28+08:00 ] 127.0.0.1 /index.php/Admin/Goods/getAttrInfoByType2?type_id=1&goods_id=27
INFO: [ app_begin ] --START--
INFO: Run Behavior\ReadHtmlCacheBehavior [ RunTime:0.001108s ]
INFO: [ app_begin ] --END-- [ RunTime:0.002092s ]
SQL: SHOW COLUMNS FROM `sp_manager` [ RunTime:0.0106s ]
SQL: SELECT r.role_auth_ac FROM sp_manager m left join sp_role r on m.role_id=r.role_id  WHERE ( m.mg_id='1' ) LIMIT 1   [ RunTime:0.0008s ]
SQL: SHOW COLUMNS FROM `sp_attribute` [ RunTime:0.0095s ]
SQL: SELECT a.attr_id,group_concat(ga.attr_value) attr_values FROM sp_attribute a left join sp_goods_attr ga on a.attr_id=ga.attr_id  WHERE a.type_id = '1' AND ga.goods_id = '27' GROUP BY a.attr_id  [ RunTime:0.0021s ]
SQL: SELECT `attr_id`,`attr_name`,`attr_sel`,`attr_vals` FROM `sp_attribute` WHERE `type_id` = 1  [ RunTime:0.0007s ]
INFO: [ app_end ] --START--
INFO: Run Behavior\ShowPageTraceBehavior [ RunTime:0.001373s ]
INFO: [ app_end ] --END-- [ RunTime:0.001517s ]

[ 2016-08-21T11:47:45+08:00 ] 127.0.0.1 /index.php/Admin/Goods/getAttrInfoByType2?type_id=1&goods_id=27
INFO: [ app_begin ] --START--
INFO: Run Behavior\ReadHtmlCacheBehavior [ RunTime:0.001414s ]
INFO: [ app_begin ] --END-- [ RunTime:0.002957s ]
SQL: SHOW COLUMNS FROM `sp_manager` [ RunTime:0.0105s ]
SQL: SELECT r.role_auth_ac FROM sp_manager m left join sp_role r on m.role_id=r.role_id  WHERE ( m.mg_id='1' ) LIMIT 1   [ RunTime:0.0006s ]
SQL: SHOW COLUMNS FROM `sp_attribute` [ RunTime:0.0122s ]
SQL: SELECT a.attr_id,group_concat(ga.attr_value) attr_values FROM sp_attribute a left join sp_goods_attr ga on a.attr_id=ga.attr_id  WHERE a.type_id = '1' AND ga.goods_id = '27' GROUP BY a.attr_id  [ RunTime:0.0058s ]
SQL: SELECT `attr_id`,`attr_name`,`attr_sel`,`attr_vals` FROM `sp_attribute` WHERE `type_id` = 1  [ RunTime:0.0009s ]
INFO: [ app_end ] --START--
INFO: Run Behavior\ShowPageTraceBehavior [ RunTime:0.001931s ]
INFO: [ app_end ] --END-- [ RunTime:0.002119s ]

[ 2016-08-21T11:48:42+08:00 ] 127.0.0.1 /index.php/Admin/Goods/getAttrInfoByType2?type_id=4&goods_id=27
INFO: [ app_begin ] --START--
INFO: Run Behavior\ReadHtmlCacheBehavior [ RunTime:0.001138s ]
INFO: [ app_begin ] --END-- [ RunTime:0.001913s ]
SQL: SHOW COLUMNS FROM `sp_manager` [ RunTime:0.0102s ]
SQL: SELECT r.role_auth_ac FROM sp_manager m left join sp_role r on m.role_id=r.role_id  WHERE ( m.mg_id='1' ) LIMIT 1   [ RunTime:0.0009s ]
SQL: SHOW COLUMNS FROM `sp_attribute` [ RunTime:0.0105s ]
SQL: SELECT a.attr_id,group_concat(ga.attr_value) attr_values FROM sp_attribute a left join sp_goods_attr ga on a.attr_id=ga.attr_id  WHERE a.type_id = '4' AND ga.goods_id = '27' GROUP BY a.attr_id  [ RunTime:0.0014s ]
SQL: SELECT `attr_id`,`attr_name`,`attr_sel`,`attr_vals` FROM `sp_attribute` WHERE `type_id` = 4  [ RunTime:0.0008s ]
INFO: [ app_end ] --START--
INFO: Run Behavior\ShowPageTraceBehavior [ RunTime:0.001487s ]
INFO: [ app_end ] --END-- [ RunTime:0.001616s ]

[ 2016-08-21T11:52:42+08:00 ] 127.0.0.1 /index.php/Admin/Goods/getAttrInfoByType2?type_id=1&goods_id=27
INFO: [ app_begin ] --START--
INFO: Run Behavior\ReadHtmlCacheBehavior [ RunTime:0.002021s ]
INFO: [ app_begin ] --END-- [ RunTime:0.003344s ]
SQL: SHOW COLUMNS FROM `sp_manager` [ RunTime:0.0115s ]
SQL: SELECT r.role_auth_ac FROM sp_manager m left join sp_role r on m.role_id=r.role_id  WHERE ( m.mg_id='1' ) LIMIT 1   [ RunTime:0.0006s ]
SQL: SHOW COLUMNS FROM `sp_attribute` [ RunTime:0.0114s ]
SQL: SELECT a.attr_id,group_concat(ga.attr_value) attr_values FROM sp_attribute a left join sp_goods_attr ga on a.attr_id=ga.attr_id  WHERE a.type_id = '1' AND ga.goods_id = '27' GROUP BY a.attr_id  [ RunTime:0.0018s ]
SQL: SELECT `attr_id`,`attr_name`,`attr_sel`,`attr_vals` FROM `sp_attribute` WHERE `type_id` = 1  [ RunTime:0.0007s ]
INFO: [ app_end ] --START--
INFO: Run Behavior\ShowPageTraceBehavior [ RunTime:0.001826s ]
INFO: [ app_end ] --END-- [ RunTime:0.001999s ]

[ 2016-08-21T11:52:46+08:00 ] 127.0.0.1 /index.php/Admin/Goods/getAttrInfoByType2?type_id=4&goods_id=27
INFO: [ app_begin ] --START--
INFO: Run Behavior\ReadHtmlCacheBehavior [ RunTime:0.001780s ]
INFO: [ app_begin ] --END-- [ RunTime:0.003171s ]
SQL: SHOW COLUMNS FROM `sp_manager` [ RunTime:0.0097s ]
SQL: SELECT r.role_auth_ac FROM sp_manager m left join sp_role r on m.role_id=r.role_id  WHERE ( m.mg_id='1' ) LIMIT 1   [ RunTime:0.0005s ]
SQL: SHOW COLUMNS FROM `sp_attribute` [ RunTime:0.0075s ]
SQL: SELECT a.attr_id,group_concat(ga.attr_value) attr_values FROM sp_attribute a left join sp_goods_attr ga on a.attr_id=ga.attr_id  WHERE a.type_id = '4' AND ga.goods_id = '27' GROUP BY a.attr_id  [ RunTime:0.0012s ]
SQL: SELECT `attr_id`,`attr_name`,`attr_sel`,`attr_vals` FROM `sp_attribute` WHERE `type_id` = 4  [ RunTime:0.0005s ]
INFO: [ app_end ] --START--
INFO: Run Behavior\ShowPageTraceBehavior [ RunTime:0.002073s ]
INFO: [ app_end ] --END-- [ RunTime:0.002203s ]

[ 2016-08-21T11:55:44+08:00 ] 127.0.0.1 /index.php/Admin/Goods/getAttrInfoByType2?type_id=4&goods_id=27
INFO: [ app_begin ] --START--
INFO: Run Behavior\ReadHtmlCacheBehavior [ RunTime:0.002360s ]
INFO: [ app_begin ] --END-- [ RunTime:0.003731s ]
SQL: SHOW COLUMNS FROM `sp_manager` [ RunTime:0.0126s ]
SQL: SELECT r.role_auth_ac FROM sp_manager m left join sp_role r on m.role_id=r.role_id  WHERE ( m.mg_id='1' ) LIMIT 1   [ RunTime:0.0008s ]
SQL: SHOW COLUMNS FROM `sp_attribute` [ RunTime:0.0154s ]
SQL: SELECT a.attr_id,group_concat(ga.attr_value) attr_values FROM sp_attribute a left join sp_goods_attr ga on a.attr_id=ga.attr_id  WHERE a.type_id = '4' AND ga.goods_id = '27' GROUP BY a.attr_id  [ RunTime:0.0014s ]
SQL: SELECT `attr_id`,`attr_name`,`attr_sel`,`attr_vals` FROM `sp_attribute` WHERE `type_id` = 4  [ RunTime:0.0007s ]
INFO: [ app_end ] --START--
INFO: Run Behavior\ShowPageTraceBehavior [ RunTime:0.002499s ]
INFO: [ app_end ] --END-- [ RunTime:0.002666s ]

[ 2016-08-21T11:55:46+08:00 ] 127.0.0.1 /index.php/Admin/Goods/getAttrInfoByType2?type_id=1&goods_id=27
INFO: [ app_begin ] --START--
INFO: Run Behavior\ReadHtmlCacheBehavior [ RunTime:0.001747s ]
INFO: [ app_begin ] --END-- [ RunTime:0.002845s ]
SQL: SHOW COLUMNS FROM `sp_manager` [ RunTime:0.0096s ]
SQL: SELECT r.role_auth_ac FROM sp_manager m left join sp_role r on m.role_id=r.role_id  WHERE ( m.mg_id='1' ) LIMIT 1   [ RunTime:0.0006s ]
SQL: SHOW COLUMNS FROM `sp_attribute` [ RunTime:0.0125s ]
SQL: SELECT a.attr_id,group_concat(ga.attr_value) attr_values FROM sp_attribute a left join sp_goods_attr ga on a.attr_id=ga.attr_id  WHERE a.type_id = '1' AND ga.goods_id = '27' GROUP BY a.attr_id  [ RunTime:0.0014s ]
SQL: SELECT `attr_id`,`attr_name`,`attr_sel`,`attr_vals` FROM `sp_attribute` WHERE `type_id` = 1  [ RunTime:0.0007s ]
INFO: [ app_end ] --START--
INFO: Run Behavior\ShowPageTraceBehavior [ RunTime:0.002123s ]
INFO: [ app_end ] --END-- [ RunTime:0.002296s ]

[ 2016-08-21T11:55:51+08:00 ] 127.0.0.1 /index.php/Admin/Goods/getAttrInfoByType2?type_id=4&goods_id=27
INFO: [ app_begin ] --START--
INFO: Run Behavior\ReadHtmlCacheBehavior [ RunTime:0.002011s ]
INFO: [ app_begin ] --END-- [ RunTime:0.003518s ]
SQL: SHOW COLUMNS FROM `sp_manager` [ RunTime:0.0105s ]
SQL: SELECT r.role_auth_ac FROM sp_manager m left join sp_role r on m.role_id=r.role_id  WHERE ( m.mg_id='1' ) LIMIT 1   [ RunTime:0.0006s ]
SQL: SHOW COLUMNS FROM `sp_attribute` [ RunTime:0.0118s ]
SQL: SELECT a.attr_id,group_concat(ga.attr_value) attr_values FROM sp_attribute a left join sp_goods_attr ga on a.attr_id=ga.attr_id  WHERE a.type_id = '4' AND ga.goods_id = '27' GROUP BY a.attr_id  [ RunTime:0.0011s ]
SQL: SELECT `attr_id`,`attr_name`,`attr_sel`,`attr_vals` FROM `sp_attribute` WHERE `type_id` = 4  [ RunTime:0.0006s ]
INFO: [ app_end ] --START--
INFO: Run Behavior\ShowPageTraceBehavior [ RunTime:0.002185s ]
INFO: [ app_end ] --END-- [ RunTime:0.002381s ]

[ 2016-08-21T11:56:15+08:00 ] 127.0.0.1 /index.php/Admin/Goods/getAttrInfoByType2?type_id=1&goods_id=27
INFO: [ app_begin ] --START--
INFO: Run Behavior\ReadHtmlCacheBehavior [ RunTime:0.002208s ]
INFO: [ app_begin ] --END-- [ RunTime:0.003558s ]
SQL: SHOW COLUMNS FROM `sp_manager` [ RunTime:0.0099s ]
SQL: SELECT r.role_auth_ac FROM sp_manager m left join sp_role r on m.role_id=r.role_id  WHERE ( m.mg_id='1' ) LIMIT 1   [ RunTime:0.0015s ]
SQL: SHOW COLUMNS FROM `sp_attribute` [ RunTime:0.0094s ]
SQL: SELECT a.attr_id,group_concat(ga.attr_value) attr_values FROM sp_attribute a left join sp_goods_attr ga on a.attr_id=ga.attr_id  WHERE a.type_id = '1' AND ga.goods_id = '27' GROUP BY a.attr_id  [ RunTime:0.0013s ]
SQL: SELECT `attr_id`,`attr_name`,`attr_sel`,`attr_vals` FROM `sp_attribute` WHERE `type_id` = 1  [ RunTime:0.0006s ]
INFO: [ app_end ] --START--
INFO: Run Behavior\ShowPageTraceBehavior [ RunTime:0.001482s ]
INFO: [ app_end ] --END-- [ RunTime:0.001603s ]

[ 2016-08-21T11:56:39+08:00 ] 127.0.0.1 /index.php/Admin/Goods/getAttrInfoByType2?type_id=1&goods_id=27
INFO: [ app_begin ] --START--
INFO: Run Behavior\ReadHtmlCacheBehavior [ RunTime:0.006860s ]
INFO: [ app_begin ] --END-- [ RunTime:0.008125s ]
SQL: SHOW COLUMNS FROM `sp_manager` [ RunTime:0.0108s ]
SQL: SELECT r.role_auth_ac FROM sp_manager m left join sp_role r on m.role_id=r.role_id  WHERE ( m.mg_id='1' ) LIMIT 1   [ RunTime:0.0013s ]
SQL: SHOW COLUMNS FROM `sp_attribute` [ RunTime:0.0126s ]
SQL: SELECT a.attr_id,group_concat(ga.attr_value) attr_values FROM sp_attribute a left join sp_goods_attr ga on a.attr_id=ga.attr_id  WHERE a.type_id = '1' AND ga.goods_id = '27' GROUP BY a.attr_id  [ RunTime:0.0067s ]
SQL: SELECT `attr_id`,`attr_name`,`attr_sel`,`attr_vals` FROM `sp_attribute` WHERE `type_id` = 1  [ RunTime:0.0010s ]
INFO: [ app_end ] --START--
INFO: Run Behavior\ShowPageTraceBehavior [ RunTime:0.002236s ]
INFO: [ app_end ] --END-- [ RunTime:0.002394s ]

[ 2016-08-21T15:49:50+08:00 ] 127.0.0.1 /index.php/Admin
INFO: [ view_parse ] --START--
INFO: [ template_filter ] --START--
INFO: Run Behavior\ContentReplaceBehavior [ RunTime:0.000071s ]
INFO: [ template_filter ] --END-- [ RunTime:0.000190s ]
INFO: Run Behavior\ParseTemplateBehavior [ RunTime:0.011504s ]
INFO: [ view_parse ] --END-- [ RunTime:0.012402s ]
INFO: [ view_filter ] --START--
INFO: Run Behavior\WriteHtmlCacheBehavior [ RunTime:0.001118s ]
INFO: [ view_filter ] --END-- [ RunTime:0.001359s ]
NOTIC: [2] Cannot modify header information - headers already sent by (output started at E:\web\php48\shop\Tools\AdminController.class.php:29) E:\web\php48\ThinkPHP\Library\Think\View.class.php 第 91 行.
NOTIC: [2] Cannot modify header information - headers already sent by (output started at E:\web\php48\shop\Tools\AdminController.class.php:29) E:\web\php48\ThinkPHP\Library\Think\View.class.php 第 92 行.
NOTIC: [2] Cannot modify header information - headers already sent by (output started at E:\web\php48\shop\Tools\AdminController.class.php:29) E:\web\php48\ThinkPHP\Library\Think\View.class.php 第 93 行.
INFO: [ app_end ] --START--
INFO: Run Behavior\ShowPageTraceBehavior [ RunTime:0.001480s ]
INFO: [ app_end ] --END-- [ RunTime:0.001622s ]

[ 2016-08-21T15:49:57+08:00 ] 127.0.0.1 /index.php/Admin/Index/index.html
INFO: [ view_parse ] --START--
INFO: [ template_filter ] --START--
INFO: Run Behavior\ContentReplaceBehavior [ RunTime:0.000114s ]
INFO: [ template_filter ] --END-- [ RunTime:0.000319s ]
INFO: Run Behavior\ParseTemplateBehavior [ RunTime:0.022702s ]
INFO: [ view_parse ] --END-- [ RunTime:0.024481s ]
INFO: [ view_filter ] --START--
INFO: Run Behavior\WriteHtmlCacheBehavior [ RunTime:0.000748s ]
INFO: [ view_filter ] --END-- [ RunTime:0.000852s ]
INFO: [ app_end ] --START--
INFO: Run Behavior\ShowPageTraceBehavior [ RunTime:0.002801s ]
INFO: [ app_end ] --END-- [ RunTime:0.002930s ]

[ 2016-08-21T15:49:57+08:00 ] 127.0.0.1 /index.php/Admin/Index/head.html
INFO: [ view_parse ] --START--
INFO: [ template_filter ] --START--
INFO: Run Behavior\ContentReplaceBehavior [ RunTime:0.000177s ]
INFO: [ template_filter ] --END-- [ RunTime:0.000333s ]
INFO: Run Behavior\ParseTemplateBehavior [ RunTime:0.022029s ]
INFO: [ view_parse ] --END-- [ RunTime:0.034059s ]
INFO: [ view_filter ] --START--
INFO: Run Behavior\WriteHtmlCacheBehavior [ RunTime:0.000519s ]
INFO: [ view_filter ] --END-- [ RunTime:0.000613s ]
INFO: [ app_end ] --START--
INFO: Run Behavior\ShowPageTraceBehavior [ RunTime:0.000918s ]
INFO: [ app_end ] --END-- [ RunTime:0.001015s ]

[ 2016-08-21T15:49:57+08:00 ] 127.0.0.1 /index.php/Admin/Index/center.html
INFO: [ view_parse ] --START--
INFO: [ template_filter ] --START--
INFO: Run Behavior\ContentReplaceBehavior [ RunTime:0.000112s ]
INFO: [ template_filter ] --END-- [ RunTime:0.000297s ]
INFO: Run Behavior\ParseTemplateBehavior [ RunTime:0.038869s ]
INFO: [ view_parse ] --END-- [ RunTime:0.040228s ]
INFO: [ view_filter ] --START--
INFO: Run Behavior\WriteHtmlCacheBehavior [ RunTime:0.001740s ]
INFO: [ view_filter ] --END-- [ RunTime:0.001931s ]
INFO: [ app_end ] --START--
INFO: Run Behavior\ShowPageTraceBehavior [ RunTime:0.003048s ]
INFO: [ app_end ] --END-- [ RunTime:0.003254s ]

[ 2016-08-21T15:49:57+08:00 ] 127.0.0.1 /index.php/Admin/Index/down.html
INFO: [ view_parse ] --START--
INFO: [ template_filter ] --START--
INFO: Run Behavior\ContentReplaceBehavior [ RunTime:0.000113s ]
INFO: [ template_filter ] --END-- [ RunTime:0.000290s ]
INFO: Run Behavior\ParseTemplateBehavior [ RunTime:0.037392s ]
INFO: [ view_parse ] --END-- [ RunTime:0.039001s ]
INFO: [ view_filter ] --START--
INFO: Run Behavior\WriteHtmlCacheBehavior [ RunTime:0.000912s ]
INFO: [ view_filter ] --END-- [ RunTime:0.001119s ]
INFO: [ app_end ] --START--
INFO: Run Behavior\ShowPageTraceBehavior [ RunTime:0.001781s ]
INFO: [ app_end ] --END-- [ RunTime:0.001969s ]

[ 2016-08-21T15:50:02+08:00 ] 127.0.0.1 /index.php/Admin/Goods/getAttrInfoByType2?type_id=1&goods_id=27
INFO: [ app_begin ] --START--
INFO: Run Behavior\ReadHtmlCacheBehavior [ RunTime:0.001401s ]
INFO: [ app_begin ] --END-- [ RunTime:0.002515s ]
SQL: SHOW COLUMNS FROM `sp_manager` [ RunTime:0.0117s ]
SQL: SELECT r.role_auth_ac FROM sp_manager m left join sp_role r on m.role_id=r.role_id  WHERE ( m.mg_id='1' ) LIMIT 1   [ RunTime:0.0010s ]
SQL: SHOW COLUMNS FROM `sp_attribute` [ RunTime:0.0119s ]
SQL: SELECT a.attr_id,group_concat(ga.attr_value) attr_values FROM sp_attribute a left join sp_goods_attr ga on a.attr_id=ga.attr_id  WHERE a.type_id = '1' AND ga.goods_id = '27' GROUP BY a.attr_id  [ RunTime:0.0034s ]
SQL: SELECT `attr_id`,`attr_name`,`attr_sel`,`attr_vals` FROM `sp_attribute` WHERE `type_id` = 1  [ RunTime:0.0007s ]
INFO: [ app_end ] --START--
INFO: Run Behavior\ShowPageTraceBehavior [ RunTime:0.001564s ]
INFO: [ app_end ] --END-- [ RunTime:0.001724s ]

[ 2016-08-21T15:50:49+08:00 ] 127.0.0.1 /index.php/Admin/Goods/getAttrInfoByType2?type_id=1&goods_id=27
INFO: [ app_begin ] --START--
INFO: Run Behavior\ReadHtmlCacheBehavior [ RunTime:0.001841s ]
INFO: [ app_begin ] --END-- [ RunTime:0.003111s ]
SQL: SHOW COLUMNS FROM `sp_manager` [ RunTime:0.0128s ]
SQL: SELECT r.role_auth_ac FROM sp_manager m left join sp_role r on m.role_id=r.role_id  WHERE ( m.mg_id='1' ) LIMIT 1   [ RunTime:0.0017s ]
SQL: SHOW COLUMNS FROM `sp_attribute` [ RunTime:0.0121s ]
SQL: SELECT a.attr_id,group_concat(ga.attr_value) attr_values FROM sp_attribute a left join sp_goods_attr ga on a.attr_id=ga.attr_id  WHERE a.type_id = '1' AND ga.goods_id = '27' GROUP BY a.attr_id  [ RunTime:0.0043s ]
SQL: SELECT `attr_id`,`attr_name`,`attr_sel`,`attr_vals` FROM `sp_attribute` WHERE `type_id` = 1  [ RunTime:0.0008s ]
INFO: [ app_end ] --START--
INFO: Run Behavior\ShowPageTraceBehavior [ RunTime:0.001719s ]
INFO: [ app_end ] --END-- [ RunTime:0.001885s ]

[ 2016-08-21T16:20:24+08:00 ] 127.0.0.1 /index.php/Admin/Goods/getAttrInfoByType2?type_id=1&goods_id=27
INFO: [ app_begin ] --START--
INFO: Run Behavior\ReadHtmlCacheBehavior [ RunTime:0.001683s ]
INFO: [ app_begin ] --END-- [ RunTime:0.002958s ]
SQL: SHOW COLUMNS FROM `sp_manager` [ RunTime:0.0116s ]
SQL: SELECT r.role_auth_ac FROM sp_manager m left join sp_role r on m.role_id=r.role_id  WHERE ( m.mg_id='1' ) LIMIT 1   [ RunTime:0.0011s ]
SQL: SHOW COLUMNS FROM `sp_attribute` [ RunTime:0.0099s ]
SQL: SELECT a.attr_id,group_concat(ga.attr_value) attr_values FROM sp_attribute a left join sp_goods_attr ga on a.attr_id=ga.attr_id  WHERE a.type_id = '1' AND ga.goods_id = '27' GROUP BY a.attr_id  [ RunTime:0.0025s ]
SQL: SELECT `attr_id`,`attr_name`,`attr_sel`,`attr_vals` FROM `sp_attribute` WHERE `type_id` = 1  [ RunTime:0.0009s ]
INFO: [ app_end ] --START--
INFO: Run Behavior\ShowPageTraceBehavior [ RunTime:0.003591s ]
INFO: [ app_end ] --END-- [ RunTime:0.004045s ]

[ 2016-08-21T16:25:51+08:00 ] 127.0.0.1 /index.php/Admin/Goods/getAttrInfoByType2?type_id=1&goods_id=27
INFO: [ app_begin ] --START--
INFO: Run Behavior\ReadHtmlCacheBehavior [ RunTime:0.003419s ]
INFO: [ app_begin ] --END-- [ RunTime:0.004676s ]
SQL: SHOW COLUMNS FROM `sp_manager` [ RunTime:0.0090s ]
SQL: SELECT r.role_auth_ac FROM sp_manager m left join sp_role r on m.role_id=r.role_id  WHERE ( m.mg_id='1' ) LIMIT 1   [ RunTime:0.0016s ]
SQL: SHOW COLUMNS FROM `sp_attribute` [ RunTime:0.0112s ]
SQL: SELECT a.attr_id,group_concat(ga.attr_value) attr_values FROM sp_attribute a left join sp_goods_attr ga on a.attr_id=ga.attr_id  WHERE a.type_id = '1' AND ga.goods_id = '27' GROUP BY a.attr_id  [ RunTime:0.0052s ]
SQL: SELECT `attr_id`,`attr_name`,`attr_sel`,`attr_vals` FROM `sp_attribute` WHERE `type_id` = 1  [ RunTime:0.0012s ]
INFO: [ app_end ] --START--
INFO: Run Behavior\ShowPageTraceBehavior [ RunTime:0.002127s ]
INFO: [ app_end ] --END-- [ RunTime:0.002329s ]

[ 2016-08-21T16:27:40+08:00 ] 127.0.0.1 /index.php/Admin/Goods/getAttrInfoByType2?type_id=1&goods_id=27
INFO: [ app_begin ] --START--
INFO: Run Behavior\ReadHtmlCacheBehavior [ RunTime:0.002174s ]
INFO: [ app_begin ] --END-- [ RunTime:0.022990s ]
SQL: SHOW COLUMNS FROM `sp_manager` [ RunTime:0.0090s ]
SQL: SELECT r.role_auth_ac FROM sp_manager m left join sp_role r on m.role_id=r.role_id  WHERE ( m.mg_id='1' ) LIMIT 1   [ RunTime:0.0013s ]
SQL: SHOW COLUMNS FROM `sp_attribute` [ RunTime:0.0115s ]
SQL: SELECT a.attr_id,group_concat(ga.attr_value) attr_values FROM sp_attribute a left join sp_goods_attr ga on a.attr_id=ga.attr_id  WHERE a.type_id = '1' AND ga.goods_id = '27' GROUP BY a.attr_id  [ RunTime:0.0018s ]
SQL: SELECT `attr_id`,`attr_name`,`attr_sel`,`attr_vals` FROM `sp_attribute` WHERE `type_id` = 1  [ RunTime:0.0007s ]
INFO: [ app_end ] --START--
INFO: Run Behavior\ShowPageTraceBehavior [ RunTime:0.001984s ]
INFO: [ app_end ] --END-- [ RunTime:0.002142s ]

[ 2016-08-21T16:35:17+08:00 ] 127.0.0.1 /index.php/Admin/Goods/getAttrInfoByType2?type_id=1&goods_id=27
INFO: [ app_begin ] --START--
INFO: Run Behavior\ReadHtmlCacheBehavior [ RunTime:0.001382s ]
INFO: [ app_begin ] --END-- [ RunTime:0.002712s ]
SQL: SHOW COLUMNS FROM `sp_manager` [ RunTime:0.0082s ]
SQL: SELECT r.role_auth_ac FROM sp_manager m left join sp_role r on m.role_id=r.role_id  WHERE ( m.mg_id='1' ) LIMIT 1   [ RunTime:0.0006s ]
SQL: SHOW COLUMNS FROM `sp_attribute` [ RunTime:0.0097s ]
SQL: SELECT a.attr_id,group_concat(ga.attr_value) attr_values FROM sp_attribute a left join sp_goods_attr ga on a.attr_id=ga.attr_id  WHERE a.type_id = '1' AND ga.goods_id = '27' GROUP BY a.attr_id  [ RunTime:0.0013s ]
SQL: SELECT `attr_id`,`attr_name`,`attr_sel`,`attr_vals` FROM `sp_attribute` WHERE `type_id` = 1  [ RunTime:0.0006s ]
INFO: [ app_end ] --START--
INFO: Run Behavior\ShowPageTraceBehavior [ RunTime:0.001529s ]
INFO: [ app_end ] --END-- [ RunTime:0.001696s ]

[ 2016-08-21T16:48:44+08:00 ] 127.0.0.1 /index.php/Admin/Goods/getAttrInfoByType2?type_id=1&goods_id=27
INFO: [ app_begin ] --START--
INFO: Run Behavior\ReadHtmlCacheBehavior [ RunTime:0.002330s ]
INFO: [ app_begin ] --END-- [ RunTime:0.006256s ]
SQL: SHOW COLUMNS FROM `sp_manager` [ RunTime:0.0117s ]
SQL: SELECT r.role_auth_ac FROM sp_manager m left join sp_role r on m.role_id=r.role_id  WHERE ( m.mg_id='1' ) LIMIT 1   [ RunTime:0.0008s ]
SQL: SHOW COLUMNS FROM `sp_attribute` [ RunTime:0.0107s ]
SQL: SELECT a.attr_id,group_concat(ga.attr_value) attr_values FROM sp_attribute a left join sp_goods_attr ga on a.attr_id=ga.attr_id  WHERE a.type_id = '1' AND ga.goods_id = '27' GROUP BY a.attr_id  [ RunTime:0.0017s ]
SQL: SELECT `attr_id`,`attr_name`,`attr_sel`,`attr_vals` FROM `sp_attribute` WHERE `type_id` = 1  [ RunTime:0.0007s ]
INFO: [ app_end ] --START--
INFO: Run Behavior\ShowPageTraceBehavior [ RunTime:0.002411s ]
INFO: [ app_end ] --END-- [ RunTime:0.002735s ]

